#
# A fatal error has been detected by the Java Runtime Environment:
#
#  SIGSEGV (0xb) at pc=0x00007fff20216bdd, pid=56266, tid=65283
#
# JRE version: OpenJDK Runtime Environment Temurin-11.0.12+7 (11.0.12+7) (build 11.0.12+7)
# Java VM: OpenJDK 64-Bit Server VM Temurin-11.0.12+7 (11.0.12+7, mixed mode, tiered, compressed oops, g1 gc, bsd-amd64)
# Problematic frame:
# C  [libobjc.A.dylib+0x6bdd]  objc_msgSend+0x1d
#
# No core dump will be written. Core dumps have been disabled. To enable core dumping, try "ulimit -c unlimited" before starting Java again
#
# If you would like to submit a bug report, please visit:
#   https://github.com/adoptium/adoptium-support/issues
# The crash happened outside the Java Virtual Machine in native code.
# See problematic frame for where to report the bug.
#

---------------  S U M M A R Y ------------

Command Line: -Dfile.encoding=UTF-8 com.cs196.midcard.desktop.DesktopLauncher

Host: MacBookPro17,1 x86_64 2400 MHz, 8 cores, 8G, Darwin 20.1.0
Time: Fri Oct 29 14:15:32 2021 CDT elapsed time: 36.902457 seconds (0d 0h 0m 36s)

---------------  T H R E A D  ---------------

Current thread (0x00007f975b50b000):  JavaThread "LWJGL Application" [_thread_in_native, id=65283, stack(0x00000003061d6000,0x00000003062d6000)]

Stack: [0x00000003061d6000,0x00000003062d6000],  sp=0x00000003062d51b8,  free space=1020k
Native frames: (J=compiled Java code, A=aot compiled Java code, j=interpreted, Vv=VM code, C=native code)
C  [libobjc.A.dylib+0x6bdd]  objc_msgSend+0x1d
C  [AppleMetalGLRenderer+0x2cdd9]  _ZN13GLDContextRec25buildRenderPassDescriptorEv+0x1a5
C  [AppleMetalGLRenderer+0x2d424]  _ZN13GLDContextRec15beginRenderPassEv+0x24
C  [AppleMetalGLRenderer+0x42c87]  _ZL23gldBeginPrimitiveBufferP13GLDContextRecjPi+0x106
C  [GLEngine+0x105af0]  gleBeginPrimitiveTCLFunc+0x48
C  [GLEngine+0xcb2cf]  glDrawElements_IMM_Exec+0x35e
J 973  org.lwjgl.opengl.GL11.nglDrawElements(IIIJJ)V (0 bytes) @ 0x000000011ec9d098 [0x000000011ec9cfc0+0x00000000000000d8]
J 933 c1 org.lwjgl.opengl.GL11.glDrawElements(ILjava/nio/ShortBuffer;)V (38 bytes) @ 0x00000001178bf384 [0x00000001178beb60+0x0000000000000824]
J 940 c1 com.badlogic.gdx.backends.lwjgl.LwjglGL20.glDrawElements(IIILjava/nio/Buffer;)V (124 bytes) @ 0x00000001178c3604 [0x00000001178c2640+0x0000000000000fc4]
J 912 c1 com.badlogic.gdx.graphics.Mesh.render(Lcom/badlogic/gdx/graphics/glutils/ShaderProgram;IIIZ)V (341 bytes) @ 0x00000001178afc6c [0x00000001178af5e0+0x000000000000068c]
J 1081 c2 com.badlogic.gdx.graphics.g2d.SpriteBatch.flush()V (193 bytes) @ 0x000000011eca7ee8 [0x000000011eca7ae0+0x0000000000000408]
J 969 c1 com.badlogic.gdx.graphics.g2d.SpriteBatch.draw(Lcom/badlogic/gdx/graphics/Texture;FFFF)V (279 bytes) @ 0x00000001178d54dc [0x00000001178d5280+0x000000000000025c]
J 968 c1 com.cs196.midcard.Player.draw(Lcom/badlogic/gdx/graphics/g2d/SpriteBatch;)V (37 bytes) @ 0x00000001178d6aec [0x00000001178d6a40+0x00000000000000ac]
J 1040 c1 com.cs196.midcard.GameScreen.render(F)V (58 bytes) @ 0x00000001179030a4 [0x0000000117902da0+0x0000000000000304]
J 1039 c1 com.cs196.midcard.MidCard.render()V (16 bytes) @ 0x000000011790292c [0x00000001179027e0+0x000000000000014c]
j  com.badlogic.gdx.backends.lwjgl.LwjglApplication.mainLoop()V+776
j  com.badlogic.gdx.backends.lwjgl.LwjglApplication$1.run()V+27
v  ~StubRoutines::call_stub
V  [libjvm.dylib+0x3b910e]  _ZN9JavaCalls11call_helperEP9JavaValueRK12methodHandleP17JavaCallArgumentsP6Thread+0x21a
V  [libjvm.dylib+0x3b8558]  _ZN9JavaCalls12call_virtualEP9JavaValueP5KlassP6SymbolS5_P17JavaCallArgumentsP6Thread+0xee
V  [libjvm.dylib+0x3b8614]  _ZN9JavaCalls12call_virtualEP9JavaValue6HandleP5KlassP6SymbolS6_P6Thread+0x62
V  [libjvm.dylib+0x43f4e6]  _ZL12thread_entryP10JavaThreadP6Thread+0x78
V  [libjvm.dylib+0x77dbc6]  _ZN10JavaThread17thread_main_innerEv+0x82
V  [libjvm.dylib+0x77da10]  _ZN10JavaThread3runEv+0x174
V  [libjvm.dylib+0x77b8ec]  _ZN6Thread8call_runEv+0x68
V  [libjvm.dylib+0x62a3c1]  _ZL19thread_native_entryP6Thread+0x139
C  [libsystem_pthread.dylib+0x6950]  _pthread_start+0xe0
C  [libsystem_pthread.dylib+0x247b]  thread_start+0xf

Java frames: (J=compiled Java code, j=interpreted, Vv=VM code)
J 973  org.lwjgl.opengl.GL11.nglDrawElements(IIIJJ)V (0 bytes) @ 0x000000011ec9d01e [0x000000011ec9cfc0+0x000000000000005e]
J 933 c1 org.lwjgl.opengl.GL11.glDrawElements(ILjava/nio/ShortBuffer;)V (38 bytes) @ 0x00000001178bf384 [0x00000001178beb60+0x0000000000000824]
J 940 c1 com.badlogic.gdx.backends.lwjgl.LwjglGL20.glDrawElements(IIILjava/nio/Buffer;)V (124 bytes) @ 0x00000001178c3604 [0x00000001178c2640+0x0000000000000fc4]
J 912 c1 com.badlogic.gdx.graphics.Mesh.render(Lcom/badlogic/gdx/graphics/glutils/ShaderProgram;IIIZ)V (341 bytes) @ 0x00000001178afc6c [0x00000001178af5e0+0x000000000000068c]
J 1081 c2 com.badlogic.gdx.graphics.g2d.SpriteBatch.flush()V (193 bytes) @ 0x000000011eca7ee8 [0x000000011eca7ae0+0x0000000000000408]
J 969 c1 com.badlogic.gdx.graphics.g2d.SpriteBatch.draw(Lcom/badlogic/gdx/graphics/Texture;FFFF)V (279 bytes) @ 0x00000001178d54dc [0x00000001178d5280+0x000000000000025c]
J 968 c1 com.cs196.midcard.Player.draw(Lcom/badlogic/gdx/graphics/g2d/SpriteBatch;)V (37 bytes) @ 0x00000001178d6aec [0x00000001178d6a40+0x00000000000000ac]
J 1040 c1 com.cs196.midcard.GameScreen.render(F)V (58 bytes) @ 0x00000001179030a4 [0x0000000117902da0+0x0000000000000304]
J 1039 c1 com.cs196.midcard.MidCard.render()V (16 bytes) @ 0x000000011790292c [0x00000001179027e0+0x000000000000014c]
j  com.badlogic.gdx.backends.lwjgl.LwjglApplication.mainLoop()V+776
j  com.badlogic.gdx.backends.lwjgl.LwjglApplication$1.run()V+27
v  ~StubRoutines::call_stub

siginfo: si_signo: 11 (SIGSEGV), si_code: 2 (SEGV_ACCERR), si_addr: 0x000007f973b689b8

Register to memory mapping:

RAX=0x00007f976ac5c638 points into unknown readable memory: 0x0000000100000000 | 00 00 00 00 01 00 00 00
RBX=0x0 is NULL
RCX=0x0 is NULL
RDX=0x000000000000ff03 is an unknown value
RSP=0x00000003062d51b8 is pointing into the stack for thread: 0x00007f975b50b000
RBP=0x00000003062d5200 is pointing into the stack for thread: 0x00007f975b50b000
RSI=0x00007fff7c4af253: GCC_except_table772+0x5c26997f in /usr/lib/libobjc.A.dylib at 0x00007fff20210000
RDI=0x00007f973b6847a0 points into unknown readable memory: 0x4000000000000000 | 00 00 00 00 00 00 00 40
R8 =0x0 is NULL
R9 =0x0000000000000002 is an unknown value
R10=0x000007f973b689a0 is an unknown value
R11=0x00007fff7c4af253: GCC_except_table772+0x5c26997f in /usr/lib/libobjc.A.dylib at 0x00007fff20210000
R12=0x00007f976ac70850 points into unknown readable memory: 0x011dffff89096f61 | 61 6f 09 89 ff ff 1d 01
R13=0x00007f976ac5c44c points into unknown readable memory: 02 ff 00 00
R14=0x00007f973b689a50 points into unknown readable memory: 0x686970746d6c6f63 | 63 6f 6c 6d 74 70 69 68
R15=0x00007f976ac5c410 points into unknown readable memory: 0x00000001358f24b0 | b0 24 8f 35 01 00 00 00


Registers:
RAX=0x00007f976ac5c638, RBX=0x0000000000000000, RCX=0x0000000000000000, RDX=0x000000000000ff03
RSP=0x00000003062d51b8, RBP=0x00000003062d5200, RSI=0x00007fff7c4af253, RDI=0x00007f973b6847a0
R8 =0x0000000000000000, R9 =0x0000000000000002, R10=0x000007f973b689a0, R11=0x00007fff7c4af253
R12=0x00007f976ac70850, R13=0x00007f976ac5c44c, R14=0x00007f973b689a50, R15=0x00007f976ac5c410
RIP=0x00007fff20216bdd, EFLAGS=0x0000000000000247, ERR=0x0000000000000004
  TRAPNO=0x000000000000000e

Top of Stack: (sp=0x00000003062d51b8)
0x00000003062d51b8:   00000001358aaf59 0000000000000001
0x00000003062d51c8:   0000000008641000 0000000000000000
0x00000003062d51d8:   00007fff20216bc0 00007f976ac70850
0x00000003062d51e8:   0000000000000000 00007f976119aa68
0x00000003062d51f8:   00007f976119acb8 00000003062d52d0
0x00000003062d5208:   00000001358b4dd9 000000015b4f4400
0x00000003062d5218:   00007f975b4f4400 00007f9761190000
0x00000003062d5228:   00007fff28570088 00007f973b75d0e0
0x00000003062d5238:   00007f9761190000 00007fff89053000
0x00000003062d5248:   00007f976ac704c0 00007fff2866fcc3
0x00000003062d5258:   00007fff7c4b8143 00007fff7d903fd2
0x00000003062d5268:   00007fff7c4afb12 00007fff7cdd2cb5
0x00000003062d5278:   00007fff7c4ff919 00007fff7c4b9f7c
0x00000003062d5288:   00007fff7c4b8134 00007f976119acb8
0x00000003062d5298:   00007fff7c4afaf7 00007f9761190000
0x00000003062d52a8:   00007f9761190000 00007f9761190000
0x00000003062d52b8:   00007f975b4f7200 00000003062d5344
0x00000003062d52c8:   00007f976119b440 00000003062d5300
0x00000003062d52d8:   00000001358b5424 0000000000000000
0x00000003062d52e8:   000000000000000c 00000003062d5344
0x00000003062d52f8:   00007f976119b440 00000003062d5330
0x00000003062d5308:   00000001358cac87 00007f9761180000
0x00000003062d5318:   00007f9761180000 00000003062d5344
0x00000003062d5328:   0000000000000014 00000003062d5360
0x00000003062d5338:   00007fff6b9fdaf0 0000000c00000004
0x00000003062d5348:   0000000000000006 0000000000000004
0x00000003062d5358:   00007f975b50b001 00000003062d53c0
0x00000003062d5368:   00007fff6b9c32cf 00000003062d53a0
0x00000003062d5378:   00007f975b4f7640 0000000000000004
0x00000003062d5388:   0000000000000006 0000000600000004
0x00000003062d5398:   0000000000000f41 0000000000000000
0x00000003062d53a8:   000000078751c4f0 00000003062d5408 

Instructions: (pc=0x00007fff20216bdd)
0x00007fff20216add:   90 90 90 90 90 90 90 90 90 90 90 90 90 90 90 90
0x00007fff20216aed:   90 90 90 90 90 90 90 90 90 90 90 90 90 90 90 90
0x00007fff20216afd:   90 90 90 31 c0 31 d2 0f 57 c0 0f 57 c9 c3 90 d9
0x00007fff20216b0d:   ee 31 c0 31 d2 0f 57 c0 0f 57 c9 c3 0f 1f 00 d9
0x00007fff20216b1d:   ee d9 ee 31 c0 31 d2 0f 57 c0 0f 57 c9 c3 90 48
0x00007fff20216b2d:   89 f8 c3 49 89 fa 49 89 f3 45 23 5a 18 49 c1 e3
0x00007fff20216b3d:   04 4d 03 5a 10 49 3b 33 75 0e 49 8b 43 08 48 83
0x00007fff20216b4d:   f8 00 74 03 4c 31 d0 c3 49 83 3b 01 76 17 49 83
0x00007fff20216b5d:   c3 10 49 3b 33 75 f1 49 8b 43 08 48 83 f8 00 74
0x00007fff20216b6d:   03 4c 31 d0 c3 72 25 4d 8b 5b 08 eb 0a 49 83 3b
0x00007fff20216b7d:   01 76 17 49 83 c3 10 49 3b 33 75 f1 49 8b 43 08
0x00007fff20216b8d:   48 83 f8 00 74 03 4c 31 d0 c3 eb 00 31 c0 c3 66
0x00007fff20216b9d:   2e 0f 1f 84 00 00 00 00 00 66 2e 0f 1f 84 00 00
0x00007fff20216bad:   00 00 00 66 2e 0f 1f 84 00 00 00 00 00 66 0f 1f
0x00007fff20216bbd:   44 00 00 48 85 ff 2e 74 72 40 f6 c7 01 2e 75 76
0x00007fff20216bcd:   49 ba f8 ff ff ff ff 7f 00 00 4c 23 17 49 89 f3
0x00007fff20216bdd:   45 23 5a 18 49 c1 e3 04 4d 03 5a 10 49 3b 33 75
0x00007fff20216bed:   0a 4d 8b 5b 08 4d 31 d3 41 ff e3 49 83 3b 01 76
0x00007fff20216bfd:   13 49 83 c3 10 49 3b 33 75 f1 4d 8b 5b 08 4d 31
0x00007fff20216c0d:   d3 41 ff e3 72 70 4d 8b 5b 08 eb 0a 49 83 3b 01
0x00007fff20216c1d:   76 13 49 83 c3 10 49 3b 33 75 f1 4d 8b 5b 08 4d
0x00007fff20216c2d:   31 d3 41 ff e3 eb 4f 0f 1f 40 00 31 c0 31 d2 0f
0x00007fff20216c3d:   57 c0 0f 57 c9 c3 41 89 fb 41 83 e3 0f 4c 8d 15
0x00007fff20216c4d:   ef ee 87 68 4f 8b 14 da 4c 8d 1d bc ed 87 68 4d
0x00007fff20216c5d:   39 d3 0f 85 75 ff ff ff 41 89 fb 41 c1 eb 04 41
0x00007fff20216c6d:   81 e3 ff 00 00 00 4c 8d 15 46 ef 87 68 4f 8b 14
0x00007fff20216c7d:   da e9 57 ff ff ff e9 88 0a 00 00 66 2e 0f 1f 84
0x00007fff20216c8d:   00 00 00 00 00 66 2e 0f 1f 84 00 00 00 00 00 66
0x00007fff20216c9d:   2e 0f 1f 84 00 00 00 00 00 66 2e 0f 1f 84 00 00
0x00007fff20216cad:   00 00 00 66 2e 0f 1f 84 00 00 00 00 00 66 0f 1f
0x00007fff20216cbd:   44 00 00 48 85 ff 2e 74 6a 40 f6 c7 01 2e 75 6b
0x00007fff20216ccd:   49 ba f8 ff ff ff ff 7f 00 00 4c 23 17 49 89 f3 


Stack slot to memory mapping:
stack at sp + 0 slots: 0x00000001358aaf59: _ZN13GLDTextureRec18getTextureResourceEjb+0x12d in /System/Library/Extensions/AppleMetalGLRenderer.bundle/Contents/MacOS/AppleMetalGLRenderer at 0x0000000135888000
stack at sp + 1 slots: 0x0000000000000001 is an unknown value
stack at sp + 2 slots: 0x0000000008641000 is an unknown value
stack at sp + 3 slots: 0x0 is NULL
stack at sp + 4 slots: 0x00007fff20216bc0: objc_msgSend+0 in /usr/lib/libobjc.A.dylib at 0x00007fff20210000
stack at sp + 5 slots: 0x00007f976ac70850 points into unknown readable memory: 0x011dffff89096f61 | 61 6f 09 89 ff ff 1d 01
stack at sp + 6 slots: 0x0 is NULL
stack at sp + 7 slots: 0x00007f976119aa68 points into unknown readable memory: 0x00007f973b68a530 | 30 a5 68 3b 97 7f 00 00


---------------  P R O C E S S  ---------------

Threads class SMR info:
_java_thread_list=0x00007f973ac04df0, length=12, elements={
0x00007f976b016000, 0x00007f976b02c800, 0x00007f975b0f0800, 0x00007f975b0e3000,
0x00007f975b0f3800, 0x00007f975b0f4800, 0x00007f975b0f5000, 0x00007f976b02d800,
0x00007f976b335800, 0x00007f975b50b000, 0x00007f975b50e000, 0x00007f973e008800
}

Java Threads: ( => current thread )
  0x00007f976b016000 JavaThread "Reference Handler" daemon [_thread_blocked, id=17155, stack(0x0000000305173000,0x0000000305273000)]
  0x00007f976b02c800 JavaThread "Finalizer" daemon [_thread_blocked, id=15875, stack(0x0000000305276000,0x0000000305376000)]
  0x00007f975b0f0800 JavaThread "Signal Dispatcher" daemon [_thread_blocked, id=40195, stack(0x0000000305487000,0x0000000305587000)]
  0x00007f975b0e3000 JavaThread "Service Thread" daemon [_thread_blocked, id=39683, stack(0x000000030558a000,0x000000030568a000)]
  0x00007f975b0f3800 JavaThread "C2 CompilerThread0" daemon [_thread_blocked, id=39171, stack(0x000000030568d000,0x000000030578d000)]
  0x00007f975b0f4800 JavaThread "C1 CompilerThread0" daemon [_thread_blocked, id=38659, stack(0x0000000305790000,0x0000000305890000)]
  0x00007f975b0f5000 JavaThread "Sweeper thread" daemon [_thread_blocked, id=38147, stack(0x0000000305893000,0x0000000305993000)]
  0x00007f976b02d800 JavaThread "Common-Cleaner" daemon [_thread_blocked, id=25091, stack(0x0000000305a99000,0x0000000305b99000)]
  0x00007f976b335800 JavaThread "AppKit Thread" daemon [_thread_in_native, id=515, stack(0x00000003041db000,0x00000003049db000)]
=>0x00007f975b50b000 JavaThread "LWJGL Application" [_thread_in_native, id=65283, stack(0x00000003061d6000,0x00000003062d6000)]
  0x00007f975b50e000 JavaThread "DestroyJavaVM" [_thread_blocked, id=6659, stack(0x0000000304a5e000,0x0000000304b5e000)]
  0x00007f973e008800 JavaThread "AWT-Shutdown" [_thread_blocked, id=22535, stack(0x0000000305379000,0x0000000305479000)]

Other Threads:
  0x00007f975b0e2800 VMThread "VM Thread" [stack: 0x0000000305070000,0x0000000305170000] [id=17667]
  0x00007f976b019000 WatcherThread [stack: 0x0000000305996000,0x0000000305a96000] [id=24883]
  0x00007f976b811000 GCTaskThread "GC Thread#0" [stack: 0x0000000304b61000,0x0000000304c61000] [id=19203]
  0x00007f975b028800 ConcurrentGCThread "G1 Main Marker" [stack: 0x0000000304c64000,0x0000000304d64000] [id=18947]
  0x00007f975b029800 ConcurrentGCThread "G1 Conc#0" [stack: 0x0000000304d67000,0x0000000304e67000] [id=18435]
  0x00007f975b08a000 ConcurrentGCThread "G1 Refine#0" [stack: 0x0000000304e6a000,0x0000000304f6a000] [id=13827]
  0x00007f975b08b000 ConcurrentGCThread "G1 Young RemSet Sampling" [stack: 0x0000000304f6d000,0x000000030506d000] [id=14339]

Threads with active compile tasks:

VM state:not at safepoint (normal execution)

VM Mutex/Monitor currently owned by a thread: None

Heap address: 0x0000000780000000, size: 2048 MB, Compressed Oops mode: Zero based, Oop shift amount: 3
Narrow klass base: 0x0000000800000000, Narrow klass shift: 0
Compressed class space size: 1073741824 Address: 0x0000000800000000

Heap:
 garbage-first heap   total 131072K, used 12288K [0x0000000780000000, 0x0000000800000000)
  region size 1024K, 14 young (14336K), 0 survivors (0K)
 Metaspace       used 11246K, capacity 11410K, committed 11904K, reserved 1060864K
  class space    used 953K, capacity 1025K, committed 1152K, reserved 1048576K
Heap Regions: E=young(eden), S=young(survivor), O=old, HS=humongous(starts), HC=humongous(continues), CS=collection set, F=free, A=archive, TAMS=top-at-mark-start (previous, next)
|   0|0x0000000780000000, 0x0000000780000000, 0x0000000780100000|  0%| F|  |TAMS 0x0000000780000000, 0x0000000780000000| Untracked 
|   1|0x0000000780100000, 0x0000000780100000, 0x0000000780200000|  0%| F|  |TAMS 0x0000000780100000, 0x0000000780100000| Untracked 
|   2|0x0000000780200000, 0x0000000780200000, 0x0000000780300000|  0%| F|  |TAMS 0x0000000780200000, 0x0000000780200000| Untracked 
|   3|0x0000000780300000, 0x0000000780300000, 0x0000000780400000|  0%| F|  |TAMS 0x0000000780300000, 0x0000000780300000| Untracked 
|   4|0x0000000780400000, 0x0000000780400000, 0x0000000780500000|  0%| F|  |TAMS 0x0000000780400000, 0x0000000780400000| Untracked 
|   5|0x0000000780500000, 0x0000000780500000, 0x0000000780600000|  0%| F|  |TAMS 0x0000000780500000, 0x0000000780500000| Untracked 
|   6|0x0000000780600000, 0x0000000780600000, 0x0000000780700000|  0%| F|  |TAMS 0x0000000780600000, 0x0000000780600000| Untracked 
|   7|0x0000000780700000, 0x0000000780700000, 0x0000000780800000|  0%| F|  |TAMS 0x0000000780700000, 0x0000000780700000| Untracked 
|   8|0x0000000780800000, 0x0000000780800000, 0x0000000780900000|  0%| F|  |TAMS 0x0000000780800000, 0x0000000780800000| Untracked 
|   9|0x0000000780900000, 0x0000000780900000, 0x0000000780a00000|  0%| F|  |TAMS 0x0000000780900000, 0x0000000780900000| Untracked 
|  10|0x0000000780a00000, 0x0000000780a00000, 0x0000000780b00000|  0%| F|  |TAMS 0x0000000780a00000, 0x0000000780a00000| Untracked 
|  11|0x0000000780b00000, 0x0000000780b00000, 0x0000000780c00000|  0%| F|  |TAMS 0x0000000780b00000, 0x0000000780b00000| Untracked 
|  12|0x0000000780c00000, 0x0000000780c00000, 0x0000000780d00000|  0%| F|  |TAMS 0x0000000780c00000, 0x0000000780c00000| Untracked 
|  13|0x0000000780d00000, 0x0000000780d00000, 0x0000000780e00000|  0%| F|  |TAMS 0x0000000780d00000, 0x0000000780d00000| Untracked 
|  14|0x0000000780e00000, 0x0000000780e00000, 0x0000000780f00000|  0%| F|  |TAMS 0x0000000780e00000, 0x0000000780e00000| Untracked 
|  15|0x0000000780f00000, 0x0000000780f00000, 0x0000000781000000|  0%| F|  |TAMS 0x0000000780f00000, 0x0000000780f00000| Untracked 
|  16|0x0000000781000000, 0x0000000781000000, 0x0000000781100000|  0%| F|  |TAMS 0x0000000781000000, 0x0000000781000000| Untracked 
|  17|0x0000000781100000, 0x0000000781100000, 0x0000000781200000|  0%| F|  |TAMS 0x0000000781100000, 0x0000000781100000| Untracked 
|  18|0x0000000781200000, 0x0000000781200000, 0x0000000781300000|  0%| F|  |TAMS 0x0000000781200000, 0x0000000781200000| Untracked 
|  19|0x0000000781300000, 0x0000000781300000, 0x0000000781400000|  0%| F|  |TAMS 0x0000000781300000, 0x0000000781300000| Untracked 
|  20|0x0000000781400000, 0x0000000781400000, 0x0000000781500000|  0%| F|  |TAMS 0x0000000781400000, 0x0000000781400000| Untracked 
|  21|0x0000000781500000, 0x0000000781500000, 0x0000000781600000|  0%| F|  |TAMS 0x0000000781500000, 0x0000000781500000| Untracked 
|  22|0x0000000781600000, 0x0000000781600000, 0x0000000781700000|  0%| F|  |TAMS 0x0000000781600000, 0x0000000781600000| Untracked 
|  23|0x0000000781700000, 0x0000000781700000, 0x0000000781800000|  0%| F|  |TAMS 0x0000000781700000, 0x0000000781700000| Untracked 
|  24|0x0000000781800000, 0x0000000781800000, 0x0000000781900000|  0%| F|  |TAMS 0x0000000781800000, 0x0000000781800000| Untracked 
|  25|0x0000000781900000, 0x0000000781900000, 0x0000000781a00000|  0%| F|  |TAMS 0x0000000781900000, 0x0000000781900000| Untracked 
|  26|0x0000000781a00000, 0x0000000781a00000, 0x0000000781b00000|  0%| F|  |TAMS 0x0000000781a00000, 0x0000000781a00000| Untracked 
|  27|0x0000000781b00000, 0x0000000781b00000, 0x0000000781c00000|  0%| F|  |TAMS 0x0000000781b00000, 0x0000000781b00000| Untracked 
|  28|0x0000000781c00000, 0x0000000781c00000, 0x0000000781d00000|  0%| F|  |TAMS 0x0000000781c00000, 0x0000000781c00000| Untracked 
|  29|0x0000000781d00000, 0x0000000781d00000, 0x0000000781e00000|  0%| F|  |TAMS 0x0000000781d00000, 0x0000000781d00000| Untracked 
|  30|0x0000000781e00000, 0x0000000781e00000, 0x0000000781f00000|  0%| F|  |TAMS 0x0000000781e00000, 0x0000000781e00000| Untracked 
|  31|0x0000000781f00000, 0x0000000781f00000, 0x0000000782000000|  0%| F|  |TAMS 0x0000000781f00000, 0x0000000781f00000| Untracked 
|  32|0x0000000782000000, 0x0000000782000000, 0x0000000782100000|  0%| F|  |TAMS 0x0000000782000000, 0x0000000782000000| Untracked 
|  33|0x0000000782100000, 0x0000000782100000, 0x0000000782200000|  0%| F|  |TAMS 0x0000000782100000, 0x0000000782100000| Untracked 
|  34|0x0000000782200000, 0x0000000782200000, 0x0000000782300000|  0%| F|  |TAMS 0x0000000782200000, 0x0000000782200000| Untracked 
|  35|0x0000000782300000, 0x0000000782300000, 0x0000000782400000|  0%| F|  |TAMS 0x0000000782300000, 0x0000000782300000| Untracked 
|  36|0x0000000782400000, 0x0000000782400000, 0x0000000782500000|  0%| F|  |TAMS 0x0000000782400000, 0x0000000782400000| Untracked 
|  37|0x0000000782500000, 0x0000000782500000, 0x0000000782600000|  0%| F|  |TAMS 0x0000000782500000, 0x0000000782500000| Untracked 
|  38|0x0000000782600000, 0x0000000782600000, 0x0000000782700000|  0%| F|  |TAMS 0x0000000782600000, 0x0000000782600000| Untracked 
|  39|0x0000000782700000, 0x0000000782700000, 0x0000000782800000|  0%| F|  |TAMS 0x0000000782700000, 0x0000000782700000| Untracked 
|  40|0x0000000782800000, 0x0000000782800000, 0x0000000782900000|  0%| F|  |TAMS 0x0000000782800000, 0x0000000782800000| Untracked 
|  41|0x0000000782900000, 0x0000000782900000, 0x0000000782a00000|  0%| F|  |TAMS 0x0000000782900000, 0x0000000782900000| Untracked 
|  42|0x0000000782a00000, 0x0000000782a00000, 0x0000000782b00000|  0%| F|  |TAMS 0x0000000782a00000, 0x0000000782a00000| Untracked 
|  43|0x0000000782b00000, 0x0000000782b00000, 0x0000000782c00000|  0%| F|  |TAMS 0x0000000782b00000, 0x0000000782b00000| Untracked 
|  44|0x0000000782c00000, 0x0000000782c00000, 0x0000000782d00000|  0%| F|  |TAMS 0x0000000782c00000, 0x0000000782c00000| Untracked 
|  45|0x0000000782d00000, 0x0000000782d00000, 0x0000000782e00000|  0%| F|  |TAMS 0x0000000782d00000, 0x0000000782d00000| Untracked 
|  46|0x0000000782e00000, 0x0000000782e00000, 0x0000000782f00000|  0%| F|  |TAMS 0x0000000782e00000, 0x0000000782e00000| Untracked 
|  47|0x0000000782f00000, 0x0000000782f00000, 0x0000000783000000|  0%| F|  |TAMS 0x0000000782f00000, 0x0000000782f00000| Untracked 
|  48|0x0000000783000000, 0x0000000783000000, 0x0000000783100000|  0%| F|  |TAMS 0x0000000783000000, 0x0000000783000000| Untracked 
|  49|0x0000000783100000, 0x0000000783100000, 0x0000000783200000|  0%| F|  |TAMS 0x0000000783100000, 0x0000000783100000| Untracked 
|  50|0x0000000783200000, 0x0000000783200000, 0x0000000783300000|  0%| F|  |TAMS 0x0000000783200000, 0x0000000783200000| Untracked 
|  51|0x0000000783300000, 0x0000000783300000, 0x0000000783400000|  0%| F|  |TAMS 0x0000000783300000, 0x0000000783300000| Untracked 
|  52|0x0000000783400000, 0x0000000783400000, 0x0000000783500000|  0%| F|  |TAMS 0x0000000783400000, 0x0000000783400000| Untracked 
|  53|0x0000000783500000, 0x0000000783500000, 0x0000000783600000|  0%| F|  |TAMS 0x0000000783500000, 0x0000000783500000| Untracked 
|  54|0x0000000783600000, 0x0000000783600000, 0x0000000783700000|  0%| F|  |TAMS 0x0000000783600000, 0x0000000783600000| Untracked 
|  55|0x0000000783700000, 0x0000000783700000, 0x0000000783800000|  0%| F|  |TAMS 0x0000000783700000, 0x0000000783700000| Untracked 
|  56|0x0000000783800000, 0x0000000783800000, 0x0000000783900000|  0%| F|  |TAMS 0x0000000783800000, 0x0000000783800000| Untracked 
|  57|0x0000000783900000, 0x0000000783900000, 0x0000000783a00000|  0%| F|  |TAMS 0x0000000783900000, 0x0000000783900000| Untracked 
|  58|0x0000000783a00000, 0x0000000783a00000, 0x0000000783b00000|  0%| F|  |TAMS 0x0000000783a00000, 0x0000000783a00000| Untracked 
|  59|0x0000000783b00000, 0x0000000783b00000, 0x0000000783c00000|  0%| F|  |TAMS 0x0000000783b00000, 0x0000000783b00000| Untracked 
|  60|0x0000000783c00000, 0x0000000783c00000, 0x0000000783d00000|  0%| F|  |TAMS 0x0000000783c00000, 0x0000000783c00000| Untracked 
|  61|0x0000000783d00000, 0x0000000783d00000, 0x0000000783e00000|  0%| F|  |TAMS 0x0000000783d00000, 0x0000000783d00000| Untracked 
|  62|0x0000000783e00000, 0x0000000783e00000, 0x0000000783f00000|  0%| F|  |TAMS 0x0000000783e00000, 0x0000000783e00000| Untracked 
|  63|0x0000000783f00000, 0x0000000783f00000, 0x0000000784000000|  0%| F|  |TAMS 0x0000000783f00000, 0x0000000783f00000| Untracked 
|  64|0x0000000784000000, 0x0000000784000000, 0x0000000784100000|  0%| F|  |TAMS 0x0000000784000000, 0x0000000784000000| Untracked 
|  65|0x0000000784100000, 0x0000000784100000, 0x0000000784200000|  0%| F|  |TAMS 0x0000000784100000, 0x0000000784100000| Untracked 
|  66|0x0000000784200000, 0x0000000784200000, 0x0000000784300000|  0%| F|  |TAMS 0x0000000784200000, 0x0000000784200000| Untracked 
|  67|0x0000000784300000, 0x0000000784300000, 0x0000000784400000|  0%| F|  |TAMS 0x0000000784300000, 0x0000000784300000| Untracked 
|  68|0x0000000784400000, 0x0000000784400000, 0x0000000784500000|  0%| F|  |TAMS 0x0000000784400000, 0x0000000784400000| Untracked 
|  69|0x0000000784500000, 0x0000000784500000, 0x0000000784600000|  0%| F|  |TAMS 0x0000000784500000, 0x0000000784500000| Untracked 
|  70|0x0000000784600000, 0x0000000784600000, 0x0000000784700000|  0%| F|  |TAMS 0x0000000784600000, 0x0000000784600000| Untracked 
|  71|0x0000000784700000, 0x0000000784700000, 0x0000000784800000|  0%| F|  |TAMS 0x0000000784700000, 0x0000000784700000| Untracked 
|  72|0x0000000784800000, 0x0000000784800000, 0x0000000784900000|  0%| F|  |TAMS 0x0000000784800000, 0x0000000784800000| Untracked 
|  73|0x0000000784900000, 0x0000000784900000, 0x0000000784a00000|  0%| F|  |TAMS 0x0000000784900000, 0x0000000784900000| Untracked 
|  74|0x0000000784a00000, 0x0000000784a00000, 0x0000000784b00000|  0%| F|  |TAMS 0x0000000784a00000, 0x0000000784a00000| Untracked 
|  75|0x0000000784b00000, 0x0000000784b00000, 0x0000000784c00000|  0%| F|  |TAMS 0x0000000784b00000, 0x0000000784b00000| Untracked 
|  76|0x0000000784c00000, 0x0000000784c00000, 0x0000000784d00000|  0%| F|  |TAMS 0x0000000784c00000, 0x0000000784c00000| Untracked 
|  77|0x0000000784d00000, 0x0000000784d00000, 0x0000000784e00000|  0%| F|  |TAMS 0x0000000784d00000, 0x0000000784d00000| Untracked 
|  78|0x0000000784e00000, 0x0000000784e00000, 0x0000000784f00000|  0%| F|  |TAMS 0x0000000784e00000, 0x0000000784e00000| Untracked 
|  79|0x0000000784f00000, 0x0000000784f00000, 0x0000000785000000|  0%| F|  |TAMS 0x0000000784f00000, 0x0000000784f00000| Untracked 
|  80|0x0000000785000000, 0x0000000785000000, 0x0000000785100000|  0%| F|  |TAMS 0x0000000785000000, 0x0000000785000000| Untracked 
|  81|0x0000000785100000, 0x0000000785100000, 0x0000000785200000|  0%| F|  |TAMS 0x0000000785100000, 0x0000000785100000| Untracked 
|  82|0x0000000785200000, 0x0000000785200000, 0x0000000785300000|  0%| F|  |TAMS 0x0000000785200000, 0x0000000785200000| Untracked 
|  83|0x0000000785300000, 0x0000000785300000, 0x0000000785400000|  0%| F|  |TAMS 0x0000000785300000, 0x0000000785300000| Untracked 
|  84|0x0000000785400000, 0x0000000785400000, 0x0000000785500000|  0%| F|  |TAMS 0x0000000785400000, 0x0000000785400000| Untracked 
|  85|0x0000000785500000, 0x0000000785500000, 0x0000000785600000|  0%| F|  |TAMS 0x0000000785500000, 0x0000000785500000| Untracked 
|  86|0x0000000785600000, 0x0000000785600000, 0x0000000785700000|  0%| F|  |TAMS 0x0000000785600000, 0x0000000785600000| Untracked 
|  87|0x0000000785700000, 0x0000000785700000, 0x0000000785800000|  0%| F|  |TAMS 0x0000000785700000, 0x0000000785700000| Untracked 
|  88|0x0000000785800000, 0x0000000785800000, 0x0000000785900000|  0%| F|  |TAMS 0x0000000785800000, 0x0000000785800000| Untracked 
|  89|0x0000000785900000, 0x0000000785900000, 0x0000000785a00000|  0%| F|  |TAMS 0x0000000785900000, 0x0000000785900000| Untracked 
|  90|0x0000000785a00000, 0x0000000785a00000, 0x0000000785b00000|  0%| F|  |TAMS 0x0000000785a00000, 0x0000000785a00000| Untracked 
|  91|0x0000000785b00000, 0x0000000785b00000, 0x0000000785c00000|  0%| F|  |TAMS 0x0000000785b00000, 0x0000000785b00000| Untracked 
|  92|0x0000000785c00000, 0x0000000785c00000, 0x0000000785d00000|  0%| F|  |TAMS 0x0000000785c00000, 0x0000000785c00000| Untracked 
|  93|0x0000000785d00000, 0x0000000785d00000, 0x0000000785e00000|  0%| F|  |TAMS 0x0000000785d00000, 0x0000000785d00000| Untracked 
|  94|0x0000000785e00000, 0x0000000785e00000, 0x0000000785f00000|  0%| F|  |TAMS 0x0000000785e00000, 0x0000000785e00000| Untracked 
|  95|0x0000000785f00000, 0x0000000785f00000, 0x0000000786000000|  0%| F|  |TAMS 0x0000000785f00000, 0x0000000785f00000| Untracked 
|  96|0x0000000786000000, 0x0000000786000000, 0x0000000786100000|  0%| F|  |TAMS 0x0000000786000000, 0x0000000786000000| Untracked 
|  97|0x0000000786100000, 0x0000000786100000, 0x0000000786200000|  0%| F|  |TAMS 0x0000000786100000, 0x0000000786100000| Untracked 
|  98|0x0000000786200000, 0x0000000786200000, 0x0000000786300000|  0%| F|  |TAMS 0x0000000786200000, 0x0000000786200000| Untracked 
|  99|0x0000000786300000, 0x0000000786300000, 0x0000000786400000|  0%| F|  |TAMS 0x0000000786300000, 0x0000000786300000| Untracked 
| 100|0x0000000786400000, 0x0000000786400000, 0x0000000786500000|  0%| F|  |TAMS 0x0000000786400000, 0x0000000786400000| Untracked 
| 101|0x0000000786500000, 0x0000000786500000, 0x0000000786600000|  0%| F|  |TAMS 0x0000000786500000, 0x0000000786500000| Untracked 
| 102|0x0000000786600000, 0x0000000786600000, 0x0000000786700000|  0%| F|  |TAMS 0x0000000786600000, 0x0000000786600000| Untracked 
| 103|0x0000000786700000, 0x0000000786700000, 0x0000000786800000|  0%| F|  |TAMS 0x0000000786700000, 0x0000000786700000| Untracked 
| 104|0x0000000786800000, 0x0000000786800000, 0x0000000786900000|  0%| F|  |TAMS 0x0000000786800000, 0x0000000786800000| Untracked 
| 105|0x0000000786900000, 0x0000000786900000, 0x0000000786a00000|  0%| F|  |TAMS 0x0000000786900000, 0x0000000786900000| Untracked 
| 106|0x0000000786a00000, 0x0000000786a00000, 0x0000000786b00000|  0%| F|  |TAMS 0x0000000786a00000, 0x0000000786a00000| Untracked 
| 107|0x0000000786b00000, 0x0000000786b00000, 0x0000000786c00000|  0%| F|  |TAMS 0x0000000786b00000, 0x0000000786b00000| Untracked 
| 108|0x0000000786c00000, 0x0000000786c00000, 0x0000000786d00000|  0%| F|  |TAMS 0x0000000786c00000, 0x0000000786c00000| Untracked 
| 109|0x0000000786d00000, 0x0000000786d00000, 0x0000000786e00000|  0%| F|  |TAMS 0x0000000786d00000, 0x0000000786d00000| Untracked 
| 110|0x0000000786e00000, 0x0000000786e00000, 0x0000000786f00000|  0%| F|  |TAMS 0x0000000786e00000, 0x0000000786e00000| Untracked 
| 111|0x0000000786f00000, 0x0000000786f00000, 0x0000000787000000|  0%| F|  |TAMS 0x0000000786f00000, 0x0000000786f00000| Untracked 
| 112|0x0000000787000000, 0x0000000787000000, 0x0000000787100000|  0%| F|  |TAMS 0x0000000787000000, 0x0000000787000000| Untracked 
| 113|0x0000000787100000, 0x0000000787100000, 0x0000000787200000|  0%| F|  |TAMS 0x0000000787100000, 0x0000000787100000| Untracked 
| 114|0x0000000787200000, 0x0000000787200800, 0x0000000787300000|  0%| E|  |TAMS 0x0000000787200000, 0x0000000787200000| Complete 
| 115|0x0000000787300000, 0x0000000787400000, 0x0000000787400000|100%| E|CS|TAMS 0x0000000787300000, 0x0000000787300000| Complete 
| 116|0x0000000787400000, 0x0000000787500000, 0x0000000787500000|100%| E|CS|TAMS 0x0000000787400000, 0x0000000787400000| Complete 
| 117|0x0000000787500000, 0x0000000787600000, 0x0000000787600000|100%| E|CS|TAMS 0x0000000787500000, 0x0000000787500000| Complete 
| 118|0x0000000787600000, 0x0000000787700000, 0x0000000787700000|100%| E|CS|TAMS 0x0000000787600000, 0x0000000787600000| Complete 
| 119|0x0000000787700000, 0x0000000787800000, 0x0000000787800000|100%| E|CS|TAMS 0x0000000787700000, 0x0000000787700000| Complete 
| 120|0x0000000787800000, 0x0000000787900000, 0x0000000787900000|100%| E|  |TAMS 0x0000000787800000, 0x0000000787800000| Complete 
| 121|0x0000000787900000, 0x0000000787a00000, 0x0000000787a00000|100%| E|CS|TAMS 0x0000000787900000, 0x0000000787900000| Complete 
| 122|0x0000000787a00000, 0x0000000787b00000, 0x0000000787b00000|100%| E|CS|TAMS 0x0000000787a00000, 0x0000000787a00000| Complete 
| 123|0x0000000787b00000, 0x0000000787c00000, 0x0000000787c00000|100%| E|CS|TAMS 0x0000000787b00000, 0x0000000787b00000| Complete 
| 124|0x0000000787c00000, 0x0000000787d00000, 0x0000000787d00000|100%| E|CS|TAMS 0x0000000787c00000, 0x0000000787c00000| Complete 
| 125|0x0000000787d00000, 0x0000000787e00000, 0x0000000787e00000|100%| E|CS|TAMS 0x0000000787d00000, 0x0000000787d00000| Complete 
| 126|0x0000000787e00000, 0x0000000787f00000, 0x0000000787f00000|100%| E|CS|TAMS 0x0000000787e00000, 0x0000000787e00000| Complete 
| 127|0x0000000787f00000, 0x0000000788000000, 0x0000000788000000|100%| E|CS|TAMS 0x0000000787f00000, 0x0000000787f00000| Complete 

Card table byte_map: [0x0000000126769000,0x0000000126b69000] _byte_map_base: 0x0000000122b69000

Marking Bits (Prev, Next): (CMBitMap*) 0x00007f975b01fe18, (CMBitMap*) 0x00007f975b01fe50
 Prev Bits: [0x0000000126f69000, 0x0000000128f69000)
 Next Bits: [0x0000000128f69000, 0x000000012af69000)

Polling page: 0x0000000100369000

Metaspace:

Usage:
  Non-class:     10.14 MB capacity,    10.05 MB (>99%) used,    76.62 KB ( <1%) free+waste,    15.38 KB ( <1%) overhead. 
      Class:      1.00 MB capacity,   953.64 KB ( 93%) used,    64.67 KB (  6%) free+waste,     6.69 KB ( <1%) overhead. 
       Both:     11.14 MB capacity,    10.98 MB ( 99%) used,   141.30 KB (  1%) free+waste,    22.06 KB ( <1%) overhead. 

Virtual space:
  Non-class space:       12.00 MB reserved,      10.50 MB ( 88%) committed 
      Class space:        1.00 GB reserved,       1.12 MB ( <1%) committed 
             Both:        1.01 GB reserved,      11.62 MB (  1%) committed 

Chunk freelists:
   Non-Class:  255.00 KB
       Class:  31.00 KB
        Both:  286.00 KB

MaxMetaspaceSize: unlimited
CompressedClassSpaceSize: 1.00 GB
Initial GC threshold: 20.80 MB
Current GC threshold: 20.80 MB
CDS: off

CodeHeap 'non-profiled nmethods': size=120032Kb used=326Kb max_used=326Kb free=119705Kb
 bounds [0x000000011ec5b000, 0x000000011eecb000, 0x0000000126193000]
CodeHeap 'profiled nmethods': size=120028Kb used=2004Kb max_used=2004Kb free=118023Kb
 bounds [0x0000000117724000, 0x0000000117994000, 0x000000011ec5b000]
CodeHeap 'non-nmethods': size=5700Kb used=1218Kb max_used=1232Kb free=4481Kb
 bounds [0x0000000117193000, 0x0000000117403000, 0x0000000117724000]
 total_blobs=1617 nmethods=1119 adapters=413
 compilation: enabled
              stopped_count=0, restarted_count=0
 full_count=0

Compilation events (20 events):
Event: 30.413 Thread 0x00007f975b0f4800 1110  s    3       org.lwjgl.opengl.EventQueue::putEvent (80 bytes)
Event: 30.415 Thread 0x00007f975b0f4800 nmethod 1110 0x0000000117915c90 code [0x0000000117915f80, 0x0000000117916f80]
Event: 30.563 Thread 0x00007f975b0f4800 1111       3       org.lwjgl.opengl.MacOSXNativeMouse::setCursorPos (55 bytes)
Event: 30.564 Thread 0x00007f975b0f4800 nmethod 1111 0x0000000117917410 code [0x0000000117917600, 0x0000000117917880]
Event: 30.564 Thread 0x00007f975b0f4800 1112       3       org.lwjgl.opengl.MacOSXNativeMouse::addDelta (22 bytes)
Event: 30.564 Thread 0x00007f975b0f4800 nmethod 1112 0x0000000117917990 code [0x0000000117917b40, 0x0000000117917c50]
Event: 30.564 Thread 0x00007f975b0f4800 1113       3       org.lwjgl.opengl.MacOSXNativeMouse::putMouseEventWithCoords (58 bytes)
Event: 30.565 Thread 0x00007f975b0f4800 nmethod 1113 0x0000000117917d10 code [0x0000000117917f60, 0x00000001179187c0]
Event: 30.878 Thread 0x00007f975b0f3800 1114   !   4       java.nio.DirectIntBufferU::put (32 bytes)
Event: 30.879 Thread 0x00007f975b0f3800 nmethod 1114 0x000000011ecab290 code [0x000000011ecab420, 0x000000011ecab4d8]
Event: 31.380 Thread 0x00007f975b0f3800 1115       4       java.nio.FloatBuffer::limit (6 bytes)
Event: 31.381 Thread 0x00007f975b0f3800 nmethod 1115 0x000000011ecab610 code [0x000000011ecab7a0, 0x000000011ecab878]
Event: 31.444 Thread 0x00007f975b0f4800 1116   !   3       com.badlogic.gdx.backends.lwjgl.LwjglGraphics::requestRendering (20 bytes)
Event: 31.445 Thread 0x00007f975b0f4800 nmethod 1116 0x0000000117918b10 code [0x0000000117918cc0, 0x0000000117918f90]
Event: 32.529 Thread 0x00007f975b0f3800 1117       4       com.badlogic.gdx.utils.BufferUtils::copy (45 bytes)
Event: 32.533 Thread 0x00007f975b0f3800 nmethod 1117 0x000000011ecab990 code [0x000000011ecabb60, 0x000000011ecabec8]
Event: 36.250 Thread 0x00007f975b0f3800 1118       4       java.lang.Long::reverseBytes (46 bytes)
Event: 36.251 Thread 0x00007f975b0f3800 nmethod 1118 0x000000011ecac310 code [0x000000011ecac4a0, 0x000000011ecac538]
Event: 36.262 Thread 0x00007f975b0f3800 1119       4       org.lwjgl.opengl.Display::getWidth (30 bytes)
Event: 36.265 Thread 0x00007f975b0f3800 nmethod 1119 0x000000011ecac610 code [0x000000011ecac7c0, 0x000000011ecaca18]

GC Heap History (0 events):
No events

Deoptimization events (20 events):
Event: 0.151 Thread 0x00007f976b020800 DEOPT PACKING pc=0x0000000117743f8b sp=0x0000000304b58b30
Event: 0.151 Thread 0x00007f976b020800 DEOPT UNPACKING pc=0x00000001171dd62b sp=0x0000000304b57ff0 mode 0
Event: 0.152 Thread 0x00007f976b020800 DEOPT PACKING pc=0x0000000117744643 sp=0x0000000304b58b00
Event: 0.152 Thread 0x00007f976b020800 DEOPT UNPACKING pc=0x00000001171dd62b sp=0x0000000304b57ff0 mode 0
Event: 0.226 Thread 0x00007f976b020800 DEOPT PACKING pc=0x000000011774e988 sp=0x0000000304b5cdc0
Event: 0.226 Thread 0x00007f976b020800 DEOPT UNPACKING pc=0x00000001171dd62b sp=0x0000000304b5c230 mode 0
Event: 0.232 Thread 0x00007f976b020800 DEOPT PACKING pc=0x000000011774e988 sp=0x0000000304b5c250
Event: 0.232 Thread 0x00007f976b020800 DEOPT UNPACKING pc=0x00000001171dd62b sp=0x0000000304b5b6e8 mode 0
Event: 0.939 Thread 0x00007f975b50b000 Uncommon trap: trap_request=0xffffff4d fr.pc=0x000000011ec9182c relative=0x000000000000046c
Event: 0.939 Thread 0x00007f975b50b000 Uncommon trap: reason=unstable_if action=reinterpret pc=0x000000011ec9182c method=java.lang.StringLatin1.replace([BCC)Ljava/lang/String; @ 19 c2
Event: 0.939 Thread 0x00007f975b50b000 DEOPT PACKING pc=0x000000011ec9182c sp=0x00000003062d5520
Event: 0.939 Thread 0x00007f975b50b000 DEOPT UNPACKING pc=0x00000001171dce9f sp=0x00000003062d54b0 mode 2
Event: 8.649 Thread 0x00007f976b335800 Uncommon trap: trap_request=0xffffff4d fr.pc=0x000000011ec5bf14 relative=0x0000000000000074
Event: 8.649 Thread 0x00007f976b335800 Uncommon trap: reason=unstable_if action=reinterpret pc=0x000000011ec5bf14 method=java.lang.String.isLatin1()Z @ 10 c2
Event: 8.650 Thread 0x00007f976b335800 DEOPT PACKING pc=0x000000011ec5bf14 sp=0x00000003049d74e0
Event: 8.650 Thread 0x00007f976b335800 DEOPT UNPACKING pc=0x00000001171dce9f sp=0x00000003049d7440 mode 2
Event: 8.763 Thread 0x00007f976b335800 Uncommon trap: trap_request=0xffffff4d fr.pc=0x000000011ec5d778 relative=0x0000000000000058
Event: 8.763 Thread 0x00007f976b335800 Uncommon trap: reason=unstable_if action=reinterpret pc=0x000000011ec5d778 method=java.lang.String.isLatin1()Z @ 10 c2
Event: 8.763 Thread 0x00007f976b335800 DEOPT PACKING pc=0x000000011ec5d778 sp=0x00000003049d7490
Event: 8.763 Thread 0x00007f976b335800 DEOPT UNPACKING pc=0x00000001171dce9f sp=0x00000003049d7440 mode 2

Classes redefined (0 events):
No events

Internal exceptions (19 events):
Event: 0.106 Thread 0x00007f976b020800 Exception <a 'java/security/PrivilegedActionException'{0x0000000787e228a0}> (0x0000000787e228a0) thrown at [./src/hotspot/share/prims/jvm.cpp, line 1306]
Event: 0.106 Thread 0x00007f976b020800 Exception <a 'java/security/PrivilegedActionException'{0x0000000787e22b70}> (0x0000000787e22b70) thrown at [./src/hotspot/share/prims/jvm.cpp, line 1306]
Event: 0.248 Thread 0x00007f976b020800 Exception <a 'java/lang/ClassNotFoundException'{0x0000000787c672d0}: sun/awt/resources/spi/awtProvider> (0x0000000787c672d0) thrown at [./src/hotspot/share/classfile/systemDictionary.cpp, line 231]
Event: 0.300 Thread 0x00007f976b020800 Exception <a 'java/io/FileNotFoundException'{0x0000000787cf9bf0}> (0x0000000787cf9bf0) thrown at [./src/hotspot/share/prims/jni.cpp, line 615]
Event: 0.327 Thread 0x00007f976b020800 Exception <a 'java/lang/NoSuchMethodError'{0x0000000787b54e08}: 'java.lang.Object java.lang.invoke.DirectMethodHandle$Holder.invokeStatic(java.lang.Object, java.lang.Object, java.lang.Object, java.lang.Object, java.lang.Object, java.lang.Object, java.lang.Object, java.lang.Object, java.lang.Object, java.lang.Object, java.lang.Object, java.lang.Object, java.lang.Object, java.lang.Object, java.lang.Object)'> (0x0000000787b54e08) thrown at [./src/hotspot/share/interpreter/linkResolver.cpp, line 773]
Event: 0.332 Thread 0x00007f976b020800 Exception <a 'java/lang/NoSuchMethodError'{0x0000000787b62b78}: 'java.lang.Object java.lang.invoke.DirectMethodHandle$Holder.invokeStatic(java.lang.Object, java.lang.Object, java.lang.Object, java.lang.Object, java.lang.Object, java.lang.Object, java.lang.Object, java.lang.Object, java.lang.Object, java.lang.Object, java.lang.Object, java.lang.Object, java.lang.Object, java.lang.Object, java.lang.Object, java.lang.Object)'> (0x0000000787b62b78) thrown at [./src/hotspot/share/interpreter/linkResolver.cpp, l
Event: 0.335 Thread 0x00007f976b020800 Exception <a 'java/lang/NoSuchMethodError'{0x0000000787b70818}: 'java.lang.Object java.lang.invoke.DirectMethodHandle$Holder.invokeSpecial(java.lang.Object, java.lang.Object, int, int, java.lang.Object, java.lang.Object, java.lang.Object)'> (0x0000000787b70818) thrown at [./src/hotspot/share/interpreter/linkResolver.cpp, line 773]
Event: 0.336 Thread 0x00007f976b020800 Exception <a 'java/lang/NoSuchMethodError'{0x0000000787b73da8}: 'java.lang.Object java.lang.invoke.DelegatingMethodHandle$Holder.reinvoke_L(java.lang.Object, int, int, java.lang.Object, java.lang.Object, java.lang.Object)'> (0x0000000787b73da8) thrown at [./src/hotspot/share/interpreter/linkResolver.cpp, line 773]
Event: 0.340 Thread 0x00007f976b020800 Exception <a 'java/lang/NoSuchMethodError'{0x0000000787b78130}: 'java.lang.Object java.lang.invoke.DirectMethodHandle$Holder.invokeStatic(java.lang.Object, java.lang.Object, java.lang.Object, java.lang.Object, int)'> (0x0000000787b78130) thrown at [./src/hotspot/share/interpreter/linkResolver.cpp, line 773]
Event: 0.357 Thread 0x00007f976b020800 Exception <a 'java/io/FileNotFoundException'{0x0000000787bdac90}> (0x0000000787bdac90) thrown at [./src/hotspot/share/prims/jni.cpp, line 615]
Event: 0.360 Thread 0x00007f976b020800 Exception <a 'java/lang/ClassNotFoundException'{0x0000000787bdf710}: sun/awt/resources/spi/awtosxProvider> (0x0000000787bdf710) thrown at [./src/hotspot/share/classfile/systemDictionary.cpp, line 231]
Event: 0.385 Thread 0x00007f976b020800 Exception <a 'java/lang/NoSuchMethodError'{0x0000000787a2a010}: 'java.lang.Object java.lang.invoke.DirectMethodHandle$Holder.invokeStatic(java.lang.Object, java.lang.Object, java.lang.Object, java.lang.Object, java.lang.Object, java.lang.Object, java.lang.Object, java.lang.Object, int)'> (0x0000000787a2a010) thrown at [./src/hotspot/share/interpreter/linkResolver.cpp, line 773]
Event: 0.387 Thread 0x00007f976b020800 Exception <a 'java/lang/NoSuchMethodError'{0x0000000787a440f0}: 'java.lang.Object java.lang.invoke.DirectMethodHandle$Holder.invokeStatic(java.lang.Object, java.lang.Object, java.lang.Object, java.lang.Object, java.lang.Object, java.lang.Object, java.lang.Object, java.lang.Object, int, int)'> (0x0000000787a440f0) thrown at [./src/hotspot/share/interpreter/linkResolver.cpp, line 773]
Event: 0.600 Thread 0x00007f976b020800 Exception <a 'java/security/PrivilegedActionException'{0x0000000787a57bf0}> (0x0000000787a57bf0) thrown at [./src/hotspot/share/prims/jvm.cpp, line 1306]
Event: 0.600 Thread 0x00007f976b020800 Exception <a 'java/security/PrivilegedActionException'{0x0000000787a5a3a0}> (0x0000000787a5a3a0) thrown at [./src/hotspot/share/prims/jvm.cpp, line 1306]
Event: 0.600 Thread 0x00007f976b020800 Exception <a 'java/security/PrivilegedActionException'{0x0000000787a5b658}> (0x0000000787a5b658) thrown at [./src/hotspot/share/prims/jvm.cpp, line 1306]
Event: 0.602 Thread 0x00007f976b020800 Exception <a 'java/security/PrivilegedActionException'{0x0000000787a6b3a0}> (0x0000000787a6b3a0) thrown at [./src/hotspot/share/prims/jvm.cpp, line 1306]
Event: 0.602 Thread 0x00007f976b020800 Exception <a 'java/security/PrivilegedActionException'{0x0000000787a6bf60}> (0x0000000787a6bf60) thrown at [./src/hotspot/share/prims/jvm.cpp, line 1306]
Event: 0.602 Thread 0x00007f976b020800 Exception <a 'java/security/PrivilegedActionException'{0x0000000787a6cae0}> (0x0000000787a6cae0) thrown at [./src/hotspot/share/prims/jvm.cpp, line 1306]

Events (20 events):
Event: 15.790 Thread 0x00007f973c008800 Thread added: 0x00007f973c008800
Event: 15.790 Protecting memory [0x0000000305b9c000,0x0000000305ba0000] with protection modes 0
Event: 16.826 Executing VM operation: RevokeBias
Event: 16.826 Executing VM operation: RevokeBias done
Event: 16.826 Protecting memory [0x0000000305b9c000,0x0000000305ba0000] with protection modes 3
Event: 16.826 Thread 0x00007f973c008800 Thread exited: 0x00007f973c008800
Event: 18.634 Thread 0x00007f973c80a800 Thread added: 0x00007f973c80a800
Event: 18.634 Protecting memory [0x0000000305b9c000,0x0000000305ba0000] with protection modes 0
Event: 19.641 Executing VM operation: RevokeBias
Event: 19.641 Executing VM operation: RevokeBias done
Event: 19.641 Protecting memory [0x0000000305b9c000,0x0000000305ba0000] with protection modes 3
Event: 19.641 Thread 0x00007f973c80a800 Thread exited: 0x00007f973c80a800
Event: 20.822 Thread 0x00007f973c00c000 Thread added: 0x00007f973c00c000
Event: 20.822 Protecting memory [0x0000000305b9c000,0x0000000305ba0000] with protection modes 0
Event: 21.828 Executing VM operation: RevokeBias
Event: 21.829 Executing VM operation: RevokeBias done
Event: 21.829 Protecting memory [0x0000000305b9c000,0x0000000305ba0000] with protection modes 3
Event: 21.829 Thread 0x00007f973c00c000 Thread exited: 0x00007f973c00c000
Event: 25.906 Thread 0x00007f973e008800 Thread added: 0x00007f973e008800
Event: 25.906 Protecting memory [0x0000000305379000,0x000000030537d000] with protection modes 0


Dynamic libraries:
0x00007ffdffc3e000 	/Library/Apple/usr/libexec/oah/runtime
0x00007fff35219000 	/System/Library/Frameworks/Cocoa.framework/Versions/A/Cocoa
0x00007fff2215d000 	/System/Library/Frameworks/Security.framework/Versions/A/Security
0x00007fff33471000 	/System/Library/Frameworks/ApplicationServices.framework/Versions/A/ApplicationServices
0x00007fff2a5ea000 	/usr/lib/libz.1.dylib
0x000000010860d000 	/Library/Java/JavaVirtualMachines/temurin-11.jdk/Contents/Home/lib/jli/libjli.dylib
0x00007fff2a6b6000 	/usr/lib/libSystem.B.dylib
0x00007fff22b81000 	/System/Library/Frameworks/AppKit.framework/Versions/C/AppKit
0x00007fff25a2e000 	/System/Library/Frameworks/CoreData.framework/Versions/A/CoreData
0x00007fff210d1000 	/System/Library/Frameworks/Foundation.framework/Versions/C/Foundation
0x00007fff238dd000 	/System/Library/PrivateFrameworks/UIFoundation.framework/Versions/A/UIFoundation
0x00007fff2fe54000 	/System/Library/PrivateFrameworks/RemoteViewServices.framework/Versions/A/RemoteViewServices
0x00007fff28c05000 	/System/Library/PrivateFrameworks/XCTTargetBootstrap.framework/Versions/A/XCTTargetBootstrap
0x00007fff2b953000 	/usr/lib/libspindump.dylib
0x00007fff23b31000 	/System/Library/Frameworks/UniformTypeIdentifiers.framework/Versions/A/UniformTypeIdentifiers
0x00007fff273d8000 	/usr/lib/libapp_launch_measurement.dylib
0x00007fff273db000 	/System/Library/PrivateFrameworks/CoreAutoLayout.framework/Versions/A/CoreAutoLayout
0x00007fff28566000 	/System/Library/Frameworks/Metal.framework/Versions/A/Metal
0x00007fff2925b000 	/usr/lib/liblangid.dylib
0x00007fff28c09000 	/System/Library/PrivateFrameworks/CoreSVG.framework/Versions/A/CoreSVG
0x00007fff24b17000 	/System/Library/PrivateFrameworks/SkyLight.framework/Versions/A/SkyLight
0x00007fff24e76000 	/System/Library/Frameworks/CoreGraphics.framework/Versions/A/CoreGraphics
0x00007fff304ab000 	/System/Library/Frameworks/Accelerate.framework/Versions/A/Accelerate
0x00007fff2b38e000 	/System/Library/PrivateFrameworks/IconServices.framework/Versions/A/IconServices
0x00007fff28547000 	/System/Library/Frameworks/IOSurface.framework/Versions/A/IOSurface
0x00007fff263c0000 	/usr/lib/libDiagnosticMessagesClient.dylib
0x00007fff28bf1000 	/System/Library/PrivateFrameworks/DFRFoundation.framework/Versions/A/DFRFoundation
0x00007fff224ad000 	/usr/lib/libicucore.A.dylib
0x00007fff2ce8e000 	/System/Library/Frameworks/AudioToolbox.framework/Versions/A/AudioToolbox
0x00007fff2c139000 	/System/Library/PrivateFrameworks/DataDetectorsCore.framework/Versions/A/DataDetectorsCore
0x00007fff288f1000 	/System/Library/Frameworks/Carbon.framework/Versions/A/Frameworks/HIToolbox.framework/Versions/A/HIToolbox
0x00007fff26e3c000 	/System/Library/Frameworks/QuartzCore.framework/Versions/A/QuartzCore
0x00007fff2fe90000 	/System/Library/Frameworks/Carbon.framework/Versions/A/Frameworks/SpeechRecognition.framework/Versions/A/SpeechRecognition
0x00007fff27140000 	/System/Library/PrivateFrameworks/CoreUI.framework/Versions/A/CoreUI
0x00007fff21ab9000 	/System/Library/Frameworks/CoreAudio.framework/Versions/A/CoreAudio
0x00007fff264ab000 	/System/Library/Frameworks/DiskArbitration.framework/Versions/A/DiskArbitration
0x00007fff2bd4b000 	/System/Library/PrivateFrameworks/MultitouchSupport.framework/Versions/A/MultitouchSupport
0x00007fff2c130000 	/System/Library/PrivateFrameworks/InternationalSupport.framework/Versions/A/InternationalSupport
0x00007fff24a8b000 	/usr/lib/libenergytrace.dylib
0x00007fff22a7b000 	/System/Library/Frameworks/IOKit.framework/Versions/A/IOKit
0x00007fff301dd000 	/System/Library/Frameworks/CoreServices.framework/Versions/A/CoreServices
0x00007fff2736e000 	/System/Library/PrivateFrameworks/PerformanceAnalysis.framework/Versions/A/PerformanceAnalysis
0x00007fff6b6cb000 	/System/Library/Frameworks/OpenGL.framework/Versions/A/OpenGL
0x00007fff2c1b5000 	/System/Library/PrivateFrameworks/UserActivity.framework/Versions/A/UserActivity
0x00007fff20210000 	/usr/lib/libobjc.A.dylib
0x00007fff25530000 	/System/Library/Frameworks/ColorSync.framework/Versions/A/ColorSync
0x00007fff203f2000 	/System/Library/Frameworks/CoreFoundation.framework/Versions/A/CoreFoundation
0x00007fff28e74000 	/System/Library/Frameworks/CoreImage.framework/Versions/A/CoreImage
0x00007fff218cf000 	/System/Library/Frameworks/CoreText.framework/Versions/A/CoreText
0x00007fff28c33000 	/System/Library/Frameworks/ImageIO.framework/Versions/A/ImageIO
0x00007fff2a6bc000 	/System/Library/PrivateFrameworks/SoftLinking.framework/Versions/A/SoftLinking
0x00007fff27423000 	/usr/lib/libxml2.2.dylib
0x00007fff202d6000 	/usr/lib/libc++.1.dylib
0x00007fff2a92e000 	/usr/lib/libcompression.dylib
0x00007fff24a8c000 	/usr/lib/libMobileGestalt.dylib
0x00007fff2c063000 	/System/Library/PrivateFrameworks/TextureIO.framework/Versions/A/TextureIO
0x00007fff2b01c000 	/usr/lib/libate.dylib
0x00007fff2a6b0000 	/usr/lib/system/libcache.dylib
0x00007fff2a66c000 	/usr/lib/system/libcommonCrypto.dylib
0x00007fff2a696000 	/usr/lib/system/libcompiler_rt.dylib
0x00007fff2a68b000 	/usr/lib/system/libcopyfile.dylib
0x00007fff20102000 	/usr/lib/system/libcorecrypto.dylib
0x00007fff201cb000 	/usr/lib/system/libdispatch.dylib
0x00007fff20380000 	/usr/lib/system/libdyld.dylib
0x00007fff2a6a7000 	/usr/lib/system/libkeymgr.dylib
0x00007fff2dc3d000 	/usr/lib/system/liblaunch.dylib
0x00007fff2a64a000 	/usr/lib/system/libmacho.dylib
0x00007fff29e5f000 	/usr/lib/system/libquarantine.dylib
0x00007fff2a6a4000 	/usr/lib/system/libremovefile.dylib
0x00007fff24ae8000 	/usr/lib/system/libsystem_asl.dylib
0x00007fff200b2000 	/usr/lib/system/libsystem_blocks.dylib
0x00007fff2024d000 	/usr/lib/system/libsystem_c.dylib
0x00007fff2a69e000 	/usr/lib/system/libsystem_collections.dylib
0x00007fff2924c000 	/usr/lib/system/libsystem_configuration.dylib
0x00007fff28536000 	/usr/lib/system/libsystem_containermanager.dylib
0x00007fff2a3e2000 	/usr/lib/system/libsystem_coreservices.dylib
0x00007fff2270f000 	/usr/lib/system/libsystem_darwin.dylib
0x00007fff2a6a8000 	/usr/lib/system/libsystem_dnssd.dylib
0x00007fff2024a000 	/usr/lib/system/libsystem_featureflags.dylib
0x00007fff203c6000 	/usr/lib/system/libsystem_info.dylib
0x00007fff2a5fd000 	/usr/lib/system/libsystem_m.dylib
0x00007fff2019e000 	/usr/lib/system/libsystem_malloc.dylib
0x00007fff24a7c000 	/usr/lib/system/libsystem_networkextension.dylib
0x00007fff22b29000 	/usr/lib/system/libsystem_notify.dylib
0x00007fff300db000 	/usr/lib/system/libsystem_product_info_filter.dylib
0x00007fff29250000 	/usr/lib/system/libsystem_sandbox.dylib
0x00007fff2a6a1000 	/usr/lib/system/libsystem_secinit.dylib
0x00007fff20345000 	/usr/lib/system/libsystem_kernel.dylib
0x00007fff203bc000 	/usr/lib/system/libsystem_platform.dylib
0x00007fff20374000 	/usr/lib/system/libsystem_pthread.dylib
0x00007fff2620e000 	/usr/lib/system/libsystem_symptoms.dylib
0x00007fff200ea000 	/usr/lib/system/libsystem_trace.dylib
0x00007fff2a678000 	/usr/lib/system/libunwind.dylib
0x00007fff200b4000 	/usr/lib/system/libxpc.dylib
0x00007fff2032c000 	/usr/lib/libc++abi.dylib
0x00007fff2a683000 	/usr/lib/liboah.dylib
0x00007fff2ad47000 	/usr/lib/liblzma.5.dylib
0x00007fff20de7000 	/System/Library/Frameworks/SystemConfiguration.framework/Versions/A/SystemConfiguration
0x00007fff2a6b8000 	/usr/lib/libfakelink.dylib
0x00007fff245df000 	/System/Library/Frameworks/CFNetwork.framework/Versions/A/CFNetwork
0x00007fff2a7f8000 	/usr/lib/libarchive.2.dylib
0x00007fff20e64000 	/usr/lib/libCRFSuite.dylib
0x00007fff29e86000 	/usr/lib/libbsm.0.dylib
0x00007fff23f9b000 	/usr/lib/libnetwork.dylib
0x00007fff2a6bd000 	/usr/lib/libpcap.A.dylib
0x00007fff26207000 	/usr/lib/libdns_services.dylib
0x00007fff2ad60000 	/usr/lib/libcoretls_cfhelpers.dylib
0x00007fff2a8fc000 	/usr/lib/libapple_nghttp2.dylib
0x00007fff2a650000 	/usr/lib/system/libkxld.dylib
0x00007fff25e75000 	/usr/lib/libsqlite3.dylib
0x00007fff2a3c4000 	/System/Library/PrivateFrameworks/AppleFSCompression.framework/Versions/A/AppleFSCompression
0x00007fff29e6e000 	/usr/lib/libcoretls.dylib
0x00007fff2a929000 	/usr/lib/libpam.2.dylib
0x00007fff2ae5d000 	/usr/lib/libxar.1.dylib
0x00007fff29257000 	/System/Library/PrivateFrameworks/AppleSystemInfo.framework/Versions/A/AppleSystemInfo
0x00007fff29ab1000 	/System/Library/PrivateFrameworks/IOMobileFramebuffer.framework/Versions/A/IOMobileFramebuffer
0x00007fff2a3d4000 	/usr/lib/libbz2.1.0.dylib
0x00007fff2a6f5000 	/usr/lib/libiconv.2.dylib
0x00007fff2a649000 	/usr/lib/libcharset.1.dylib
0x00007fff273aa000 	/System/Library/Frameworks/CoreServices.framework/Versions/A/Frameworks/FSEvents.framework/Versions/A/FSEvents
0x00007fff22719000 	/System/Library/Frameworks/CoreServices.framework/Versions/A/Frameworks/CarbonCore.framework/Versions/A/CarbonCore
0x00007fff26410000 	/System/Library/Frameworks/CoreServices.framework/Versions/A/Frameworks/Metadata.framework/Versions/A/Metadata
0x00007fff2a3e7000 	/System/Library/Frameworks/CoreServices.framework/Versions/A/Frameworks/OSServices.framework/Versions/A/OSServices
0x00007fff2a86a000 	/System/Library/Frameworks/CoreServices.framework/Versions/A/Frameworks/SearchKit.framework/Versions/A/SearchKit
0x00007fff26191000 	/System/Library/Frameworks/CoreServices.framework/Versions/A/Frameworks/AE.framework/Versions/A/AE
0x00007fff2088e000 	/System/Library/Frameworks/CoreServices.framework/Versions/A/Frameworks/LaunchServices.framework/Versions/A/LaunchServices
0x00007fff2acf8000 	/System/Library/Frameworks/CoreServices.framework/Versions/A/Frameworks/DictionaryServices.framework/Versions/A/DictionaryServices
0x00007fff273b3000 	/System/Library/Frameworks/CoreServices.framework/Versions/A/Frameworks/SharedFileList.framework/Versions/A/SharedFileList
0x00007fff29e62000 	/usr/lib/libCheckFix.dylib
0x00007fff24aff000 	/System/Library/PrivateFrameworks/TCC.framework/Versions/A/TCC
0x00007fff2925d000 	/System/Library/PrivateFrameworks/CoreNLP.framework/Versions/A/CoreNLP
0x00007fff263c3000 	/System/Library/PrivateFrameworks/MetadataUtilities.framework/Versions/A/MetadataUtilities
0x00007fff20e9a000 	/usr/lib/libmecabra.dylib
0x00007fff2a176000 	/System/Library/Frameworks/MLCompute.framework/Versions/A/MLCompute
0x00007fff29e97000 	/usr/lib/libmecab.dylib
0x00007fff29ee1000 	/usr/lib/libgermantok.dylib
0x00007fff2a8d2000 	/usr/lib/libThaiTokenizer.dylib
0x00007fff2ae98000 	/usr/lib/libChineseTokenizer.dylib
0x00007fff2a927000 	/System/Library/Frameworks/MetalPerformanceShaders.framework/Versions/A/MetalPerformanceShaders
0x00007fff264b2000 	/System/Library/Frameworks/Accelerate.framework/Versions/A/Frameworks/vImage.framework/Versions/A/vImage
0x00007fff301b6000 	/System/Library/Frameworks/Accelerate.framework/Versions/A/Frameworks/vecLib.framework/Versions/A/vecLib
0x00007fff2aea3000 	/System/Library/Frameworks/Accelerate.framework/Versions/A/Frameworks/vecLib.framework/Versions/A/libvMisc.dylib
0x00007fff2990d000 	/System/Library/Frameworks/Accelerate.framework/Versions/A/Frameworks/vecLib.framework/Versions/A/libvDSP.dylib
0x00007fff20b91000 	/System/Library/Frameworks/Accelerate.framework/Versions/A/Frameworks/vecLib.framework/Versions/A/libBLAS.dylib
0x00007fff2a94d000 	/System/Library/Frameworks/Accelerate.framework/Versions/A/Frameworks/vecLib.framework/Versions/A/libLAPACK.dylib
0x00007fff29ee7000 	/System/Library/Frameworks/Accelerate.framework/Versions/A/Frameworks/vecLib.framework/Versions/A/libLinearAlgebra.dylib
0x00007fff2a914000 	/System/Library/Frameworks/Accelerate.framework/Versions/A/Frameworks/vecLib.framework/Versions/A/libSparseBLAS.dylib
0x00007fff2a947000 	/System/Library/Frameworks/Accelerate.framework/Versions/A/Frameworks/vecLib.framework/Versions/A/libQuadrature.dylib
0x00007fff29305000 	/System/Library/Frameworks/Accelerate.framework/Versions/A/Frameworks/vecLib.framework/Versions/A/libBNNS.dylib
0x00007fff20d78000 	/System/Library/Frameworks/Accelerate.framework/Versions/A/Frameworks/vecLib.framework/Versions/A/libSparse.dylib
0x00007fff291f0000 	/System/Library/Frameworks/MetalPerformanceShaders.framework/Versions/A/Frameworks/MPSCore.framework/Versions/A/MPSCore
0x00007fff2a333000 	/System/Library/Frameworks/MetalPerformanceShaders.framework/Versions/A/Frameworks/MPSImage.framework/Versions/A/MPSImage
0x00007fff29efe000 	/System/Library/Frameworks/MetalPerformanceShaders.framework/Versions/A/Frameworks/MPSNeuralNetwork.framework/Versions/A/MPSNeuralNetwork
0x00007fff2a2be000 	/System/Library/Frameworks/MetalPerformanceShaders.framework/Versions/A/Frameworks/MPSMatrix.framework/Versions/A/MPSMatrix
0x00007fff2a126000 	/System/Library/Frameworks/MetalPerformanceShaders.framework/Versions/A/Frameworks/MPSRayIntersector.framework/Versions/A/MPSRayIntersector
0x00007fff2a2f5000 	/System/Library/Frameworks/MetalPerformanceShaders.framework/Versions/A/Frameworks/MPSNDArray.framework/Versions/A/MPSNDArray
0x00007fff20abd000 	/System/Library/PrivateFrameworks/MetalTools.framework/Versions/A/MetalTools
0x00007fff29255000 	/System/Library/PrivateFrameworks/AggregateDictionary.framework/Versions/A/AggregateDictionary
0x00007fff2639b000 	/System/Library/PrivateFrameworks/CoreAnalytics.framework/Versions/A/CoreAnalytics
0x00007fff2a8d4000 	/System/Library/PrivateFrameworks/AppleSauce.framework/Versions/A/AppleSauce
0x00007fff28559000 	/System/Library/PrivateFrameworks/IOAccelerator.framework/Versions/A/IOAccelerator
0x00007fff6b6bf000 	/System/Library/Frameworks/OpenGL.framework/Versions/A/Libraries/libCoreFSCache.dylib
0x00007fff21435000 	/System/Library/PrivateFrameworks/LanguageModeling.framework/Versions/A/LanguageModeling
0x00007fff29a9e000 	/System/Library/PrivateFrameworks/CoreEmoji.framework/Versions/A/CoreEmoji
0x00007fff292fe000 	/System/Library/PrivateFrameworks/LinguisticData.framework/Versions/A/LinguisticData
0x00007fff20d2a000 	/System/Library/PrivateFrameworks/Lexicon.framework/Versions/A/Lexicon
0x00007fff2a7e6000 	/usr/lib/libcmph.dylib
0x00007fff2738a000 	/System/Library/Frameworks/OpenDirectory.framework/Versions/A/Frameworks/CFOpenDirectory.framework/Versions/A/CFOpenDirectory
0x00007fff2737a000 	/System/Library/Frameworks/OpenDirectory.framework/Versions/A/OpenDirectory
0x00007fff2ad62000 	/System/Library/PrivateFrameworks/APFS.framework/Versions/A/APFS
0x00007fff29dc3000 	/System/Library/Frameworks/SecurityFoundation.framework/Versions/A/SecurityFoundation
0x00007fff2ae6b000 	/usr/lib/libutil.dylib
0x00007fff22a40000 	/System/Library/PrivateFrameworks/CoreServicesStore.framework/Versions/A/CoreServicesStore
0x00007fff29e5a000 	/System/Library/Frameworks/ServiceManagement.framework/Versions/A/ServiceManagement
0x00007fff2ae6f000 	/usr/lib/libxslt.1.dylib
0x00007fff29e50000 	/System/Library/PrivateFrameworks/BackgroundTaskManagement.framework/Versions/A/BackgroundTaskManagement
0x00007fff2bfae000 	/System/Library/Frameworks/ImageIO.framework/Versions/A/Resources/libRadiance.dylib
0x00007fff2bfb7000 	/System/Library/Frameworks/ImageIO.framework/Versions/A/Resources/libJPEG.dylib
0x00007fff2bf05000 	/System/Library/Frameworks/ImageIO.framework/Versions/A/Resources/libPng.dylib
0x00007fff2bf2c000 	/System/Library/Frameworks/ImageIO.framework/Versions/A/Resources/libTIFF.dylib
0x00007fff2c00c000 	/System/Library/Frameworks/ImageIO.framework/Versions/A/Resources/libGIF.dylib
0x00007fff2bc69000 	/System/Library/Frameworks/ImageIO.framework/Versions/A/Resources/libJP2.dylib
0x00007fff2b355000 	/usr/lib/libexpat.1.dylib
0x00007fff2bc1f000 	/System/Library/PrivateFrameworks/AppleJPEG.framework/Versions/A/AppleJPEG
0x00007fff28794000 	/System/Library/PrivateFrameworks/FontServices.framework/libFontParser.dylib
0x00007fff26145000 	/System/Library/PrivateFrameworks/RunningBoardServices.framework/Versions/A/RunningBoardServices
0x00007fff2bd47000 	/System/Library/PrivateFrameworks/WatchdogClient.framework/Versions/A/WatchdogClient
0x00007fff21522000 	/System/Library/Frameworks/CoreDisplay.framework/Versions/A/CoreDisplay
0x00007fff286a9000 	/System/Library/Frameworks/CoreMedia.framework/Versions/A/CoreMedia
0x00007fff27506000 	/System/Library/Frameworks/CoreVideo.framework/Versions/A/CoreVideo
0x00007fff2bd7f000 	/System/Library/Frameworks/VideoToolbox.framework/Versions/A/VideoToolbox
0x00007fff260c3000 	/System/Library/PrivateFrameworks/BaseBoard.framework/Versions/A/BaseBoard
0x00007fff2b49a000 	/System/Library/PrivateFrameworks/PersistentConnection.framework/Versions/A/PersistentConnection
0x00007fff25e5e000 	/System/Library/PrivateFrameworks/ProtocolBuffer.framework/Versions/A/ProtocolBuffer
0x00007fff260aa000 	/System/Library/PrivateFrameworks/CommonUtilities.framework/Versions/A/CommonUtilities
0x00007fff2bbb4000 	/System/Library/PrivateFrameworks/Bom.framework/Versions/A/Bom
0x00007fff2bfa7000 	/System/Library/PrivateFrameworks/GPUWrangler.framework/Versions/A/GPUWrangler
0x00007fff2bf8a000 	/System/Library/PrivateFrameworks/IOPresentment.framework/Versions/A/IOPresentment
0x00007fff2bfb1000 	/System/Library/PrivateFrameworks/DSExternalDisplay.framework/Versions/A/DSExternalDisplay
0x00007fff2c011000 	/System/Library/PrivateFrameworks/CMCaptureCore.framework/Versions/A/CMCaptureCore
0x00007fff2b93a000 	/System/Library/PrivateFrameworks/AppServerSupport.framework/Versions/A/AppServerSupport
0x00007fff2d9de000 	/System/Library/PrivateFrameworks/perfdata.framework/Versions/A/perfdata
0x00007fff29db2000 	/System/Library/PrivateFrameworks/AssertionServices.framework/Versions/A/AssertionServices
0x00007fff21659000 	/System/Library/PrivateFrameworks/AudioToolboxCore.framework/Versions/A/AudioToolboxCore
0x00007fff2868c000 	/System/Library/PrivateFrameworks/caulk.framework/Versions/A/caulk
0x00007fff3cc6d000 	/System/Library/PrivateFrameworks/SystemPolicy.framework/Versions/A/SystemPolicy
0x00007fff2b14b000 	/usr/lib/libIOReport.dylib
0x00007fff2d200000 	/usr/lib/libSMC.dylib
0x00007fff2bed2000 	/usr/lib/libAudioToolboxUtility.dylib
0x00007fff3d5d2000 	/usr/lib/libmis.dylib
0x00007fff6b71b000 	/System/Library/Frameworks/OpenGL.framework/Versions/A/Libraries/libGLU.dylib
0x00007fff6b6de000 	/System/Library/Frameworks/OpenGL.framework/Versions/A/Libraries/libGFXShared.dylib
0x00007fff6b8ed000 	/System/Library/Frameworks/OpenGL.framework/Versions/A/Libraries/libGL.dylib
0x00007fff6b6e7000 	/System/Library/Frameworks/OpenGL.framework/Versions/A/Libraries/libGLImage.dylib
0x00007fff6b6db000 	/System/Library/Frameworks/OpenGL.framework/Versions/A/Libraries/libCVMSPluginSupport.dylib
0x00007fff6b6c6000 	/System/Library/Frameworks/OpenGL.framework/Versions/A/Libraries/libCoreVMClient.dylib
0x00007fff6cd2e000 	/System/Library/Frameworks/OpenCL.framework/Versions/A/OpenCL
0x00007fff2b4c4000 	/System/Library/PrivateFrameworks/GraphVisualizer.framework/Versions/A/GraphVisualizer
0x00007fff2b4d3000 	/System/Library/PrivateFrameworks/FaceCore.framework/Versions/A/FaceCore
0x00007fff2b8ef000 	/System/Library/PrivateFrameworks/OTSVG.framework/Versions/A/OTSVG
0x00007fff270fe000 	/System/Library/Frameworks/ApplicationServices.framework/Versions/A/Frameworks/ATS.framework/Versions/A/Resources/libFontRegistry.dylib
0x00007fff2b941000 	/System/Library/PrivateFrameworks/FontServices.framework/libhvf.dylib
0x00007fff2b301000 	/System/Library/PrivateFrameworks/AppleVA.framework/Versions/A/AppleVA
0x00007fff2d049000 	/System/Library/Frameworks/ApplicationServices.framework/Versions/A/Frameworks/ATS.framework/Versions/A/ATS
0x00007fff2d35b000 	/System/Library/Frameworks/ApplicationServices.framework/Versions/A/Frameworks/ColorSyncLegacy.framework/Versions/A/ColorSyncLegacy
0x00007fff25627000 	/System/Library/Frameworks/ApplicationServices.framework/Versions/A/Frameworks/HIServices.framework/Versions/A/HIServices
0x00007fff2d340000 	/System/Library/Frameworks/ApplicationServices.framework/Versions/A/Frameworks/LangAnalysis.framework/Versions/A/LangAnalysis
0x00007fff2c01b000 	/System/Library/Frameworks/ApplicationServices.framework/Versions/A/Frameworks/PrintCore.framework/Versions/A/PrintCore
0x00007fff2d363000 	/System/Library/Frameworks/ApplicationServices.framework/Versions/A/Frameworks/QD.framework/Versions/A/QD
0x00007fff2d039000 	/System/Library/Frameworks/ApplicationServices.framework/Versions/A/Frameworks/SpeechSynthesis.framework/Versions/A/SpeechSynthesis
0x00007fff2bfdc000 	/System/Library/Frameworks/ApplicationServices.framework/Versions/A/Frameworks/ATSUI.framework/Versions/A/ATSUI
0x00007fff2d2e0000 	/usr/lib/libcups.2.dylib
0x00007fff2d350000 	/System/Library/PrivateFrameworks/NetAuth.framework/Versions/A/NetAuth
0x00007fff2d9fa000 	/System/Library/Frameworks/Kerberos.framework/Versions/A/Kerberos
0x00007fff2da0a000 	/System/Library/Frameworks/GSS.framework/Versions/A/GSS
0x00007fff2d0b5000 	/usr/lib/libresolv.9.dylib
0x00007fff2b956000 	/System/Library/PrivateFrameworks/Heimdal.framework/Versions/A/Heimdal
0x00007fff33771000 	/System/Library/Frameworks/Kerberos.framework/Versions/A/Libraries/libHeimdalProxy.dylib
0x00007fff26216000 	/System/Library/Frameworks/Network.framework/Versions/A/Network
0x00007fff2b36f000 	/usr/lib/libheimdal-asn1.dylib
0x00007fff2da5a000 	/System/Library/PrivateFrameworks/CommonAuth.framework/Versions/A/CommonAuth
0x00007fff27553000 	/System/Library/PrivateFrameworks/login.framework/Versions/A/Frameworks/loginsupport.framework/Versions/A/loginsupport
0x00007fff2cfbe000 	/System/Library/PrivateFrameworks/AudioSession.framework/Versions/A/AudioSession
0x00007fff2d026000 	/usr/lib/libAudioStatistics.dylib
0x00007fff2b3fc000 	/System/Library/PrivateFrameworks/MediaExperience.framework/Versions/A/MediaExperience
0x00007fff2ce5c000 	/System/Library/PrivateFrameworks/AudioSession.framework/libSessionUtility.dylib
0x00007fff2d9eb000 	/usr/lib/libperfcheck.dylib
0x00007fff2d36f000 	/System/Library/PrivateFrameworks/AudioResourceArbitration.framework/Versions/A/AudioResourceArbitration
0x00007fff2b379000 	/System/Library/PrivateFrameworks/IconFoundation.framework/Versions/A/IconFoundation
0x00007fff2fe80000 	/System/Library/PrivateFrameworks/SpeechRecognitionCore.framework/Versions/A/SpeechRecognitionCore
0x000000010c800000 	/Library/Java/JavaVirtualMachines/temurin-11.jdk/Contents/Home/lib/server/libjvm.dylib
0x000000010867a000 	/Library/Java/JavaVirtualMachines/temurin-11.jdk/Contents/Home/lib/libverify.dylib
0x00000001086f4000 	/Library/Java/JavaVirtualMachines/temurin-11.jdk/Contents/Home/lib/libjava.dylib
0x000000010875b000 	/Library/Java/JavaVirtualMachines/temurin-11.jdk/Contents/Home/lib/libjimage.dylib
0x00000001087b4000 	/Library/Java/JavaVirtualMachines/temurin-11.jdk/Contents/Home/lib/libzip.dylib
0x000000012f925000 	/Library/Java/JavaVirtualMachines/temurin-11.jdk/Contents/Home/lib/libnio.dylib
0x000000012f951000 	/Library/Java/JavaVirtualMachines/temurin-11.jdk/Contents/Home/lib/libnet.dylib
0x000000012f9e6000 	/private/var/folders/nh/fv2kxjws39g4v_znwf4s235r0000gn/T/libgdxkhalidalotaibi/ccbdf3b/libgdx64.dylib
0x000000012fa9f000 	/Library/Java/JavaVirtualMachines/temurin-11.jdk/Contents/Home/lib/libawt.dylib
0x000000012fbe4000 	/Library/Java/JavaVirtualMachines/temurin-11.jdk/Contents/Home/lib/libmlib_image.dylib
0x00007fff6e75e000 	/System/Library/Frameworks/JavaRuntimeSupport.framework/Versions/A/JavaRuntimeSupport
0x00007fff3c9ef000 	/System/Library/Frameworks/Carbon.framework/Versions/A/Carbon
0x00007fff31e60000 	/System/Library/PrivateFrameworks/CoreSymbolication.framework/Versions/A/CoreSymbolication
0x00007fff36657000 	/System/Library/Frameworks/Carbon.framework/Versions/A/Frameworks/CommonPanels.framework/Versions/A/CommonPanels
0x00007fff33230000 	/System/Library/Frameworks/Carbon.framework/Versions/A/Frameworks/Help.framework/Versions/A/Help
0x00007fff3665b000 	/System/Library/Frameworks/Carbon.framework/Versions/A/Frameworks/ImageCapture.framework/Versions/A/ImageCapture
0x00007fff36633000 	/System/Library/Frameworks/Carbon.framework/Versions/A/Frameworks/OpenScripting.framework/Versions/A/OpenScripting
0x00007fff36653000 	/System/Library/Frameworks/Carbon.framework/Versions/A/Frameworks/Ink.framework/Versions/A/Ink
0x00007fff3c9eb000 	/System/Library/Frameworks/Carbon.framework/Versions/A/Frameworks/Print.framework/Versions/A/Print
0x00007fff3664f000 	/System/Library/Frameworks/Carbon.framework/Versions/A/Frameworks/SecurityHI.framework/Versions/A/SecurityHI
0x00007fff31e23000 	/System/Library/PrivateFrameworks/DebugSymbols.framework/Versions/A/DebugSymbols
0x000000012fcd4000 	/Library/Java/JavaVirtualMachines/temurin-11.jdk/Contents/Home/lib/libawt_lwawt.dylib
0x000000012fee0000 	/Library/Java/JavaVirtualMachines/temurin-11.jdk/Contents/Home/lib/libosxapp.dylib
0x00007fff3c077000 	/System/Library/Frameworks/ExceptionHandling.framework/Versions/A/ExceptionHandling
0x000000012ffae000 	/Library/Java/JavaVirtualMachines/temurin-11.jdk/Contents/Home/lib/libfontmanager.dylib
0x000000012ffd1000 	/Library/Java/JavaVirtualMachines/temurin-11.jdk/Contents/Home/lib/libharfbuzz.dylib
0x00000001301e7000 	/Library/Java/JavaVirtualMachines/temurin-11.jdk/Contents/Home/lib/libfreetype.dylib
0x00007fff22a01000 	/System/Library/PrivateFrameworks/CoreServicesInternal.framework/Versions/A/CoreServicesInternal
0x00007fff31386000 	/System/Library/Frameworks/FileProvider.framework/Versions/A/FileProvider
0x00007fff2602d000 	/System/Library/Frameworks/Accounts.framework/Versions/A/Accounts
0x00007fff314a7000 	/System/Library/PrivateFrameworks/GenerationalStorage.framework/Versions/A/GenerationalStorage
0x00007fff30da5000 	/System/Library/PrivateFrameworks/SymptomDiagnosticReporter.framework/Versions/A/SymptomDiagnosticReporter
0x00007fff2e697000 	/System/Library/PrivateFrameworks/AppContainer.framework/Versions/A/AppContainer
0x00007fff23b44000 	/System/Library/PrivateFrameworks/DesktopServicesPriv.framework/Versions/A/DesktopServicesPriv
0x00007fff22b35000 	/usr/lib/libsandbox.1.dylib
0x00007fff2757f000 	/System/Library/PrivateFrameworks/UserManagement.framework/Versions/A/UserManagement
0x00007fff29d8f000 	/System/Library/PrivateFrameworks/MobileKeyBag.framework/Versions/A/MobileKeyBag
0x00007fff347d3000 	/System/Library/PrivateFrameworks/ChunkingLibrary.framework/Versions/A/ChunkingLibrary
0x00007fff2e6ac000 	/System/Library/PrivateFrameworks/SecCodeWrapper.framework/Versions/A/SecCodeWrapper
0x00007fff2b153000 	/System/Library/PrivateFrameworks/CrashReporterSupport.framework/Versions/A/CrashReporterSupport
0x00007fff47a6f000 	/System/Library/PrivateFrameworks/OSAnalytics.framework/Versions/A/OSAnalytics
0x00007fff782e1000 	/usr/lib/libRosetta.dylib
0x00007fff331c1000 	/System/Library/PrivateFrameworks/RemoteServiceDiscovery.framework/Versions/A/RemoteServiceDiscovery
0x00007fff51543000 	/System/Library/PrivateFrameworks/Symbolication.framework/Versions/A/Symbolication
0x00007fff331d1000 	/System/Library/PrivateFrameworks/RemoteXPC.framework/Versions/A/RemoteXPC
0x00007fff394bc000 	/System/Library/PrivateFrameworks/OSAServicesClient.framework/Versions/A/OSAServicesClient
0x00007fff3d5b1000 	/System/Library/PrivateFrameworks/MallocStackLogging.framework/Versions/A/MallocStackLogging
0x00007fff2e42f000 	/System/Library/PrivateFrameworks/Sharing.framework/Versions/A/Sharing
0x00007fff32d9e000 	/System/Library/PrivateFrameworks/Apple80211.framework/Versions/A/Apple80211
0x00007fff2a415000 	/System/Library/PrivateFrameworks/AuthKit.framework/Versions/A/AuthKit
0x00007fff29b8f000 	/System/Library/PrivateFrameworks/CoreUtils.framework/Versions/A/CoreUtils
0x00007fff29abc000 	/System/Library/Frameworks/CoreWLAN.framework/Versions/A/CoreWLAN
0x00007fff2e576000 	/System/Library/Frameworks/IOBluetooth.framework/Versions/A/IOBluetooth
0x00007fff32e02000 	/System/Library/PrivateFrameworks/CoreWiFi.framework/Versions/A/CoreWiFi
0x00007fff2dae0000 	/System/Library/PrivateFrameworks/CorePhoneNumbers.framework/Versions/A/CorePhoneNumbers
0x00007fff30ead000 	/System/Library/PrivateFrameworks/DiskManagement.framework/Versions/A/DiskManagement
0x00007fff30dc3000 	/System/Library/PrivateFrameworks/AppleIDAuthSupport.framework/Versions/A/AppleIDAuthSupport
0x00007fff2dabd000 	/System/Library/PrivateFrameworks/KeychainCircle.framework/Versions/A/KeychainCircle
0x00007fff30e79000 	/System/Library/PrivateFrameworks/MediaKit.framework/Versions/A/MediaKit
0x00007fff30dd0000 	/System/Library/Frameworks/DiscRecording.framework/Versions/A/DiscRecording
0x00007fff2b275000 	/usr/lib/libCoreStorage.dylib
0x00007fff3323c000 	/usr/lib/libcsfde.dylib
0x00007fff2e6b0000 	/System/Library/PrivateFrameworks/ProtectedCloudStorage.framework/Versions/A/ProtectedCloudStorage
0x00007fff33234000 	/System/Library/PrivateFrameworks/EFILogin.framework/Versions/A/EFILogin
0x00007fff33824000 	/System/Library/Frameworks/AudioUnit.framework/Versions/A/AudioUnit
0x00007fff30d0f000 	/System/Library/Frameworks/CoreBluetooth.framework/Versions/A/CoreBluetooth
0x00007fff2b26d000 	/usr/lib/libMatch.1.dylib
0x00007fff4378e000 	/System/Library/CoreServices/RawCamera.bundle/Contents/MacOS/RawCamera
0x00007fff2da6b000 	/System/Library/PrivateFrameworks/MobileAsset.framework/Versions/A/MobileAsset
0x00007fff33849000 	/System/Library/PrivateFrameworks/StreamingZip.framework/Versions/A/StreamingZip
0x00007fff2c214000 	/System/Library/Frameworks/MediaToolbox.framework/Versions/A/MediaToolbox
0x00007fff31358000 	/System/Library/PrivateFrameworks/CoreAVCHD.framework/Versions/A/CoreAVCHD
0x00007fff304ec000 	/System/Library/Frameworks/MediaAccessibility.framework/Versions/A/MediaAccessibility
0x00007fff31354000 	/System/Library/PrivateFrameworks/Mangrove.framework/Versions/A/Mangrove
0x00007fff304f8000 	/System/Library/PrivateFrameworks/AlgosScoreFramework.framework/Versions/A/AlgosScoreFramework
0x00007fff31d13000 	/System/Library/PrivateFrameworks/AppleVPA.framework/Versions/A/AppleVPA
0x00007fff30f99000 	/System/Library/PrivateFrameworks/CoreAUC.framework/Versions/A/CoreAUC
0x00007fff41182000 	/System/Library/Frameworks/Accelerate.framework/Versions/A/Frameworks/vImage.framework/Versions/A/Libraries/libCGInterfaces.dylib
0x000000012f86c000 	/usr/lib/libobjc-trampolines.dylib
0x00007fff27282000 	/System/Library/PrivateFrameworks/ViewBridge.framework/Versions/A/ViewBridge
0x00007fff2ba17000 	/System/Library/PrivateFrameworks/login.framework/Versions/A/login
0x0000000135062000 	/private/var/folders/nh/fv2kxjws39g4v_znwf4s235r0000gn/T/libgdxkhalidalotaibi/f7649394/liblwjgl.dylib
0x000000013387e000 	/Library/Java/JavaVirtualMachines/temurin-11.jdk/Contents/Home/lib/libjawt.dylib
0x0000000135165000 	/private/var/folders/nh/fv2kxjws39g4v_znwf4s235r0000gn/T/libgdxkhalidalotaibi/f7649394/openal.dylib
0x0000000135226000 	/System/Library/Components/CoreAudio.component/Contents/MacOS/CoreAudio
0x00007fff6b8f8000 	/System/Library/Frameworks/OpenGL.framework/Versions/A/Resources/GLEngine.bundle/GLEngine
0x00007fff6b758000 	/System/Library/Frameworks/OpenGL.framework/Versions/A/Libraries/libGLProgrammability.dylib
0x0000000135888000 	/System/Library/Extensions/AppleMetalGLRenderer.bundle/Contents/MacOS/AppleMetalGLRenderer
0x00007fff6ba74000 	/System/Library/Frameworks/OpenGL.framework/Versions/A/Resources/GLRendererFloat.bundle/GLRendererFloat
0x00000001359de000 	/System/Library/Extensions/AGXMetal13_3.bundle/Contents/MacOS/AGXMetal13_3
0x00007fff38821000 	/System/Library/PrivateFrameworks/IOGPU.framework/Versions/A/IOGPU
0x00007fff69251000 	/System/Library/PrivateFrameworks/GPUCompiler.framework/Versions/31001/Libraries/libmetal_timestamp.dylib
0x00007fff30529000 	/System/Library/PrivateFrameworks/SystemAdministration.framework/Versions/A/SystemAdministration
0x00007fff2fe48000 	/System/Library/Frameworks/DirectoryService.framework/Versions/A/DirectoryService
0x00007fff330da000 	/System/Library/PrivateFrameworks/DiskImages.framework/Versions/A/DiskImages
0x00007fff332ae000 	/System/Library/PrivateFrameworks/LoginUIKit.framework/Versions/A/Frameworks/LoginUICore.framework/Versions/A/LoginUICore
0x00007fff2bbb0000 	/usr/lib/libodfde.dylib
0x00007fff33248000 	/usr/lib/libcurl.4.dylib
0x00007fff32fa8000 	/usr/lib/libcrypto.44.dylib
0x00007fff330ac000 	/usr/lib/libssl.46.dylib
0x00007fff32f6e000 	/System/Library/Frameworks/LDAP.framework/Versions/A/LDAP
0x00007fff32fa6000 	/System/Library/PrivateFrameworks/TrustEvaluationAgent.framework/Versions/A/TrustEvaluationAgent
0x00007fff2d0ce000 	/usr/lib/libsasl2.2.dylib
0x00007fff3051d000 	/System/Library/PrivateFrameworks/CoreDaemon.framework/Versions/B/CoreDaemon
0x00007fff30518000 	/System/Library/PrivateFrameworks/AppleSRP.framework/Versions/A/AppleSRP


VM Arguments:
jvm_args: -Dfile.encoding=UTF-8 
java_command: com.cs196.midcard.desktop.DesktopLauncher
java_class_path (initial): /Users/khalidalotaibi/Documents/CS196 Project/Group32-FA21/Project/group32/desktop/bin/main:/journey-to-midcard-core/bin/default:/Users/khalidalotaibi/Documents/CS196 Project/Group32-FA21/Project/group32/core/bin/main:/Users/khalidalotaibi/.gradle/caches/modules-2/files-2.1/com.badlogicgames.gdx/gdx-backend-lwjgl/1.10.0/58ff89d9e4fd8a82591367f187d606e781cacc05/gdx-backend-lwjgl-1.10.0.jar:/Users/khalidalotaibi/.gradle/caches/modules-2/files-2.1/com.badlogicgames.gdx/gdx-platform/1.10.0/9a8fa793d2fd6d360afc6c9e4c1f5583da263b88/gdx-platform-1.10.0-natives-desktop.jar:/Users/khalidalotaibi/.gradle/caches/modules-2/files-2.1/com.badlogicgames.gdx/gdx/1.10.0/74c240f79dc4fb6b766a834249600d0a019d0489/gdx-1.10.0.jar:/Users/khalidalotaibi/.gradle/caches/modules-2/files-2.1/org.lwjgl.lwjgl/lwjgl_util/2.9.3/751f06b62424da056954c67288fd5c494431e350/lwjgl_util-2.9.3.jar:/Users/khalidalotaibi/.gradle/caches/modules-2/files-2.1/org.lwjgl.lwjgl/lwjgl/2.9.3/3df168ac74e4a8c96562cdff24ad352e255bf89c/lwjgl-2.9.3.jar:/Users/khalidalotaibi/.gradle/caches/modules-2/files-2.1/com.badlogicgames.jlayer/jlayer/1.0.1-gdx/7cca83cec5c1b2f011362f4d85aabd71a73b049d/jlayer-1.0.1-gdx.jar:/Users/khalidalotaibi/.gradle/caches/modules-2/files-2.1/org.jcraft/jorbis/0.0.17/8872d22b293e8f5d7d56ff92be966e6dc28ebdc6/jorbis-0.0.17.jar:/Users/khalidalotaibi/.gradle/caches/modules-2/files-2.1/org.lwjgl.lwjgl/lwjgl-platform/2.9.3/fbc2afb3e288578e9942578decb6291a490549a0/lwjgl-platform-2.9.3-natives-windows.jar:/Users/khalidalotaibi/.gradle/caches/modules-2/files-2.1/org.lwjgl.lwjgl/lwjgl-platform/2.9.3/b1eafe80093381c56415731e1d64279e6140bcd0/lwjgl-platform-2.9.3-natives-linux.jar:/Users/khalidalotaibi/.gradle/caches/modules-2/files-2.1/org.lwjgl.lwjgl/lwjgl-platform/2.9.3/6686cf6ddaa20b4290aa6599a09bc0d17369be05/lwjgl-platform-2.9.3-natives-osx.jar:/Users/khalidalotaibi/.gradle/caches/modules-2/files-2.1/net.java.jinput/jinput/2.0.5/39c7796b469a600f72380316f6b1f11db6c2c7c4/jinput-2
Launcher Type: SUN_STANDARD

[Global flags]
     intx CICompilerCount                          = 4                                         {product} {ergonomic}
     uint ConcGCThreads                            = 2                                         {product} {ergonomic}
     uint G1ConcRefinementThreads                  = 8                                         {product} {ergonomic}
   size_t G1HeapRegionSize                         = 1048576                                   {product} {ergonomic}
    uintx GCDrainStackTargetSize                   = 64                                        {product} {ergonomic}
   size_t InitialHeapSize                          = 134217728                                 {product} {ergonomic}
   size_t MarkStackSize                            = 4194304                                   {product} {ergonomic}
   size_t MaxHeapSize                              = 2147483648                                {product} {ergonomic}
   size_t MaxNewSize                               = 1287651328                                {product} {ergonomic}
   size_t MinHeapDeltaBytes                        = 1048576                                   {product} {ergonomic}
    uintx NonNMethodCodeHeapSize                   = 5836300                                {pd product} {ergonomic}
    uintx NonProfiledCodeHeapSize                  = 122910970                              {pd product} {ergonomic}
    uintx ProfiledCodeHeapSize                     = 122910970                              {pd product} {ergonomic}
    uintx ReservedCodeCacheSize                    = 251658240                              {pd product} {ergonomic}
     bool SegmentedCodeCache                       = true                                      {product} {ergonomic}
     bool UseCompressedClassPointers               = true                                 {lp64_product} {ergonomic}
     bool UseCompressedOops                        = true                                 {lp64_product} {ergonomic}
     bool UseG1GC                                  = true                                      {product} {ergonomic}

Logging:
Log output configuration:
 #0: stdout all=warning uptime,level,tags
 #1: stderr all=off uptime,level,tags

Environment Variables:
PATH=/usr/local/bin:/usr/bin:/bin:/usr/sbin:/sbin:/Library/Apple/usr/bin:/Users/khalidalotaibi/opt/miniconda3/bin:/Users/khalidalotaibi/opt/miniconda3/condabin:/opt/homebrew/bin:/opt/homebrew/sbin
SHELL=/bin/zsh
LANG=en_US.UTF-8

Signal Handlers:
SIGSEGV: [libjvm.dylib+0x7c73e4], sa_mask[0]=11111111111111111111111111111111, sa_flags=SA_ONSTACK|SA_RESTART|SA_SIGINFO
SIGBUS: [libjvm.dylib+0x7c73e4], sa_mask[0]=11111111111111111111111111111111, sa_flags=SA_RESTART|SA_SIGINFO
SIGFPE: [libjvm.dylib+0x7c73e4], sa_mask[0]=11111111111111111111111111111111, sa_flags=SA_RESTART|SA_SIGINFO
SIGPIPE: [libjvm.dylib+0x62c4e1], sa_mask[0]=11111111111111111111111111111111, sa_flags=SA_RESTART|SA_SIGINFO
SIGXFSZ: [libjvm.dylib+0x62c4e1], sa_mask[0]=11111111111111111111111111111111, sa_flags=SA_RESTART|SA_SIGINFO
SIGILL: [libjvm.dylib+0x7c73e4], sa_mask[0]=11111111111111111111111111111111, sa_flags=SA_RESTART|SA_SIGINFO
SIGUSR2: [libjvm.dylib+0x62cac9], sa_mask[0]=00000000000000000000000000000000, sa_flags=SA_RESTART|SA_SIGINFO
SIGHUP: [libjvm.dylib+0x62b667], sa_mask[0]=11111111111111111111111111111111, sa_flags=SA_RESTART|SA_SIGINFO
SIGINT: [libjvm.dylib+0x62b667], sa_mask[0]=11111111111111111111111111111111, sa_flags=SA_RESTART|SA_SIGINFO
SIGTERM: [libjvm.dylib+0x62b667], sa_mask[0]=11111111111111111111111111111111, sa_flags=SA_RESTART|SA_SIGINFO
SIGQUIT: [libjvm.dylib+0x62b667], sa_mask[0]=11111111111111111111111111111111, sa_flags=SA_RESTART|SA_SIGINFO


---------------  S Y S T E M  ---------------

OS:uname:Darwin 20.1.0 Darwin Kernel Version 20.1.0: Sun Oct 18 15:32:00 PDT 2020; root:xnu-7195.41.8~9/RELEASE_ARM64_T8101 x86_64
OS uptime: 1 days 18:09 hours
rlimit (soft/hard): STACK 8176k/65520k , CORE 0k/infinity , NPROC 1333/2000 , NOFILE 10240/infinity , AS infinity/infinity , CPU infinity/infinity , DATA infinity/infinity , FSIZE infinity/infinity , MEMLOCK infinity/infinity , RSS infinity/infinity
load average:2.03 2.40 2.62

CPU:total 8 (initial active 8) (1 cores per cpu, 1 threads per core) family 6 model 44 stepping 0 microcode 0x0, cmov, cx8, fxsr, mmx, sse, sse2, sse3, ssse3, sse4.1, sse4.2, popcnt, aes, clmul, tsc, tscinvbit, tscinv

Memory: 4k page, physical 8388608k(23656k free), swap 5242880k(657664k free)

vm_info: OpenJDK 64-Bit Server VM (11.0.12+7) for bsd-amd64 JRE (11.0.12+7), built on Jul 21 2021 09:19:19 by "jenkins" with clang 4.2.1 Compatible Apple LLVM 10.0.1 (clang-1001.0.46.4)

END.
