#
# A fatal error has been detected by the Java Runtime Environment:
#
#  SIGSEGV (0xb) at pc=0x00007fff270b152d, pid=33942, tid=98819
#
# JRE version: Java(TM) SE Runtime Environment (13.0.1+9) (build 13.0.1+9)
# Java VM: Java HotSpot(TM) 64-Bit Server VM (13.0.1+9, mixed mode, sharing, tiered, compressed oops, g1 gc, bsd-amd64)
# Problematic frame:
# C  [QuartzCore+0x1ec52d]  CA::Layer::retain_parent(CA::Transaction*) const+0x2f
#
# No core dump will be written. Core dumps have been disabled. To enable core dumping, try "ulimit -c unlimited" before starting Java again
#
# If you would like to submit a bug report, please visit:
#   http://bugreport.java.com/bugreport/crash.jsp
# The crash happened outside the Java Virtual Machine in native code.
# See problematic frame for where to report the bug.
#

---------------  S U M M A R Y ------------

Command Line: -Dfile.encoding=UTF-8 -Duser.country=US -Duser.language=en -Duser.variant com.cs196.midcard.desktop.DesktopLauncher

Host: MacBookPro15,2 x86_64 2400 MHz, 8 cores, 8G, Darwin 20.3.0
Time: Fri Oct 29 14:59:36 2021 CDT elapsed time: 1 seconds (0d 0h 0m 1s)

---------------  T H R E A D  ---------------

Current thread (0x00007f8c57017800):  JavaThread "LWJGL Application" [_thread_in_native, id=98819, stack(0x0000700004d5c000,0x0000700004e5c000)]

Stack: [0x0000700004d5c000,0x0000700004e5c000],  sp=0x0000700004e5b330,  free space=1020k
Native frames: (J=compiled Java code, A=aot compiled Java code, j=interpreted, Vv=VM code, C=native code)
C  [QuartzCore+0x1ec52d]  CA::Layer::retain_parent(CA::Transaction*) const+0x2f
C  [QuartzCore+0x1144c]  CA::Layer::remove_from_superlayer()+0x70
C  [AppKit+0x5d759]  -[NSView setLayer:]+0x9a
C  [AppKit+0x6e522c]  NSOpenGLContextSetLayerOnViewIfNecessary+0xc4
C  [AppKit+0x6e538b]  __27-[NSOpenGLContext setView:]_block_invoke+0xc6
C  [AppKit+0x90d0e]  NSPerformVisuallyAtomicChange+0x84
C  [AppKit+0x3af882]  -[NSOpenGLContext setView:]+0x8b
C  [liblwjgl.dylib+0x16c77]  Java_org_lwjgl_opengl_MacOSXContextImplementation_setView+0xb7
j  org.lwjgl.opengl.MacOSXContextImplementation.setView(Ljava/nio/ByteBuffer;Ljava/nio/ByteBuffer;)V+0
j  org.lwjgl.opengl.MacOSXContextImplementation.makeCurrent(Lorg/lwjgl/opengl/PeerInfo;Ljava/nio/ByteBuffer;)V+7
j  org.lwjgl.opengl.ContextGL.makeCurrent()V+46
j  org.lwjgl.opengl.DrawableGL.makeCurrent()V+14
j  org.lwjgl.opengl.Display.makeCurrent()V+3
j  org.lwjgl.opengl.Display.makeCurrentAndSetSwapInterval()V+0
j  org.lwjgl.opengl.Display.create(Lorg/lwjgl/opengl/PixelFormat;Lorg/lwjgl/opengl/Drawable;Lorg/lwjgl/opengl/ContextAttribs;)V+108
j  org.lwjgl.opengl.Display.create(Lorg/lwjgl/opengl/PixelFormat;)V+12
j  com.badlogic.gdx.backends.lwjgl.LwjglGraphics.createDisplayPixelFormat(ZII)V+243
j  com.badlogic.gdx.backends.lwjgl.LwjglGraphics.setupDisplay()V+594
j  com.badlogic.gdx.backends.lwjgl.LwjglApplication.mainLoop()V+9
j  com.badlogic.gdx.backends.lwjgl.LwjglApplication$1.run()V+27
v  ~StubRoutines::call_stub
V  [libjvm.dylib+0x39910f]  JavaCalls::call_helper(JavaValue*, methodHandle const&, JavaCallArguments*, Thread*)+0x285
V  [libjvm.dylib+0x398519]  JavaCalls::call_virtual(JavaValue*, Klass*, Symbol*, Symbol*, JavaCallArguments*, Thread*)+0xe7
V  [libjvm.dylib+0x3985d6]  JavaCalls::call_virtual(JavaValue*, Handle, Klass*, Symbol*, Symbol*, Thread*)+0x62
V  [libjvm.dylib+0x419518]  thread_entry(JavaThread*, Thread*)+0x78
V  [libjvm.dylib+0x72fe88]  JavaThread::thread_main_inner()+0x86
V  [libjvm.dylib+0x72fcc6]  JavaThread::run()+0x124
V  [libjvm.dylib+0x72dae5]  Thread::call_run()+0x71
V  [libjvm.dylib+0x62641d]  thread_native_entry(Thread*)+0x132
C  [libsystem_pthread.dylib+0x6950]  _pthread_start+0xe0
C  [libsystem_pthread.dylib+0x247b]  thread_start+0xf

Java frames: (J=compiled Java code, j=interpreted, Vv=VM code)
j  org.lwjgl.opengl.MacOSXContextImplementation.setView(Ljava/nio/ByteBuffer;Ljava/nio/ByteBuffer;)V+0
j  org.lwjgl.opengl.MacOSXContextImplementation.makeCurrent(Lorg/lwjgl/opengl/PeerInfo;Ljava/nio/ByteBuffer;)V+7
j  org.lwjgl.opengl.ContextGL.makeCurrent()V+46
j  org.lwjgl.opengl.DrawableGL.makeCurrent()V+14
j  org.lwjgl.opengl.Display.makeCurrent()V+3
j  org.lwjgl.opengl.Display.makeCurrentAndSetSwapInterval()V+0
j  org.lwjgl.opengl.Display.create(Lorg/lwjgl/opengl/PixelFormat;Lorg/lwjgl/opengl/Drawable;Lorg/lwjgl/opengl/ContextAttribs;)V+108
j  org.lwjgl.opengl.Display.create(Lorg/lwjgl/opengl/PixelFormat;)V+12
j  com.badlogic.gdx.backends.lwjgl.LwjglGraphics.createDisplayPixelFormat(ZII)V+243
j  com.badlogic.gdx.backends.lwjgl.LwjglGraphics.setupDisplay()V+594
j  com.badlogic.gdx.backends.lwjgl.LwjglApplication.mainLoop()V+9
j  com.badlogic.gdx.backends.lwjgl.LwjglApplication$1.run()V+27
v  ~StubRoutines::call_stub

siginfo: si_signo: 11 (SIGSEGV), si_code: 0 (unknown), si_addr: 0x0000000000000000

Register to memory mapping:

RAX=0x0000000000000001 is an unknown value
RBX=0xe000000000000000 is an unknown value
RCX=0x0000000000000002 is an unknown value
RDX=0x0000000000018203 is an unknown value
RSP=0x0000700004e5b330 is pointing into the stack for thread: 0x00007f8c57017800
RBP=0x0000700004e5b340 is pointing into the stack for thread: 0x00007f8c57017800
RSI=0x00007f8c5a25f400 points into unknown readable memory: 78 f4 25 5a 8c 7f 00 00
RDI=0x00007f8c5c7045f0 points into unknown readable memory: 00 00 00 00 00 00 00 e0
R8 =0x00000000000130a8 is an unknown value
R9 =0x00007f8c56606bf0 points into unknown readable memory: 00 03 00 00 00 03 00 00
R10=0x0 is NULL
R11=0x0000000000000246 is an unknown value
R12=0x0000000000000090 is an unknown value
R13=0x00007fff204cfd00: objc_msgSend+0 in /usr/lib/libobjc.A.dylib at 0x00007fff204ca000
R14=0x00007f8c5a25f400 points into unknown readable memory: 78 f4 25 5a 8c 7f 00 00
R15=0x00007f8c5b53b280 points into unknown readable memory: 00 00 00 00 00 00 00 e0


Registers:
RAX=0x0000000000000001, RBX=0xe000000000000000, RCX=0x0000000000000002, RDX=0x0000000000018203
RSP=0x0000700004e5b330, RBP=0x0000700004e5b340, RSI=0x00007f8c5a25f400, RDI=0x00007f8c5c7045f0
R8 =0x00000000000130a8, R9 =0x00007f8c56606bf0, R10=0x0000000000000000, R11=0x0000000000000246
R12=0x0000000000000090, R13=0x00007fff204cfd00, R14=0x00007f8c5a25f400, R15=0x00007f8c5b53b280
RIP=0x00007fff270b152d, EFLAGS=0x0000000000010286, ERR=0x0000000000000000
  TRAPNO=0x000000000000000d

Top of Stack: (sp=0x0000700004e5b330)
0x0000700004e5b330:   00007f8c5c7045f0 00007f8c5a25f400
0x0000700004e5b340:   0000700004e5b370 00007fff26ed644c
0x0000700004e5b350:   639a32f6a34f0009 00007f8c5b53b280
0x0000700004e5b360:   00007f8c583a5c80 00007f8c567264f0
0x0000700004e5b370:   0000700004e5b3d0 00007fff22f68759
0x0000700004e5b380:   0000000000000000 0000000000000000
0x0000700004e5b390:   00007f8c583a5c80 00007f8c583804f0
0x0000700004e5b3a0:   00007fff7c6148f8 00007fff204cfd00
0x0000700004e5b3b0:   00007f8c583804f0 000000010fee2948
0x0000700004e5b3c0:   00007f8c583a5c80 00007f8c567264f0
0x0000700004e5b3d0:   0000700004e5b400 00007fff235f022c
0x0000700004e5b3e0:   00007f8c567264f0 00007f8c583804f0
0x0000700004e5b3f0:   0000700004e5b488 00007fff7c67f604
0x0000700004e5b400:   0000700004e5b440 00007fff235f038b
0x0000700004e5b410:   0000000000000000 0000000000000000
0x0000700004e5b420:   00007f8c583804f0 000000010fee2948
0x0000700004e5b430:   0000700004e5b488 0000000000000000
0x0000700004e5b440:   0000700004e5b470 00007fff22f9bd0e
0x0000700004e5b450:   0000000000000000 00007f8c567264f0
0x0000700004e5b460:   00007f8c5665b2b0 00007f8c57017b10
0x0000700004e5b470:   0000700004e5b4d0 00007fff232ba882
0x0000700004e5b480:   7865746e6f435853 00007fff88c6cd00
0x0000700004e5b490:   00000000c2000000 00007fff235f02c5
0x0000700004e5b4a0:   00007fff80840588 0000000000000000
0x0000700004e5b4b0:   00007f8c5665b2b0 00007f8c567264f0
0x0000700004e5b4c0:   00007f8c566831b0 00007f8c5b52ee60
0x0000700004e5b4d0:   0000700004e5b500 000000012ccc0c77
0x0000700004e5b4e0:   000000010fee2950 0000000000000000
0x0000700004e5b4f0:   0000700004e5b598 00007f8c57017800
0x0000700004e5b500:   0000700004e5b570 0000000119548c90
0x0000700004e5b510:   0000700004e5b570 00000001195489de
0x0000700004e5b520:   0000000119548996 0000700004e5b528 

Instructions: (pc=0x00007fff270b152d)
0x00007fff270b142d:   83 ec 10 41 89 d0 48 8b 7f 10 48 c7 04 24 00 00
0x00007fff270b143d:   00 00 be 86 01 00 00 ba 21 00 00 00 b9 6d 00 00
0x00007fff270b144d:   00 45 31 c9 e8 02 eb e1 ff 48 83 c4 10 5d c3 90
0x00007fff270b145d:   90 90 90 90 55 48 89 e5 48 8b 47 10 8b 40 30 c1
0x00007fff270b146d:   e8 1d 83 e0 01 5d c3 55 48 89 e5 48 83 ec 10 41
0x00007fff270b147d:   89 d0 48 8b 7f 10 48 c7 04 24 00 00 00 00 be 1a
0x00007fff270b148d:   01 00 00 ba 3d 00 00 00 b9 8b 00 00 00 45 31 c9
0x00007fff270b149d:   e8 b6 ea e1 ff 48 83 c4 10 5d c3 55 48 89 e5 41
0x00007fff270b14ad:   56 53 f6 47 34 01 75 43 48 89 fb 48 8b 7f 10 48
0x00007fff270b14bd:   8b 35 cd 48 ed 61 ff 15 c7 f7 e9 61 48 85 c0 74
0x00007fff270b14cd:   2a 48 89 c7 e8 c0 b9 07 00 49 89 c6 e8 9a c2 07
0x00007fff270b14dd:   00 49 39 c6 75 15 48 8b 7b 10 48 8b 35 3a 49 ed
0x00007fff270b14ed:   61 5b 41 5e 5d ff 25 98 f7 e9 61 5b 41 5e 5d c3
0x00007fff270b14fd:   90 55 48 89 e5 41 56 53 49 89 f6 48 89 fb 8b 46
0x00007fff270b150d:   14 8d 48 01 89 4e 14 85 c0 75 0c 48 8d 3d 51 de
0x00007fff270b151d:   ed 61 e8 c2 cf 07 00 48 8b 5b 08 48 85 db 74 11
0x00007fff270b152d:   8b 03 85 c0 74 0b 8d 48 01 f0 0f b1 0b 75 f1 eb
0x00007fff270b153d:   02 31 db 4c 89 f7 e8 9a 7b e1 ff 48 89 d8 5b 41
0x00007fff270b154d:   5e 5d c3 90 90 90 90 90 90 90 90 90 90 90 90 90
0x00007fff270b155d:   90 55 48 89 e5 41 56 53 49 89 fe 65 48 8b 1c 25
0x00007fff270b156d:   40 02 00 00 48 85 db 75 08 e8 8f 5f e1 ff 48 89
0x00007fff270b157d:   c3 49 8b 76 58 48 85 f6 74 08 48 89 df e8 bb 50
0x00007fff270b158d:   e2 ff 49 8b 7e 60 48 85 ff 74 2f 8b 43 14 8d 48
0x00007fff270b159d:   01 89 4b 14 85 c0 75 15 48 8d 3d c4 dd ed 61 e8
0x00007fff270b15ad:   35 cf 07 00 49 8b 7e 60 48 85 ff 74 05 e8 1d 85
0x00007fff270b15bd:   e1 ff 48 89 df e8 1b 7b e1 ff 49 83 7e 48 00 74
0x00007fff270b15cd:   1d 49 8d 7e 48 41 80 7e 50 00 74 0b 31 f6 5b 41
0x00007fff270b15dd:   5e 5d e9 d8 ce 07 00 48 c7 07 00 00 00 00 5b 41
0x00007fff270b15ed:   5e 5d c3 48 89 c3 49 83 7e 48 00 74 1b 41 80 7e
0x00007fff270b15fd:   50 00 49 8d 7e 48 75 09 48 c7 07 00 00 00 00 eb
0x00007fff270b160d:   07 31 f6 e8 a7 ce 07 00 48 89 df e8 95 c9 07 00
0x00007fff270b161d:   0f 0b 90 90 90 90 90 90 90 90 90 90 90 90 90 55 


Stack slot to memory mapping:
stack at sp + 0 slots: 0x00007f8c5c7045f0 points into unknown readable memory: 00 00 00 00 00 00 00 e0
stack at sp + 1 slots: 0x00007f8c5a25f400 points into unknown readable memory: 78 f4 25 5a 8c 7f 00 00
stack at sp + 2 slots: 0x0000700004e5b370 is pointing into the stack for thread: 0x00007f8c57017800
stack at sp + 3 slots: 0x00007fff26ed644c: _ZN2CA5Layer22remove_from_superlayerEv+0x70 in /System/Library/Frameworks/QuartzCore.framework/Versions/A/QuartzCore at 0x00007fff26ec5000
stack at sp + 4 slots: 0x639a32f6a34f0009 is an unknown value
stack at sp + 5 slots: 0x00007f8c5b53b280 points into unknown readable memory: 00 00 00 00 00 00 00 e0
stack at sp + 6 slots: 0x00007f8c583a5c80 points into unknown readable memory: e1 3d 66 88 ff ff 1d 01
stack at sp + 7 slots: 0x00007f8c567264f0 points into unknown readable memory: 37 59 53 5b 8c ff 3d 01


---------------  P R O C E S S  ---------------

Threads class SMR info:
_java_thread_list=0x00007f8c56415a60, length=12, elements={
0x00007f8c5a05a800, 0x00007f8c5a05d800, 0x00007f8c5a05f800, 0x00007f8c5a05e800,
0x00007f8c57826000, 0x00007f8c57827000, 0x00007f8c56809000, 0x00007f8c5b808800,
0x00007f8c59916800, 0x00007f8c579f4800, 0x00007f8c57017800, 0x00007f8c56919000
}

Java Threads: ( => current thread )
  0x00007f8c5a05a800 JavaThread "Reference Handler" daemon [_thread_blocked, id=18435, stack(0x0000700003c97000,0x0000700003d97000)]
  0x00007f8c5a05d800 JavaThread "Finalizer" daemon [_thread_blocked, id=14851, stack(0x0000700003d9a000,0x0000700003e9a000)]
  0x00007f8c5a05f800 JavaThread "Signal Dispatcher" daemon [_thread_blocked, id=21763, stack(0x0000700003fa3000,0x00007000040a3000)]
  0x00007f8c5a05e800 JavaThread "C2 CompilerThread0" daemon [_thread_blocked, id=22019, stack(0x00007000040a6000,0x00007000041a6000)]
  0x00007f8c57826000 JavaThread "C1 CompilerThread0" daemon [_thread_blocked, id=42755, stack(0x00007000041a9000,0x00007000042a9000)]
  0x00007f8c57827000 JavaThread "Sweeper thread" daemon [_thread_blocked, id=41987, stack(0x00007000042ac000,0x00007000043ac000)]
  0x00007f8c56809000 JavaThread "Service Thread" daemon [_thread_blocked, id=23299, stack(0x00007000043af000,0x00007000044af000)]
  0x00007f8c5b808800 JavaThread "Common-Cleaner" daemon [_thread_blocked, id=41219, stack(0x00007000045b5000,0x00007000046b5000)]
  0x00007f8c59916800 JavaThread "AppKit Thread" daemon [_thread_in_native, id=775, stack(0x00007ffeeb8f6000,0x00007ffeec0f6000)]
  0x00007f8c579f4800 JavaThread "AWT-Shutdown" [_thread_blocked, id=33539, stack(0x00007000046b8000,0x00007000047b8000)]
=>0x00007f8c57017800 JavaThread "LWJGL Application" [_thread_in_native, id=98819, stack(0x0000700004d5c000,0x0000700004e5c000)]
  0x00007f8c56919000 JavaThread "DestroyJavaVM" [_thread_blocked, id=10499, stack(0x0000700003582000,0x0000700003682000)]

Other Threads:
  0x00007f8c5880b000 VMThread "VM Thread" [stack: 0x0000700003b94000,0x0000700003c94000] [id=14083]
  0x00007f8c5880e800 WatcherThread [stack: 0x00007000044b2000,0x00007000045b2000] [id=23555]
  0x00007f8c59833000 GCTaskThread "GC Thread#0" [stack: 0x0000700003685000,0x0000700003785000] [id=11779]
  0x00007f8c59844000 ConcurrentGCThread "G1 Main Marker" [stack: 0x0000700003788000,0x0000700003888000] [id=12291]
  0x00007f8c59845000 ConcurrentGCThread "G1 Conc#0" [stack: 0x000070000388b000,0x000070000398b000] [id=12547]
  0x00007f8c5a048800 ConcurrentGCThread "G1 Refine#0" [stack: 0x000070000398e000,0x0000700003a8e000] [id=12803]
  0x00007f8c5a049800 ConcurrentGCThread "G1 Young RemSet Sampling" [stack: 0x0000700003a91000,0x0000700003b91000] [id=13315]

Threads with active compile tasks:

VM state:not at safepoint (normal execution)

VM Mutex/Monitor currently owned by a thread: None

Heap address: 0x0000000780000000, size: 2048 MB, Compressed Oops mode: Zero based, Oop shift amount: 3
Narrow klass base: 0x0000000800000000, Narrow klass shift: 3
Compressed class space size: 1073741824 Address: 0x0000000800ae0000

Heap:
 garbage-first heap   total 133120K, used 5880K [0x0000000780000000, 0x0000000800000000)
  region size 1024K, 6 young (6144K), 0 survivors (0K)
 Metaspace       used 3079K, capacity 5687K, committed 6016K, reserved 1056768K
  class space    used 289K, capacity 535K, committed 640K, reserved 1048576K
Heap Regions: E=young(eden), S=young(survivor), O=old, HS=humongous(starts), HC=humongous(continues), CS=collection set, F=free, A=archive, TAMS=top-at-mark-start (previous, next)
|   0|0x0000000780000000, 0x0000000780000000, 0x0000000780100000|  0%| F|  |TAMS 0x0000000780000000, 0x0000000780000000| Untracked 
|   1|0x0000000780100000, 0x0000000780100000, 0x0000000780200000|  0%| F|  |TAMS 0x0000000780100000, 0x0000000780100000| Untracked 
|   2|0x0000000780200000, 0x0000000780200000, 0x0000000780300000|  0%| F|  |TAMS 0x0000000780200000, 0x0000000780200000| Untracked 
|   3|0x0000000780300000, 0x0000000780300000, 0x0000000780400000|  0%| F|  |TAMS 0x0000000780300000, 0x0000000780300000| Untracked 
|   4|0x0000000780400000, 0x0000000780400000, 0x0000000780500000|  0%| F|  |TAMS 0x0000000780400000, 0x0000000780400000| Untracked 
|   5|0x0000000780500000, 0x0000000780500000, 0x0000000780600000|  0%| F|  |TAMS 0x0000000780500000, 0x0000000780500000| Untracked 
|   6|0x0000000780600000, 0x0000000780600000, 0x0000000780700000|  0%| F|  |TAMS 0x0000000780600000, 0x0000000780600000| Untracked 
|   7|0x0000000780700000, 0x0000000780700000, 0x0000000780800000|  0%| F|  |TAMS 0x0000000780700000, 0x0000000780700000| Untracked 
|   8|0x0000000780800000, 0x0000000780800000, 0x0000000780900000|  0%| F|  |TAMS 0x0000000780800000, 0x0000000780800000| Untracked 
|   9|0x0000000780900000, 0x0000000780900000, 0x0000000780a00000|  0%| F|  |TAMS 0x0000000780900000, 0x0000000780900000| Untracked 
|  10|0x0000000780a00000, 0x0000000780a00000, 0x0000000780b00000|  0%| F|  |TAMS 0x0000000780a00000, 0x0000000780a00000| Untracked 
|  11|0x0000000780b00000, 0x0000000780b00000, 0x0000000780c00000|  0%| F|  |TAMS 0x0000000780b00000, 0x0000000780b00000| Untracked 
|  12|0x0000000780c00000, 0x0000000780c00000, 0x0000000780d00000|  0%| F|  |TAMS 0x0000000780c00000, 0x0000000780c00000| Untracked 
|  13|0x0000000780d00000, 0x0000000780d00000, 0x0000000780e00000|  0%| F|  |TAMS 0x0000000780d00000, 0x0000000780d00000| Untracked 
|  14|0x0000000780e00000, 0x0000000780e00000, 0x0000000780f00000|  0%| F|  |TAMS 0x0000000780e00000, 0x0000000780e00000| Untracked 
|  15|0x0000000780f00000, 0x0000000780f00000, 0x0000000781000000|  0%| F|  |TAMS 0x0000000780f00000, 0x0000000780f00000| Untracked 
|  16|0x0000000781000000, 0x0000000781000000, 0x0000000781100000|  0%| F|  |TAMS 0x0000000781000000, 0x0000000781000000| Untracked 
|  17|0x0000000781100000, 0x0000000781100000, 0x0000000781200000|  0%| F|  |TAMS 0x0000000781100000, 0x0000000781100000| Untracked 
|  18|0x0000000781200000, 0x0000000781200000, 0x0000000781300000|  0%| F|  |TAMS 0x0000000781200000, 0x0000000781200000| Untracked 
|  19|0x0000000781300000, 0x0000000781300000, 0x0000000781400000|  0%| F|  |TAMS 0x0000000781300000, 0x0000000781300000| Untracked 
|  20|0x0000000781400000, 0x0000000781400000, 0x0000000781500000|  0%| F|  |TAMS 0x0000000781400000, 0x0000000781400000| Untracked 
|  21|0x0000000781500000, 0x0000000781500000, 0x0000000781600000|  0%| F|  |TAMS 0x0000000781500000, 0x0000000781500000| Untracked 
|  22|0x0000000781600000, 0x0000000781600000, 0x0000000781700000|  0%| F|  |TAMS 0x0000000781600000, 0x0000000781600000| Untracked 
|  23|0x0000000781700000, 0x0000000781700000, 0x0000000781800000|  0%| F|  |TAMS 0x0000000781700000, 0x0000000781700000| Untracked 
|  24|0x0000000781800000, 0x0000000781800000, 0x0000000781900000|  0%| F|  |TAMS 0x0000000781800000, 0x0000000781800000| Untracked 
|  25|0x0000000781900000, 0x0000000781900000, 0x0000000781a00000|  0%| F|  |TAMS 0x0000000781900000, 0x0000000781900000| Untracked 
|  26|0x0000000781a00000, 0x0000000781a00000, 0x0000000781b00000|  0%| F|  |TAMS 0x0000000781a00000, 0x0000000781a00000| Untracked 
|  27|0x0000000781b00000, 0x0000000781b00000, 0x0000000781c00000|  0%| F|  |TAMS 0x0000000781b00000, 0x0000000781b00000| Untracked 
|  28|0x0000000781c00000, 0x0000000781c00000, 0x0000000781d00000|  0%| F|  |TAMS 0x0000000781c00000, 0x0000000781c00000| Untracked 
|  29|0x0000000781d00000, 0x0000000781d00000, 0x0000000781e00000|  0%| F|  |TAMS 0x0000000781d00000, 0x0000000781d00000| Untracked 
|  30|0x0000000781e00000, 0x0000000781e00000, 0x0000000781f00000|  0%| F|  |TAMS 0x0000000781e00000, 0x0000000781e00000| Untracked 
|  31|0x0000000781f00000, 0x0000000781f00000, 0x0000000782000000|  0%| F|  |TAMS 0x0000000781f00000, 0x0000000781f00000| Untracked 
|  32|0x0000000782000000, 0x0000000782000000, 0x0000000782100000|  0%| F|  |TAMS 0x0000000782000000, 0x0000000782000000| Untracked 
|  33|0x0000000782100000, 0x0000000782100000, 0x0000000782200000|  0%| F|  |TAMS 0x0000000782100000, 0x0000000782100000| Untracked 
|  34|0x0000000782200000, 0x0000000782200000, 0x0000000782300000|  0%| F|  |TAMS 0x0000000782200000, 0x0000000782200000| Untracked 
|  35|0x0000000782300000, 0x0000000782300000, 0x0000000782400000|  0%| F|  |TAMS 0x0000000782300000, 0x0000000782300000| Untracked 
|  36|0x0000000782400000, 0x0000000782400000, 0x0000000782500000|  0%| F|  |TAMS 0x0000000782400000, 0x0000000782400000| Untracked 
|  37|0x0000000782500000, 0x0000000782500000, 0x0000000782600000|  0%| F|  |TAMS 0x0000000782500000, 0x0000000782500000| Untracked 
|  38|0x0000000782600000, 0x0000000782600000, 0x0000000782700000|  0%| F|  |TAMS 0x0000000782600000, 0x0000000782600000| Untracked 
|  39|0x0000000782700000, 0x0000000782700000, 0x0000000782800000|  0%| F|  |TAMS 0x0000000782700000, 0x0000000782700000| Untracked 
|  40|0x0000000782800000, 0x0000000782800000, 0x0000000782900000|  0%| F|  |TAMS 0x0000000782800000, 0x0000000782800000| Untracked 
|  41|0x0000000782900000, 0x0000000782900000, 0x0000000782a00000|  0%| F|  |TAMS 0x0000000782900000, 0x0000000782900000| Untracked 
|  42|0x0000000782a00000, 0x0000000782a00000, 0x0000000782b00000|  0%| F|  |TAMS 0x0000000782a00000, 0x0000000782a00000| Untracked 
|  43|0x0000000782b00000, 0x0000000782b00000, 0x0000000782c00000|  0%| F|  |TAMS 0x0000000782b00000, 0x0000000782b00000| Untracked 
|  44|0x0000000782c00000, 0x0000000782c00000, 0x0000000782d00000|  0%| F|  |TAMS 0x0000000782c00000, 0x0000000782c00000| Untracked 
|  45|0x0000000782d00000, 0x0000000782d00000, 0x0000000782e00000|  0%| F|  |TAMS 0x0000000782d00000, 0x0000000782d00000| Untracked 
|  46|0x0000000782e00000, 0x0000000782e00000, 0x0000000782f00000|  0%| F|  |TAMS 0x0000000782e00000, 0x0000000782e00000| Untracked 
|  47|0x0000000782f00000, 0x0000000782f00000, 0x0000000783000000|  0%| F|  |TAMS 0x0000000782f00000, 0x0000000782f00000| Untracked 
|  48|0x0000000783000000, 0x0000000783000000, 0x0000000783100000|  0%| F|  |TAMS 0x0000000783000000, 0x0000000783000000| Untracked 
|  49|0x0000000783100000, 0x0000000783100000, 0x0000000783200000|  0%| F|  |TAMS 0x0000000783100000, 0x0000000783100000| Untracked 
|  50|0x0000000783200000, 0x0000000783200000, 0x0000000783300000|  0%| F|  |TAMS 0x0000000783200000, 0x0000000783200000| Untracked 
|  51|0x0000000783300000, 0x0000000783300000, 0x0000000783400000|  0%| F|  |TAMS 0x0000000783300000, 0x0000000783300000| Untracked 
|  52|0x0000000783400000, 0x0000000783400000, 0x0000000783500000|  0%| F|  |TAMS 0x0000000783400000, 0x0000000783400000| Untracked 
|  53|0x0000000783500000, 0x0000000783500000, 0x0000000783600000|  0%| F|  |TAMS 0x0000000783500000, 0x0000000783500000| Untracked 
|  54|0x0000000783600000, 0x0000000783600000, 0x0000000783700000|  0%| F|  |TAMS 0x0000000783600000, 0x0000000783600000| Untracked 
|  55|0x0000000783700000, 0x0000000783700000, 0x0000000783800000|  0%| F|  |TAMS 0x0000000783700000, 0x0000000783700000| Untracked 
|  56|0x0000000783800000, 0x0000000783800000, 0x0000000783900000|  0%| F|  |TAMS 0x0000000783800000, 0x0000000783800000| Untracked 
|  57|0x0000000783900000, 0x0000000783900000, 0x0000000783a00000|  0%| F|  |TAMS 0x0000000783900000, 0x0000000783900000| Untracked 
|  58|0x0000000783a00000, 0x0000000783a00000, 0x0000000783b00000|  0%| F|  |TAMS 0x0000000783a00000, 0x0000000783a00000| Untracked 
|  59|0x0000000783b00000, 0x0000000783b00000, 0x0000000783c00000|  0%| F|  |TAMS 0x0000000783b00000, 0x0000000783b00000| Untracked 
|  60|0x0000000783c00000, 0x0000000783c00000, 0x0000000783d00000|  0%| F|  |TAMS 0x0000000783c00000, 0x0000000783c00000| Untracked 
|  61|0x0000000783d00000, 0x0000000783d00000, 0x0000000783e00000|  0%| F|  |TAMS 0x0000000783d00000, 0x0000000783d00000| Untracked 
|  62|0x0000000783e00000, 0x0000000783e00000, 0x0000000783f00000|  0%| F|  |TAMS 0x0000000783e00000, 0x0000000783e00000| Untracked 
|  63|0x0000000783f00000, 0x0000000783f00000, 0x0000000784000000|  0%| F|  |TAMS 0x0000000783f00000, 0x0000000783f00000| Untracked 
|  64|0x0000000784000000, 0x0000000784000000, 0x0000000784100000|  0%| F|  |TAMS 0x0000000784000000, 0x0000000784000000| Untracked 
|  65|0x0000000784100000, 0x0000000784100000, 0x0000000784200000|  0%| F|  |TAMS 0x0000000784100000, 0x0000000784100000| Untracked 
|  66|0x0000000784200000, 0x0000000784200000, 0x0000000784300000|  0%| F|  |TAMS 0x0000000784200000, 0x0000000784200000| Untracked 
|  67|0x0000000784300000, 0x0000000784300000, 0x0000000784400000|  0%| F|  |TAMS 0x0000000784300000, 0x0000000784300000| Untracked 
|  68|0x0000000784400000, 0x0000000784400000, 0x0000000784500000|  0%| F|  |TAMS 0x0000000784400000, 0x0000000784400000| Untracked 
|  69|0x0000000784500000, 0x0000000784500000, 0x0000000784600000|  0%| F|  |TAMS 0x0000000784500000, 0x0000000784500000| Untracked 
|  70|0x0000000784600000, 0x0000000784600000, 0x0000000784700000|  0%| F|  |TAMS 0x0000000784600000, 0x0000000784600000| Untracked 
|  71|0x0000000784700000, 0x0000000784700000, 0x0000000784800000|  0%| F|  |TAMS 0x0000000784700000, 0x0000000784700000| Untracked 
|  72|0x0000000784800000, 0x0000000784800000, 0x0000000784900000|  0%| F|  |TAMS 0x0000000784800000, 0x0000000784800000| Untracked 
|  73|0x0000000784900000, 0x0000000784900000, 0x0000000784a00000|  0%| F|  |TAMS 0x0000000784900000, 0x0000000784900000| Untracked 
|  74|0x0000000784a00000, 0x0000000784a00000, 0x0000000784b00000|  0%| F|  |TAMS 0x0000000784a00000, 0x0000000784a00000| Untracked 
|  75|0x0000000784b00000, 0x0000000784b00000, 0x0000000784c00000|  0%| F|  |TAMS 0x0000000784b00000, 0x0000000784b00000| Untracked 
|  76|0x0000000784c00000, 0x0000000784c00000, 0x0000000784d00000|  0%| F|  |TAMS 0x0000000784c00000, 0x0000000784c00000| Untracked 
|  77|0x0000000784d00000, 0x0000000784d00000, 0x0000000784e00000|  0%| F|  |TAMS 0x0000000784d00000, 0x0000000784d00000| Untracked 
|  78|0x0000000784e00000, 0x0000000784e00000, 0x0000000784f00000|  0%| F|  |TAMS 0x0000000784e00000, 0x0000000784e00000| Untracked 
|  79|0x0000000784f00000, 0x0000000784f00000, 0x0000000785000000|  0%| F|  |TAMS 0x0000000784f00000, 0x0000000784f00000| Untracked 
|  80|0x0000000785000000, 0x0000000785000000, 0x0000000785100000|  0%| F|  |TAMS 0x0000000785000000, 0x0000000785000000| Untracked 
|  81|0x0000000785100000, 0x0000000785100000, 0x0000000785200000|  0%| F|  |TAMS 0x0000000785100000, 0x0000000785100000| Untracked 
|  82|0x0000000785200000, 0x0000000785200000, 0x0000000785300000|  0%| F|  |TAMS 0x0000000785200000, 0x0000000785200000| Untracked 
|  83|0x0000000785300000, 0x0000000785300000, 0x0000000785400000|  0%| F|  |TAMS 0x0000000785300000, 0x0000000785300000| Untracked 
|  84|0x0000000785400000, 0x0000000785400000, 0x0000000785500000|  0%| F|  |TAMS 0x0000000785400000, 0x0000000785400000| Untracked 
|  85|0x0000000785500000, 0x0000000785500000, 0x0000000785600000|  0%| F|  |TAMS 0x0000000785500000, 0x0000000785500000| Untracked 
|  86|0x0000000785600000, 0x0000000785600000, 0x0000000785700000|  0%| F|  |TAMS 0x0000000785600000, 0x0000000785600000| Untracked 
|  87|0x0000000785700000, 0x0000000785700000, 0x0000000785800000|  0%| F|  |TAMS 0x0000000785700000, 0x0000000785700000| Untracked 
|  88|0x0000000785800000, 0x0000000785800000, 0x0000000785900000|  0%| F|  |TAMS 0x0000000785800000, 0x0000000785800000| Untracked 
|  89|0x0000000785900000, 0x0000000785900000, 0x0000000785a00000|  0%| F|  |TAMS 0x0000000785900000, 0x0000000785900000| Untracked 
|  90|0x0000000785a00000, 0x0000000785a00000, 0x0000000785b00000|  0%| F|  |TAMS 0x0000000785a00000, 0x0000000785a00000| Untracked 
|  91|0x0000000785b00000, 0x0000000785b00000, 0x0000000785c00000|  0%| F|  |TAMS 0x0000000785b00000, 0x0000000785b00000| Untracked 
|  92|0x0000000785c00000, 0x0000000785c00000, 0x0000000785d00000|  0%| F|  |TAMS 0x0000000785c00000, 0x0000000785c00000| Untracked 
|  93|0x0000000785d00000, 0x0000000785d00000, 0x0000000785e00000|  0%| F|  |TAMS 0x0000000785d00000, 0x0000000785d00000| Untracked 
|  94|0x0000000785e00000, 0x0000000785e00000, 0x0000000785f00000|  0%| F|  |TAMS 0x0000000785e00000, 0x0000000785e00000| Untracked 
|  95|0x0000000785f00000, 0x0000000785f00000, 0x0000000786000000|  0%| F|  |TAMS 0x0000000785f00000, 0x0000000785f00000| Untracked 
|  96|0x0000000786000000, 0x0000000786000000, 0x0000000786100000|  0%| F|  |TAMS 0x0000000786000000, 0x0000000786000000| Untracked 
|  97|0x0000000786100000, 0x0000000786100000, 0x0000000786200000|  0%| F|  |TAMS 0x0000000786100000, 0x0000000786100000| Untracked 
|  98|0x0000000786200000, 0x0000000786200000, 0x0000000786300000|  0%| F|  |TAMS 0x0000000786200000, 0x0000000786200000| Untracked 
|  99|0x0000000786300000, 0x0000000786300000, 0x0000000786400000|  0%| F|  |TAMS 0x0000000786300000, 0x0000000786300000| Untracked 
| 100|0x0000000786400000, 0x0000000786400000, 0x0000000786500000|  0%| F|  |TAMS 0x0000000786400000, 0x0000000786400000| Untracked 
| 101|0x0000000786500000, 0x0000000786500000, 0x0000000786600000|  0%| F|  |TAMS 0x0000000786500000, 0x0000000786500000| Untracked 
| 102|0x0000000786600000, 0x0000000786600000, 0x0000000786700000|  0%| F|  |TAMS 0x0000000786600000, 0x0000000786600000| Untracked 
| 103|0x0000000786700000, 0x0000000786700000, 0x0000000786800000|  0%| F|  |TAMS 0x0000000786700000, 0x0000000786700000| Untracked 
| 104|0x0000000786800000, 0x0000000786800000, 0x0000000786900000|  0%| F|  |TAMS 0x0000000786800000, 0x0000000786800000| Untracked 
| 105|0x0000000786900000, 0x0000000786900000, 0x0000000786a00000|  0%| F|  |TAMS 0x0000000786900000, 0x0000000786900000| Untracked 
| 106|0x0000000786a00000, 0x0000000786a00000, 0x0000000786b00000|  0%| F|  |TAMS 0x0000000786a00000, 0x0000000786a00000| Untracked 
| 107|0x0000000786b00000, 0x0000000786b00000, 0x0000000786c00000|  0%| F|  |TAMS 0x0000000786b00000, 0x0000000786b00000| Untracked 
| 108|0x0000000786c00000, 0x0000000786c00000, 0x0000000786d00000|  0%| F|  |TAMS 0x0000000786c00000, 0x0000000786c00000| Untracked 
| 109|0x0000000786d00000, 0x0000000786d00000, 0x0000000786e00000|  0%| F|  |TAMS 0x0000000786d00000, 0x0000000786d00000| Untracked 
| 110|0x0000000786e00000, 0x0000000786e00000, 0x0000000786f00000|  0%| F|  |TAMS 0x0000000786e00000, 0x0000000786e00000| Untracked 
| 111|0x0000000786f00000, 0x0000000786f00000, 0x0000000787000000|  0%| F|  |TAMS 0x0000000786f00000, 0x0000000786f00000| Untracked 
| 112|0x0000000787000000, 0x0000000787000000, 0x0000000787100000|  0%| F|  |TAMS 0x0000000787000000, 0x0000000787000000| Untracked 
| 113|0x0000000787100000, 0x0000000787100000, 0x0000000787200000|  0%| F|  |TAMS 0x0000000787100000, 0x0000000787100000| Untracked 
| 114|0x0000000787200000, 0x0000000787200000, 0x0000000787300000|  0%| F|  |TAMS 0x0000000787200000, 0x0000000787200000| Untracked 
| 115|0x0000000787300000, 0x0000000787300000, 0x0000000787400000|  0%| F|  |TAMS 0x0000000787300000, 0x0000000787300000| Untracked 
| 116|0x0000000787400000, 0x0000000787400000, 0x0000000787500000|  0%| F|  |TAMS 0x0000000787400000, 0x0000000787400000| Untracked 
| 117|0x0000000787500000, 0x0000000787500000, 0x0000000787600000|  0%| F|  |TAMS 0x0000000787500000, 0x0000000787500000| Untracked 
| 118|0x0000000787600000, 0x0000000787600000, 0x0000000787700000|  0%| F|  |TAMS 0x0000000787600000, 0x0000000787600000| Untracked 
| 119|0x0000000787700000, 0x0000000787700000, 0x0000000787800000|  0%| F|  |TAMS 0x0000000787700000, 0x0000000787700000| Untracked 
| 120|0x0000000787800000, 0x0000000787800000, 0x0000000787900000|  0%| F|  |TAMS 0x0000000787800000, 0x0000000787800000| Untracked 
| 121|0x0000000787900000, 0x0000000787900000, 0x0000000787a00000|  0%| F|  |TAMS 0x0000000787900000, 0x0000000787900000| Untracked 
| 122|0x0000000787a00000, 0x0000000787af6c40, 0x0000000787b00000| 96%| E|  |TAMS 0x0000000787a00000, 0x0000000787a00000| Complete 
| 123|0x0000000787b00000, 0x0000000787c00000, 0x0000000787c00000|100%| E|CS|TAMS 0x0000000787b00000, 0x0000000787b00000| Complete 
| 124|0x0000000787c00000, 0x0000000787d00000, 0x0000000787d00000|100%| E|CS|TAMS 0x0000000787c00000, 0x0000000787c00000| Complete 
| 125|0x0000000787d00000, 0x0000000787e00000, 0x0000000787e00000|100%| E|CS|TAMS 0x0000000787d00000, 0x0000000787d00000| Complete 
| 126|0x0000000787e00000, 0x0000000787f00000, 0x0000000787f00000|100%| E|CS|TAMS 0x0000000787e00000, 0x0000000787e00000| Complete 
| 127|0x0000000787f00000, 0x0000000788000000, 0x0000000788000000|100%| E|CS|TAMS 0x0000000787f00000, 0x0000000787f00000| Complete 
|1022|0x00000007bfe00000, 0x00000007bfe47000, 0x00000007bff00000| 27%|OA|  |TAMS 0x00000007bfe00000, 0x00000007bfe00000| Untracked 
|1023|0x00000007bff00000, 0x00000007bff77000, 0x00000007c0000000| 46%|CA|  |TAMS 0x00000007bff00000, 0x00000007bff00000| Untracked 

Card table byte_map: [0x00000001091e1000,0x00000001095e1000] _byte_map_base: 0x00000001055e1000

Marking Bits (Prev, Next): (CMBitMap*) 0x00007f8c59833a18, (CMBitMap*) 0x00007f8c59833a58
 Prev Bits: [0x00000001099e1000, 0x000000010b9e1000)
 Next Bits: [0x000000010b9e1000, 0x000000010d9e1000)

Polling page: 0x0000000103b6b000

Metaspace:

Usage:
  Non-class:      5.03 MB capacity,     2.72 MB ( 54%) used,     2.30 MB ( 46%) free+waste,     6.25 KB ( <1%) overhead. 
      Class:    535.00 KB capacity,   289.28 KB ( 54%) used,   242.28 KB ( 45%) free+waste,     3.44 KB ( <1%) overhead. 
       Both:      5.55 MB capacity,     3.01 MB ( 54%) used,     2.54 MB ( 46%) free+waste,     9.69 KB ( <1%) overhead. 

Virtual space:
  Non-class space:        8.00 MB reserved,       5.25 MB ( 66%) committed 
      Class space:        1.00 GB reserved,     640.00 KB ( <1%) committed 
             Both:        1.01 GB reserved,       5.88 MB ( <1%) committed 

Chunk freelists:
   Non-Class:  28.00 KB
       Class:  9.00 KB
        Both:  37.00 KB

MaxMetaspaceSize: unlimited
CompressedClassSpaceSize: 1.00 GB

CodeHeap 'non-profiled nmethods': size=120032Kb used=157Kb max_used=157Kb free=119874Kb
 bounds [0x0000000121001000, 0x0000000121271000, 0x0000000128539000]
CodeHeap 'profiled nmethods': size=120028Kb used=842Kb max_used=842Kb free=119185Kb
 bounds [0x0000000119aca000, 0x0000000119d3a000, 0x0000000121001000]
CodeHeap 'non-nmethods': size=5700Kb used=1156Kb max_used=1167Kb free=4543Kb
 bounds [0x0000000119539000, 0x00000001197a9000, 0x0000000119aca000]
 total_blobs=1007 nmethods=498 adapters=315
 compilation: enabled
              stopped_count=0, restarted_count=0
 full_count=0

Compilation events (20 events):
Event: 1.513 Thread 0x00007f8c5a05e800  489       4       java.lang.StringBuilder::append (8 bytes)
Event: 1.524 Thread 0x00007f8c5a05e800 nmethod 489 0x0000000121027a90 code [0x0000000121027c20, 0x00000001210281d8]
Event: 1.529 Thread 0x00007f8c57826000  490       3       java.io.RandomAccessFile::readFully (45 bytes)
Event: 1.529 Thread 0x00007f8c57826000 nmethod 490 0x0000000119b97d10 code [0x0000000119b97ee0, 0x0000000119b982b8]
Event: 1.531 Thread 0x00007f8c57826000  491       3       java.lang.Integer::valueOf (32 bytes)
Event: 1.534 Thread 0x00007f8c57826000 nmethod 491 0x0000000119b98490 code [0x0000000119b98640, 0x0000000119b989b0]
Event: 1.534 Thread 0x00007f8c57826000  492       3       java.nio.Buffer::remaining (10 bytes)
Event: 1.534 Thread 0x00007f8c57826000 nmethod 492 0x0000000119b98b10 code [0x0000000119b98ca0, 0x0000000119b98e10]
Event: 1.538 Thread 0x00007f8c57826000  493       3       java.lang.String::equalsIgnoreCase (45 bytes)
Event: 1.538 Thread 0x00007f8c57826000 nmethod 493 0x0000000119b98e90 code [0x0000000119b99080, 0x0000000119b99648]
Event: 1.538 Thread 0x00007f8c57826000  494       3       jdk.internal.ref.PhantomCleanable::<init> (49 bytes)
Event: 1.539 Thread 0x00007f8c57826000 nmethod 494 0x0000000119b99810 code [0x0000000119b99a60, 0x0000000119b9a658]
Event: 1.539 Thread 0x00007f8c57826000  495   !   3       jdk.internal.ref.PhantomCleanable::insert (53 bytes)
Event: 1.539 Thread 0x00007f8c57826000 nmethod 495 0x0000000119b9a990 code [0x0000000119b9ab40, 0x0000000119b9b030]
Event: 1.539 Thread 0x00007f8c57826000  496       3       jdk.internal.ref.CleanerFactory::cleaner (4 bytes)
Event: 1.539 Thread 0x00007f8c57826000 nmethod 496 0x0000000119b9b190 code [0x0000000119b9b320, 0x0000000119b9b470]
Event: 1.540 Thread 0x00007f8c57826000  497       3       java.lang.ClassLoader::loadClass (7 bytes)
Event: 1.540 Thread 0x00007f8c57826000 nmethod 497 0x0000000119b9b510 code [0x0000000119b9b6c0, 0x0000000119b9b908]
Event: 1.540 Thread 0x00007f8c57826000  498       3       jdk.internal.loader.ClassLoaders$AppClassLoader::loadClass (40 bytes)
Event: 1.540 Thread 0x00007f8c57826000 nmethod 498 0x0000000119b9b990 code [0x0000000119b9bbe0, 0x0000000119b9c5b8]

GC Heap History (0 events):
No events

Deoptimization events (12 events):
Event: 0.122 Thread 0x00007f8c5780d000 DEOPT PACKING pc=0x0000000119adea0b sp=0x000070000367d690
Event: 0.122 Thread 0x00007f8c5780d000 DEOPT UNPACKING pc=0x000000011958233a sp=0x000070000367cb50 mode 0
Event: 0.123 Thread 0x00007f8c5780d000 DEOPT PACKING pc=0x0000000119adea0b sp=0x000070000367d690
Event: 0.123 Thread 0x00007f8c5780d000 DEOPT UNPACKING pc=0x000000011958233a sp=0x000070000367cb50 mode 0
Event: 0.123 Thread 0x00007f8c5780d000 DEOPT PACKING pc=0x0000000119adea0b sp=0x000070000367d690
Event: 0.123 Thread 0x00007f8c5780d000 DEOPT UNPACKING pc=0x000000011958233a sp=0x000070000367cb50 mode 0
Event: 0.123 Thread 0x00007f8c5780d000 DEOPT PACKING pc=0x0000000119adea0b sp=0x000070000367d690
Event: 0.123 Thread 0x00007f8c5780d000 DEOPT UNPACKING pc=0x000000011958233a sp=0x000070000367cb50 mode 0
Event: 0.250 Thread 0x00007f8c5780d000 DEOPT PACKING pc=0x0000000119aea0e8 sp=0x000070000367fef0
Event: 0.250 Thread 0x00007f8c5780d000 DEOPT UNPACKING pc=0x000000011958233a sp=0x000070000367f360 mode 0
Event: 0.916 Thread 0x00007f8c5780d000 DEOPT PACKING pc=0x0000000119aea0e8 sp=0x000070000367d290
Event: 0.916 Thread 0x00007f8c5780d000 DEOPT UNPACKING pc=0x000000011958233a sp=0x000070000367c728 mode 0

Classes unloaded (0 events):
No events

Classes redefined (0 events):
No events

Internal exceptions (4 events):
Event: 0.254 Thread 0x00007f8c5780d000 Exception <a 'java/lang/ClassNotFoundException'{0x0000000787df33b8}: sun/awt/resources/spi/awtProvider> (0x0000000787df33b8) 
thrown [/scratch/mesos/slaves/fcf4c0c4-d73e-4321-860c-6613427db92b-S2452/frameworks/1735e8a2-a1db-478c-8104-60c8b0af87dd-0196/executors/ab12d1f8-defd-4a26-b83a-82b67c14bc8d/runs/ad8904cf-d9a8-428f-8f86-4d88be7b86bd/workspace/open/src/hotspot/share/classfile/systemDictionary.cpp, line 232]
Event: 0.425 Thread 0x00007f8c5780d000 Exception <a 'java/io/FileNotFoundException'{0x0000000787c3be60}> (0x0000000787c3be60) 
thrown [/scratch/mesos/slaves/fcf4c0c4-d73e-4321-860c-6613427db92b-S2452/frameworks/1735e8a2-a1db-478c-8104-60c8b0af87dd-0196/executors/ab12d1f8-defd-4a26-b83a-82b67c14bc8d/runs/ad8904cf-d9a8-428f-8f86-4d88be7b86bd/workspace/open/src/hotspot/share/prims/jni.cpp, line 598]
Event: 0.431 Thread 0x00007f8c5780d000 Exception <a 'java/io/FileNotFoundException'{0x0000000787c62320}> (0x0000000787c62320) 
thrown [/scratch/mesos/slaves/fcf4c0c4-d73e-4321-860c-6613427db92b-S2452/frameworks/1735e8a2-a1db-478c-8104-60c8b0af87dd-0196/executors/ab12d1f8-defd-4a26-b83a-82b67c14bc8d/runs/ad8904cf-d9a8-428f-8f86-4d88be7b86bd/workspace/open/src/hotspot/share/prims/jni.cpp, line 598]
Event: 0.439 Thread 0x00007f8c5780d000 Exception <a 'java/lang/ClassNotFoundException'{0x0000000787c70b48}: sun/awt/resources/spi/awtosxProvider> (0x0000000787c70b48) 
thrown [/scratch/mesos/slaves/fcf4c0c4-d73e-4321-860c-6613427db92b-S2452/frameworks/1735e8a2-a1db-478c-8104-60c8b0af87dd-0196/executors/ab12d1f8-defd-4a26-b83a-82b67c14bc8d/runs/ad8904cf-d9a8-428f-8f86-4d88be7b86bd/workspace/open/src/hotspot/share/classfile/systemDictionary.cpp, line 232]

Events (20 events):
Event: 1.525 loading class java/awt/image/WritableRenderedImage done
Event: 1.525 loading class java/awt/Transparency
Event: 1.525 loading class java/awt/Transparency done
Event: 1.525 loading class java/awt/image/BufferedImage done
Event: 1.528 Executing VM operation: RevokeBias
Event: 1.528 Executing VM operation: RevokeBias done
Event: 1.528 loading class org/lwjgl/opengl/MacOSXNativeKeyboard
Event: 1.528 loading class org/lwjgl/opengl/MacOSXNativeKeyboard done
Event: 1.533 loading class org/lwjgl/opengl/ContextGL
Event: 1.533 loading class org/lwjgl/opengl/ContextGL done
Event: 1.536 loading class org/lwjgl/opengl/ContextImplementation
Event: 1.536 loading class org/lwjgl/opengl/ContextImplementation done
Event: 1.537 loading class org/lwjgl/opengl/MacOSXContextImplementation
Event: 1.537 loading class org/lwjgl/opengl/MacOSXContextImplementation done
Event: 1.538 loading class org/lwjgl/opengl/GLContext
Event: 1.538 loading class org/lwjgl/opengl/GLContext done
Event: 1.539 loading class java/lang/NumberFormatException
Event: 1.539 loading class java/lang/NumberFormatException done
Event: 1.540 loading class org/lwjgl/opengl/GLContext$CapabilitiesCacheEntry
Event: 1.540 loading class org/lwjgl/opengl/GLContext$CapabilitiesCacheEntry done


Dynamic libraries:
0x00007fff2a76d000 	/usr/lib/libz.1.dylib
0x0000000103b14000 	/Library/Java/JavaVirtualMachines/jdk-13.0.1.jdk/Contents/Home/lib/libjli.dylib
0x00007fff352bf000 	/System/Library/Frameworks/Cocoa.framework/Versions/A/Cocoa
0x00007fff224e4000 	/System/Library/Frameworks/Security.framework/Versions/A/Security
0x00007fff334bc000 	/System/Library/Frameworks/ApplicationServices.framework/Versions/A/ApplicationServices
0x00007fff2a835000 	/usr/lib/libSystem.B.dylib
0x00007fff2a82f000 	/usr/lib/system/libcache.dylib
0x00007fff2a7eb000 	/usr/lib/system/libcommonCrypto.dylib
0x00007fff2a815000 	/usr/lib/system/libcompiler_rt.dylib
0x00007fff2a80a000 	/usr/lib/system/libcopyfile.dylib
0x00007fff203b8000 	/usr/lib/system/libcorecrypto.dylib
0x00007fff20485000 	/usr/lib/system/libdispatch.dylib
0x00007fff20639000 	/usr/lib/system/libdyld.dylib
0x00007fff2a826000 	/usr/lib/system/libkeymgr.dylib
0x00007fff2dc6e000 	/usr/lib/system/liblaunch.dylib
0x00007fff2a7c9000 	/usr/lib/system/libmacho.dylib
0x00007fff29fe3000 	/usr/lib/system/libquarantine.dylib
0x00007fff2a823000 	/usr/lib/system/libremovefile.dylib
0x00007fff24e7b000 	/usr/lib/system/libsystem_asl.dylib
0x00007fff20368000 	/usr/lib/system/libsystem_blocks.dylib
0x00007fff20506000 	/usr/lib/system/libsystem_c.dylib
0x00007fff2a81d000 	/usr/lib/system/libsystem_collections.dylib
0x00007fff292d7000 	/usr/lib/system/libsystem_configuration.dylib
0x00007fff285ca000 	/usr/lib/system/libsystem_containermanager.dylib
0x00007fff2a565000 	/usr/lib/system/libsystem_coreservices.dylib
0x00007fff22a98000 	/usr/lib/system/libsystem_darwin.dylib
0x00007fff2a827000 	/usr/lib/system/libsystem_dnssd.dylib
0x00007fff20503000 	/usr/lib/system/libsystem_featureflags.dylib
0x00007fff2067e000 	/usr/lib/system/libsystem_info.dylib
0x00007fff2a780000 	/usr/lib/system/libsystem_m.dylib
0x00007fff20458000 	/usr/lib/system/libsystem_malloc.dylib
0x00007fff24e0f000 	/usr/lib/system/libsystem_networkextension.dylib
0x00007fff22eb3000 	/usr/lib/system/libsystem_notify.dylib
0x00007fff30122000 	/usr/lib/system/libsystem_product_info_filter.dylib
0x00007fff292db000 	/usr/lib/system/libsystem_sandbox.dylib
0x00007fff2a820000 	/usr/lib/system/libsystem_secinit.dylib
0x00007fff205fe000 	/usr/lib/system/libsystem_kernel.dylib
0x00007fff20674000 	/usr/lib/system/libsystem_platform.dylib
0x00007fff2062d000 	/usr/lib/system/libsystem_pthread.dylib
0x00007fff2657a000 	/usr/lib/system/libsystem_symptoms.dylib
0x00007fff203a0000 	/usr/lib/system/libsystem_trace.dylib
0x00007fff2a7f7000 	/usr/lib/system/libunwind.dylib
0x00007fff2036a000 	/usr/lib/system/libxpc.dylib
0x00007fff205e5000 	/usr/lib/libc++abi.dylib
0x00007fff204ca000 	/usr/lib/libobjc.A.dylib
0x00007fff2a802000 	/usr/lib/liboah.dylib
0x00007fff2058f000 	/usr/lib/libc++.1.dylib
0x00007fff206aa000 	/System/Library/Frameworks/CoreFoundation.framework/Versions/A/CoreFoundation
0x00007fff21457000 	/System/Library/Frameworks/Foundation.framework/Versions/C/Foundation
0x00007fff22f0b000 	/System/Library/Frameworks/AppKit.framework/Versions/C/AppKit
0x00007fff25da3000 	/System/Library/Frameworks/CoreData.framework/Versions/A/CoreData
0x00007fff23c6e000 	/System/Library/PrivateFrameworks/UIFoundation.framework/Versions/A/UIFoundation
0x00007fff2fe9b000 	/System/Library/PrivateFrameworks/RemoteViewServices.framework/Versions/A/RemoteViewServices
0x00007fff28c94000 	/System/Library/PrivateFrameworks/XCTTargetBootstrap.framework/Versions/A/XCTTargetBootstrap
0x00007fff2b975000 	/usr/lib/libspindump.dylib
0x00007fff23ec3000 	/System/Library/Frameworks/UniformTypeIdentifiers.framework/Versions/A/UniformTypeIdentifiers
0x00007fff2746a000 	/usr/lib/libapp_launch_measurement.dylib
0x00007fff2746d000 	/System/Library/PrivateFrameworks/CoreAutoLayout.framework/Versions/A/CoreAutoLayout
0x00007fff285f6000 	/System/Library/Frameworks/Metal.framework/Versions/A/Metal
0x00007fff292e6000 	/usr/lib/liblangid.dylib
0x00007fff28c98000 	/System/Library/PrivateFrameworks/CoreSVG.framework/Versions/A/CoreSVG
0x00007fff24eaa000 	/System/Library/PrivateFrameworks/SkyLight.framework/Versions/A/SkyLight
0x00007fff25211000 	/System/Library/Frameworks/CoreGraphics.framework/Versions/A/CoreGraphics
0x00007fff304f2000 	/System/Library/Frameworks/Accelerate.framework/Versions/A/Accelerate
0x00007fff2b3b0000 	/System/Library/PrivateFrameworks/IconServices.framework/Versions/A/IconServices
0x00007fff285db000 	/System/Library/Frameworks/IOSurface.framework/Versions/A/IOSurface
0x00007fff2672c000 	/usr/lib/libDiagnosticMessagesClient.dylib
0x00007fff28c80000 	/System/Library/PrivateFrameworks/DFRFoundation.framework/Versions/A/DFRFoundation
0x00007fff22836000 	/usr/lib/libicucore.A.dylib
0x00007fff2cebc000 	/System/Library/Frameworks/AudioToolbox.framework/Versions/A/AudioToolbox
0x00007fff2c161000 	/System/Library/PrivateFrameworks/DataDetectorsCore.framework/Versions/A/DataDetectorsCore
0x00007fff28980000 	/System/Library/Frameworks/Carbon.framework/Versions/A/Frameworks/HIToolbox.framework/Versions/A/HIToolbox
0x00007fff26ec5000 	/System/Library/Frameworks/QuartzCore.framework/Versions/A/QuartzCore
0x00007fff2fed7000 	/System/Library/Frameworks/Carbon.framework/Versions/A/Frameworks/SpeechRecognition.framework/Versions/A/SpeechRecognition
0x00007fff271d2000 	/System/Library/PrivateFrameworks/CoreUI.framework/Versions/A/CoreUI
0x00007fff21e3f000 	/System/Library/Frameworks/CoreAudio.framework/Versions/A/CoreAudio
0x00007fff26817000 	/System/Library/Frameworks/DiskArbitration.framework/Versions/A/DiskArbitration
0x00007fff2bd70000 	/System/Library/PrivateFrameworks/MultitouchSupport.framework/Versions/A/MultitouchSupport
0x00007fff2c158000 	/System/Library/PrivateFrameworks/InternationalSupport.framework/Versions/A/InternationalSupport
0x00007fff24e1e000 	/usr/lib/libenergytrace.dylib
0x00007fff22e04000 	/System/Library/Frameworks/IOKit.framework/Versions/A/IOKit
0x00007fff30224000 	/System/Library/Frameworks/CoreServices.framework/Versions/A/CoreServices
0x00007fff27400000 	/System/Library/PrivateFrameworks/PerformanceAnalysis.framework/Versions/A/PerformanceAnalysis
0x00007fff6cb8e000 	/System/Library/Frameworks/OpenGL.framework/Versions/A/OpenGL
0x00007fff2c1dd000 	/System/Library/PrivateFrameworks/UserActivity.framework/Versions/A/UserActivity
0x00007fff258a5000 	/System/Library/Frameworks/ColorSync.framework/Versions/A/ColorSync
0x00007fff28efd000 	/System/Library/Frameworks/CoreImage.framework/Versions/A/CoreImage
0x00007fff21c56000 	/System/Library/Frameworks/CoreText.framework/Versions/A/CoreText
0x00007fff28cc2000 	/System/Library/Frameworks/ImageIO.framework/Versions/A/ImageIO
0x00007fff2a83b000 	/System/Library/PrivateFrameworks/SoftLinking.framework/Versions/A/SoftLinking
0x00007fff274b6000 	/usr/lib/libxml2.2.dylib
0x00007fff2aaad000 	/usr/lib/libcompression.dylib
0x00007fff24e1f000 	/usr/lib/libMobileGestalt.dylib
0x00007fff2c08b000 	/System/Library/PrivateFrameworks/TextureIO.framework/Versions/A/TextureIO
0x00007fff2b0d3000 	/usr/lib/libate.dylib
0x00007fff2aeb8000 	/usr/lib/liblzma.5.dylib
0x00007fff2116b000 	/System/Library/Frameworks/SystemConfiguration.framework/Versions/A/SystemConfiguration
0x00007fff2a837000 	/usr/lib/libfakelink.dylib
0x00007fff24971000 	/System/Library/Frameworks/CFNetwork.framework/Versions/A/CFNetwork
0x00007fff2a977000 	/usr/lib/libarchive.2.dylib
0x00007fff211e9000 	/usr/lib/libCRFSuite.dylib
0x00007fff2a00a000 	/usr/lib/libbsm.0.dylib
0x00007fff2432d000 	/usr/lib/libnetwork.dylib
0x00007fff2a83c000 	/usr/lib/libpcap.A.dylib
0x00007fff26573000 	/usr/lib/libdns_services.dylib
0x00007fff2aed1000 	/usr/lib/libcoretls_cfhelpers.dylib
0x00007fff2aa7b000 	/usr/lib/libapple_nghttp2.dylib
0x00007fff2a7cf000 	/usr/lib/system/libkxld.dylib
0x00007fff261d9000 	/usr/lib/libsqlite3.dylib
0x00007fff2a547000 	/System/Library/PrivateFrameworks/AppleFSCompression.framework/Versions/A/AppleFSCompression
0x00007fff29ff2000 	/usr/lib/libcoretls.dylib
0x00007fff2aaa8000 	/usr/lib/libpam.2.dylib
0x00007fff2afce000 	/usr/lib/libxar.1.dylib
0x00007fff292e2000 	/System/Library/PrivateFrameworks/AppleSystemInfo.framework/Versions/A/AppleSystemInfo
0x00007fff29c35000 	/System/Library/PrivateFrameworks/IOMobileFramebuffer.framework/Versions/A/IOMobileFramebuffer
0x00007fff2a557000 	/usr/lib/libbz2.1.0.dylib
0x00007fff2a874000 	/usr/lib/libiconv.2.dylib
0x00007fff2a7c8000 	/usr/lib/libcharset.1.dylib
0x00007fff2743c000 	/System/Library/Frameworks/CoreServices.framework/Versions/A/Frameworks/FSEvents.framework/Versions/A/FSEvents
0x00007fff22aa2000 	/System/Library/Frameworks/CoreServices.framework/Versions/A/Frameworks/CarbonCore.framework/Versions/A/CarbonCore
0x00007fff2677c000 	/System/Library/Frameworks/CoreServices.framework/Versions/A/Frameworks/Metadata.framework/Versions/A/Metadata
0x00007fff2a56a000 	/System/Library/Frameworks/CoreServices.framework/Versions/A/Frameworks/OSServices.framework/Versions/A/OSServices
0x00007fff2a9e9000 	/System/Library/Frameworks/CoreServices.framework/Versions/A/Frameworks/SearchKit.framework/Versions/A/SearchKit
0x00007fff264fd000 	/System/Library/Frameworks/CoreServices.framework/Versions/A/Frameworks/AE.framework/Versions/A/AE
0x00007fff20b46000 	/System/Library/Frameworks/CoreServices.framework/Versions/A/Frameworks/LaunchServices.framework/Versions/A/LaunchServices
0x00007fff2ae69000 	/System/Library/Frameworks/CoreServices.framework/Versions/A/Frameworks/DictionaryServices.framework/Versions/A/DictionaryServices
0x00007fff27445000 	/System/Library/Frameworks/CoreServices.framework/Versions/A/Frameworks/SharedFileList.framework/Versions/A/SharedFileList
0x00007fff29fe6000 	/usr/lib/libCheckFix.dylib
0x00007fff24e92000 	/System/Library/PrivateFrameworks/TCC.framework/Versions/A/TCC
0x00007fff292e8000 	/System/Library/PrivateFrameworks/CoreNLP.framework/Versions/A/CoreNLP
0x00007fff2672f000 	/System/Library/PrivateFrameworks/MetadataUtilities.framework/Versions/A/MetadataUtilities
0x00007fff2121f000 	/usr/lib/libmecabra.dylib
0x00007fff2a2f9000 	/System/Library/Frameworks/MLCompute.framework/Versions/A/MLCompute
0x00007fff2a01b000 	/usr/lib/libmecab.dylib
0x00007fff2a065000 	/usr/lib/libgermantok.dylib
0x00007fff2aa51000 	/usr/lib/libThaiTokenizer.dylib
0x00007fff2b009000 	/usr/lib/libChineseTokenizer.dylib
0x00007fff2aaa6000 	/System/Library/Frameworks/MetalPerformanceShaders.framework/Versions/A/MetalPerformanceShaders
0x00007fff2681e000 	/System/Library/Frameworks/Accelerate.framework/Versions/A/Frameworks/vImage.framework/Versions/A/vImage
0x00007fff301fd000 	/System/Library/Frameworks/Accelerate.framework/Versions/A/Frameworks/vecLib.framework/Versions/A/vecLib
0x00007fff2b014000 	/System/Library/Frameworks/Accelerate.framework/Versions/A/Frameworks/vecLib.framework/Versions/A/libvMisc.dylib
0x00007fff29a4e000 	/System/Library/Frameworks/Accelerate.framework/Versions/A/Frameworks/vecLib.framework/Versions/A/libvDSP.dylib
0x00007fff20e4a000 	/System/Library/Frameworks/Accelerate.framework/Versions/A/Frameworks/vecLib.framework/Versions/A/libBLAS.dylib
0x00007fff2aacc000 	/System/Library/Frameworks/Accelerate.framework/Versions/A/Frameworks/vecLib.framework/Versions/A/libLAPACK.dylib
0x00007fff2a06b000 	/System/Library/Frameworks/Accelerate.framework/Versions/A/Frameworks/vecLib.framework/Versions/A/libLinearAlgebra.dylib
0x00007fff2aa93000 	/System/Library/Frameworks/Accelerate.framework/Versions/A/Frameworks/vecLib.framework/Versions/A/libSparseBLAS.dylib
0x00007fff2aac6000 	/System/Library/Frameworks/Accelerate.framework/Versions/A/Frameworks/vecLib.framework/Versions/A/libQuadrature.dylib
0x00007fff29390000 	/System/Library/Frameworks/Accelerate.framework/Versions/A/Frameworks/vecLib.framework/Versions/A/libBNNS.dylib
0x00007fff210fc000 	/System/Library/Frameworks/Accelerate.framework/Versions/A/Frameworks/vecLib.framework/Versions/A/libSparse.dylib
0x00007fff2927b000 	/System/Library/Frameworks/MetalPerformanceShaders.framework/Versions/A/Frameworks/MPSCore.framework/Versions/A/MPSCore
0x00007fff2a4b6000 	/System/Library/Frameworks/MetalPerformanceShaders.framework/Versions/A/Frameworks/MPSImage.framework/Versions/A/MPSImage
0x00007fff2a081000 	/System/Library/Frameworks/MetalPerformanceShaders.framework/Versions/A/Frameworks/MPSNeuralNetwork.framework/Versions/A/MPSNeuralNetwork
0x00007fff2a441000 	/System/Library/Frameworks/MetalPerformanceShaders.framework/Versions/A/Frameworks/MPSMatrix.framework/Versions/A/MPSMatrix
0x00007fff2a2a9000 	/System/Library/Frameworks/MetalPerformanceShaders.framework/Versions/A/Frameworks/MPSRayIntersector.framework/Versions/A/MPSRayIntersector
0x00007fff2a478000 	/System/Library/Frameworks/MetalPerformanceShaders.framework/Versions/A/Frameworks/MPSNDArray.framework/Versions/A/MPSNDArray
0x00007fff20d76000 	/System/Library/PrivateFrameworks/MetalTools.framework/Versions/A/MetalTools
0x00007fff292e0000 	/System/Library/PrivateFrameworks/AggregateDictionary.framework/Versions/A/AggregateDictionary
0x00007fff26707000 	/System/Library/PrivateFrameworks/CoreAnalytics.framework/Versions/A/CoreAnalytics
0x00007fff2aa53000 	/System/Library/PrivateFrameworks/AppleSauce.framework/Versions/A/AppleSauce
0x00007fff285ed000 	/System/Library/PrivateFrameworks/IOAccelerator.framework/Versions/A/IOAccelerator
0x00007fff6cb82000 	/System/Library/Frameworks/OpenGL.framework/Versions/A/Libraries/libCoreFSCache.dylib
0x00007fff217bb000 	/System/Library/PrivateFrameworks/LanguageModeling.framework/Versions/A/LanguageModeling
0x00007fff29c22000 	/System/Library/PrivateFrameworks/CoreEmoji.framework/Versions/A/CoreEmoji
0x00007fff29389000 	/System/Library/PrivateFrameworks/LinguisticData.framework/Versions/A/LinguisticData
0x00007fff210ae000 	/System/Library/PrivateFrameworks/Lexicon.framework/Versions/A/Lexicon
0x00007fff2a965000 	/usr/lib/libcmph.dylib
0x00007fff2741c000 	/System/Library/Frameworks/OpenDirectory.framework/Versions/A/Frameworks/CFOpenDirectory.framework/Versions/A/CFOpenDirectory
0x00007fff2740c000 	/System/Library/Frameworks/OpenDirectory.framework/Versions/A/OpenDirectory
0x00007fff2aed3000 	/System/Library/PrivateFrameworks/APFS.framework/Versions/A/APFS
0x00007fff29f47000 	/System/Library/Frameworks/SecurityFoundation.framework/Versions/A/SecurityFoundation
0x00007fff2afdc000 	/usr/lib/libutil.dylib
0x00007fff22dc9000 	/System/Library/PrivateFrameworks/CoreServicesStore.framework/Versions/A/CoreServicesStore
0x00007fff29fde000 	/System/Library/Frameworks/ServiceManagement.framework/Versions/A/ServiceManagement
0x00007fff2afe0000 	/usr/lib/libxslt.1.dylib
0x00007fff29fd4000 	/System/Library/PrivateFrameworks/BackgroundTaskManagement.framework/Versions/A/BackgroundTaskManagement
0x00007fff2bfd5000 	/System/Library/Frameworks/ImageIO.framework/Versions/A/Resources/libRadiance.dylib
0x00007fff2bfdf000 	/System/Library/Frameworks/ImageIO.framework/Versions/A/Resources/libJPEG.dylib
0x00007fff2bf2a000 	/System/Library/Frameworks/ImageIO.framework/Versions/A/Resources/libPng.dylib
0x00007fff2bf51000 	/System/Library/Frameworks/ImageIO.framework/Versions/A/Resources/libTIFF.dylib
0x00007fff2c034000 	/System/Library/Frameworks/ImageIO.framework/Versions/A/Resources/libGIF.dylib
0x00007fff2bc8d000 	/System/Library/Frameworks/ImageIO.framework/Versions/A/Resources/libJP2.dylib
0x00007fff2b377000 	/usr/lib/libexpat.1.dylib
0x00007fff2bc42000 	/System/Library/PrivateFrameworks/AppleJPEG.framework/Versions/A/AppleJPEG
0x00007fff28823000 	/System/Library/PrivateFrameworks/FontServices.framework/libFontParser.dylib
0x00007fff264b1000 	/System/Library/PrivateFrameworks/RunningBoardServices.framework/Versions/A/RunningBoardServices
0x00007fff2bd6c000 	/System/Library/PrivateFrameworks/WatchdogClient.framework/Versions/A/WatchdogClient
0x00007fff218a8000 	/System/Library/Frameworks/CoreDisplay.framework/Versions/A/CoreDisplay
0x00007fff28739000 	/System/Library/Frameworks/CoreMedia.framework/Versions/A/CoreMedia
0x00007fff27599000 	/System/Library/Frameworks/CoreVideo.framework/Versions/A/CoreVideo
0x00007fff2bda4000 	/System/Library/Frameworks/VideoToolbox.framework/Versions/A/VideoToolbox
0x00007fff2642f000 	/System/Library/PrivateFrameworks/BaseBoard.framework/Versions/A/BaseBoard
0x00007fff2b4bc000 	/System/Library/PrivateFrameworks/PersistentConnection.framework/Versions/A/PersistentConnection
0x00007fff261c2000 	/System/Library/PrivateFrameworks/ProtocolBuffer.framework/Versions/A/ProtocolBuffer
0x00007fff26416000 	/System/Library/PrivateFrameworks/CommonUtilities.framework/Versions/A/CommonUtilities
0x00007fff2bbd7000 	/System/Library/PrivateFrameworks/Bom.framework/Versions/A/Bom
0x00007fff2bfce000 	/System/Library/PrivateFrameworks/GPUWrangler.framework/Versions/A/GPUWrangler
0x00007fff2bfb1000 	/System/Library/PrivateFrameworks/IOPresentment.framework/Versions/A/IOPresentment
0x00007fff2bfd9000 	/System/Library/PrivateFrameworks/DSExternalDisplay.framework/Versions/A/DSExternalDisplay
0x00007fff2c039000 	/System/Library/PrivateFrameworks/CMCaptureCore.framework/Versions/A/CMCaptureCore
0x00007fff2b95c000 	/System/Library/PrivateFrameworks/AppServerSupport.framework/Versions/A/AppServerSupport
0x00007fff2da0d000 	/System/Library/PrivateFrameworks/perfdata.framework/Versions/A/perfdata
0x00007fff29f36000 	/System/Library/PrivateFrameworks/AssertionServices.framework/Versions/A/AssertionServices
0x00007fff219df000 	/System/Library/PrivateFrameworks/AudioToolboxCore.framework/Versions/A/AudioToolboxCore
0x00007fff2871c000 	/System/Library/PrivateFrameworks/caulk.framework/Versions/A/caulk
0x00007fff3d6b8000 	/System/Library/PrivateFrameworks/SystemPolicy.framework/Versions/A/SystemPolicy
0x00007fff2b16c000 	/usr/lib/libIOReport.dylib
0x00007fff2d22f000 	/usr/lib/libSMC.dylib
0x00007fff2bef7000 	/usr/lib/libAudioToolboxUtility.dylib
0x00007fff3e022000 	/usr/lib/libmis.dylib
0x00007fff6cbde000 	/System/Library/Frameworks/OpenGL.framework/Versions/A/Libraries/libGLU.dylib
0x00007fff6cba1000 	/System/Library/Frameworks/OpenGL.framework/Versions/A/Libraries/libGFXShared.dylib
0x00007fff6cdb0000 	/System/Library/Frameworks/OpenGL.framework/Versions/A/Libraries/libGL.dylib
0x00007fff6cbaa000 	/System/Library/Frameworks/OpenGL.framework/Versions/A/Libraries/libGLImage.dylib
0x00007fff6cb9e000 	/System/Library/Frameworks/OpenGL.framework/Versions/A/Libraries/libCVMSPluginSupport.dylib
0x00007fff6cb89000 	/System/Library/Frameworks/OpenGL.framework/Versions/A/Libraries/libCoreVMClient.dylib
0x00007fff6e1f1000 	/System/Library/Frameworks/OpenCL.framework/Versions/A/OpenCL
0x00007fff2b4e6000 	/System/Library/PrivateFrameworks/GraphVisualizer.framework/Versions/A/GraphVisualizer
0x00007fff2b4f5000 	/System/Library/PrivateFrameworks/FaceCore.framework/Versions/A/FaceCore
0x00007fff2b911000 	/System/Library/PrivateFrameworks/OTSVG.framework/Versions/A/OTSVG
0x00007fff27190000 	/System/Library/Frameworks/ApplicationServices.framework/Versions/A/Frameworks/ATS.framework/Versions/A/Resources/libFontRegistry.dylib
0x00007fff2b963000 	/System/Library/PrivateFrameworks/FontServices.framework/libhvf.dylib
0x00007fff2b323000 	/System/Library/PrivateFrameworks/AppleVA.framework/Versions/A/AppleVA
0x00007fff2d078000 	/System/Library/Frameworks/ApplicationServices.framework/Versions/A/Frameworks/ATS.framework/Versions/A/ATS
0x00007fff2d38a000 	/System/Library/Frameworks/ApplicationServices.framework/Versions/A/Frameworks/ColorSyncLegacy.framework/Versions/A/ColorSyncLegacy
0x00007fff2599c000 	/System/Library/Frameworks/ApplicationServices.framework/Versions/A/Frameworks/HIServices.framework/Versions/A/HIServices
0x00007fff2d36f000 	/System/Library/Frameworks/ApplicationServices.framework/Versions/A/Frameworks/LangAnalysis.framework/Versions/A/LangAnalysis
0x00007fff2c043000 	/System/Library/Frameworks/ApplicationServices.framework/Versions/A/Frameworks/PrintCore.framework/Versions/A/PrintCore
0x00007fff2d392000 	/System/Library/Frameworks/ApplicationServices.framework/Versions/A/Frameworks/QD.framework/Versions/A/QD
0x00007fff2d068000 	/System/Library/Frameworks/ApplicationServices.framework/Versions/A/Frameworks/SpeechSynthesis.framework/Versions/A/SpeechSynthesis
0x00007fff2c004000 	/System/Library/Frameworks/ApplicationServices.framework/Versions/A/Frameworks/ATSUI.framework/Versions/A/ATSUI
0x00007fff2d30f000 	/usr/lib/libcups.2.dylib
0x00007fff2d37f000 	/System/Library/PrivateFrameworks/NetAuth.framework/Versions/A/NetAuth
0x00007fff2da29000 	/System/Library/Frameworks/Kerberos.framework/Versions/A/Kerberos
0x00007fff2da39000 	/System/Library/Frameworks/GSS.framework/Versions/A/GSS
0x00007fff2d0e4000 	/usr/lib/libresolv.9.dylib
0x00007fff2b978000 	/System/Library/PrivateFrameworks/Heimdal.framework/Versions/A/Heimdal
0x00007fff337bd000 	/System/Library/Frameworks/Kerberos.framework/Versions/A/Libraries/libHeimdalProxy.dylib
0x00007fff26582000 	/System/Library/Frameworks/Network.framework/Versions/A/Network
0x00007fff2b391000 	/usr/lib/libheimdal-asn1.dylib
0x00007fff2da89000 	/System/Library/PrivateFrameworks/CommonAuth.framework/Versions/A/CommonAuth
0x00007fff275e6000 	/System/Library/PrivateFrameworks/login.framework/Versions/A/Frameworks/loginsupport.framework/Versions/A/loginsupport
0x00007fff2cfed000 	/System/Library/PrivateFrameworks/AudioSession.framework/Versions/A/AudioSession
0x00007fff2d055000 	/usr/lib/libAudioStatistics.dylib
0x00007fff2b41e000 	/System/Library/PrivateFrameworks/MediaExperience.framework/Versions/A/MediaExperience
0x00007fff2ce8a000 	/System/Library/PrivateFrameworks/AudioSession.framework/libSessionUtility.dylib
0x00007fff2da1a000 	/usr/lib/libperfcheck.dylib
0x00007fff2d39e000 	/System/Library/PrivateFrameworks/AudioResourceArbitration.framework/Versions/A/AudioResourceArbitration
0x00007fff2b39b000 	/System/Library/PrivateFrameworks/IconFoundation.framework/Versions/A/IconFoundation
0x00007fff2fec7000 	/System/Library/PrivateFrameworks/SpeechRecognitionCore.framework/Versions/A/SpeechRecognitionCore
0x0000000108000000 	/Library/Java/JavaVirtualMachines/jdk-13.0.1.jdk/Contents/Home/lib/server/libjvm.dylib
0x0000000103b3a000 	/Library/Java/JavaVirtualMachines/jdk-13.0.1.jdk/Contents/Home/lib/libverify.dylib
0x0000000103b46000 	/Library/Java/JavaVirtualMachines/jdk-13.0.1.jdk/Contents/Home/lib/libjava.dylib
0x0000000103bb5000 	/Library/Java/JavaVirtualMachines/jdk-13.0.1.jdk/Contents/Home/lib/libzip.dylib
0x0000000103bbc000 	/Library/Java/JavaVirtualMachines/jdk-13.0.1.jdk/Contents/Home/lib/libjimage.dylib
0x0000000103e3b000 	/Library/Java/JavaVirtualMachines/jdk-13.0.1.jdk/Contents/Home/lib/libnio.dylib
0x0000000103e49000 	/Library/Java/JavaVirtualMachines/jdk-13.0.1.jdk/Contents/Home/lib/libnet.dylib
0x0000000103e5c000 	/private/var/folders/dw/g5w50r755pj4ljg3nbtkzsb40000gn/T/libgdxrohan/ccbdf3b/libgdx64.dylib
0x0000000103e94000 	/Library/Java/JavaVirtualMachines/jdk-13.0.1.jdk/Contents/Home/lib/libawt.dylib
0x0000000103f2a000 	/Library/Java/JavaVirtualMachines/jdk-13.0.1.jdk/Contents/Home/lib/libmlib_image.dylib
0x00007fff6fa1e000 	/System/Library/Frameworks/JavaNativeFoundation.framework/Versions/A/JavaNativeFoundation
0x00007fff6fa2a000 	/System/Library/Frameworks/JavaRuntimeSupport.framework/Versions/A/JavaRuntimeSupport
0x00007fff3d430000 	/System/Library/Frameworks/Carbon.framework/Versions/A/Carbon
0x00007fff31e91000 	/System/Library/PrivateFrameworks/CoreSymbolication.framework/Versions/A/CoreSymbolication
0x00007fff3672a000 	/System/Library/Frameworks/Carbon.framework/Versions/A/Frameworks/CommonPanels.framework/Versions/A/CommonPanels
0x00007fff33277000 	/System/Library/Frameworks/Carbon.framework/Versions/A/Frameworks/Help.framework/Versions/A/Help
0x00007fff3672e000 	/System/Library/Frameworks/Carbon.framework/Versions/A/Frameworks/ImageCapture.framework/Versions/A/ImageCapture
0x00007fff36706000 	/System/Library/Frameworks/Carbon.framework/Versions/A/Frameworks/OpenScripting.framework/Versions/A/OpenScripting
0x00007fff36726000 	/System/Library/Frameworks/Carbon.framework/Versions/A/Frameworks/Ink.framework/Versions/A/Ink
0x00007fff3d42c000 	/System/Library/Frameworks/Carbon.framework/Versions/A/Frameworks/Print.framework/Versions/A/Print
0x00007fff36722000 	/System/Library/Frameworks/Carbon.framework/Versions/A/Frameworks/SecurityHI.framework/Versions/A/SecurityHI
0x00007fff31e54000 	/System/Library/PrivateFrameworks/DebugSymbols.framework/Versions/A/DebugSymbols
0x00000001101e1000 	/Library/Java/JavaVirtualMachines/jdk-13.0.1.jdk/Contents/Home/lib/libawt_lwawt.dylib
0x0000000103f90000 	/Library/Java/JavaVirtualMachines/jdk-13.0.1.jdk/Contents/Home/lib/libosxapp.dylib
0x00007fff3c7f0000 	/System/Library/Frameworks/ExceptionHandling.framework/Versions/A/ExceptionHandling
0x000000011028b000 	/Library/Java/JavaVirtualMachines/jdk-13.0.1.jdk/Contents/Home/lib/libfontmanager.dylib
0x0000000110389000 	/Library/Java/JavaVirtualMachines/jdk-13.0.1.jdk/Contents/Home/lib/libfreetype.dylib
0x00007fff22d8a000 	/System/Library/PrivateFrameworks/CoreServicesInternal.framework/Versions/A/CoreServicesInternal
0x00007fff313ad000 	/System/Library/Frameworks/FileProvider.framework/Versions/A/FileProvider
0x00007fff26399000 	/System/Library/Frameworks/Accounts.framework/Versions/A/Accounts
0x00007fff314ce000 	/System/Library/PrivateFrameworks/GenerationalStorage.framework/Versions/A/GenerationalStorage
0x00007fff30dcc000 	/System/Library/PrivateFrameworks/SymptomDiagnosticReporter.framework/Versions/A/SymptomDiagnosticReporter
0x00007fff2e6d2000 	/System/Library/PrivateFrameworks/AppContainer.framework/Versions/A/AppContainer
0x00007fff23ed6000 	/System/Library/PrivateFrameworks/DesktopServicesPriv.framework/Versions/A/DesktopServicesPriv
0x00007fff22ebf000 	/usr/lib/libsandbox.1.dylib
0x00007fff27612000 	/System/Library/PrivateFrameworks/UserManagement.framework/Versions/A/UserManagement
0x00007fff29f13000 	/System/Library/PrivateFrameworks/MobileKeyBag.framework/Versions/A/MobileKeyBag
0x00007fff34827000 	/System/Library/PrivateFrameworks/ChunkingLibrary.framework/Versions/A/ChunkingLibrary
0x00007fff2e6e7000 	/System/Library/PrivateFrameworks/SecCodeWrapper.framework/Versions/A/SecCodeWrapper
0x00007fff2b174000 	/System/Library/PrivateFrameworks/CrashReporterSupport.framework/Versions/A/CrashReporterSupport
0x00007fff485ab000 	/System/Library/PrivateFrameworks/OSAnalytics.framework/Versions/A/OSAnalytics
0x00007fff783b6000 	/usr/lib/libRosetta.dylib
0x00007fff33208000 	/System/Library/PrivateFrameworks/RemoteServiceDiscovery.framework/Versions/A/RemoteServiceDiscovery
0x00007fff52583000 	/System/Library/PrivateFrameworks/Symbolication.framework/Versions/A/Symbolication
0x00007fff33218000 	/System/Library/PrivateFrameworks/RemoteXPC.framework/Versions/A/RemoteXPC
0x00007fff39723000 	/System/Library/PrivateFrameworks/OSAServicesClient.framework/Versions/A/OSAServicesClient
0x00007fff3e001000 	/System/Library/PrivateFrameworks/MallocStackLogging.framework/Versions/A/MallocStackLogging
0x00007fff2e469000 	/System/Library/PrivateFrameworks/Sharing.framework/Versions/A/Sharing
0x00007fff32de5000 	/System/Library/PrivateFrameworks/Apple80211.framework/Versions/A/Apple80211
0x00007fff2a598000 	/System/Library/PrivateFrameworks/AuthKit.framework/Versions/A/AuthKit
0x00007fff29d13000 	/System/Library/PrivateFrameworks/CoreUtils.framework/Versions/A/CoreUtils
0x00007fff29c40000 	/System/Library/Frameworks/CoreWLAN.framework/Versions/A/CoreWLAN
0x00007fff2e5b1000 	/System/Library/Frameworks/IOBluetooth.framework/Versions/A/IOBluetooth
0x00007fff32e49000 	/System/Library/PrivateFrameworks/CoreWiFi.framework/Versions/A/CoreWiFi
0x00007fff2db11000 	/System/Library/PrivateFrameworks/CorePhoneNumbers.framework/Versions/A/CorePhoneNumbers
0x00007fff30ed4000 	/System/Library/PrivateFrameworks/DiskManagement.framework/Versions/A/DiskManagement
0x00007fff30dea000 	/System/Library/PrivateFrameworks/AppleIDAuthSupport.framework/Versions/A/AppleIDAuthSupport
0x00007fff2daee000 	/System/Library/PrivateFrameworks/KeychainCircle.framework/Versions/A/KeychainCircle
0x00007fff30ea0000 	/System/Library/PrivateFrameworks/MediaKit.framework/Versions/A/MediaKit
0x00007fff30df7000 	/System/Library/Frameworks/DiscRecording.framework/Versions/A/DiscRecording
0x00007fff2b297000 	/usr/lib/libCoreStorage.dylib
0x00007fff33283000 	/usr/lib/libcsfde.dylib
0x00007fff2e6eb000 	/System/Library/PrivateFrameworks/ProtectedCloudStorage.framework/Versions/A/ProtectedCloudStorage
0x00007fff3327b000 	/System/Library/PrivateFrameworks/EFILogin.framework/Versions/A/EFILogin
0x00007fff33870000 	/System/Library/Frameworks/AudioUnit.framework/Versions/A/AudioUnit
0x00007fff30d69000 	/System/Library/Frameworks/CoreBluetooth.framework/Versions/A/CoreBluetooth
0x00007fff2b28f000 	/usr/lib/libMatch.1.dylib
0x00007fff4423c000 	/System/Library/CoreServices/RawCamera.bundle/Contents/MacOS/RawCamera
0x00007fff2da9a000 	/System/Library/PrivateFrameworks/MobileAsset.framework/Versions/A/MobileAsset
0x00007fff33895000 	/System/Library/PrivateFrameworks/StreamingZip.framework/Versions/A/StreamingZip
0x00007fff2c23c000 	/System/Library/Frameworks/MediaToolbox.framework/Versions/A/MediaToolbox
0x00007fff3137f000 	/System/Library/PrivateFrameworks/CoreAVCHD.framework/Versions/A/CoreAVCHD
0x00007fff30533000 	/System/Library/Frameworks/MediaAccessibility.framework/Versions/A/MediaAccessibility
0x00007fff3137b000 	/System/Library/PrivateFrameworks/Mangrove.framework/Versions/A/Mangrove
0x00007fff3053f000 	/System/Library/PrivateFrameworks/AlgosScoreFramework.framework/Versions/A/AlgosScoreFramework
0x00007fff31d44000 	/System/Library/PrivateFrameworks/AppleVPA.framework/Versions/A/AppleVPA
0x00007fff30fc0000 	/System/Library/PrivateFrameworks/CoreAUC.framework/Versions/A/CoreAUC
0x00007fff41c2e000 	/System/Library/Frameworks/Accelerate.framework/Versions/A/Frameworks/vImage.framework/Versions/A/Libraries/libCGInterfaces.dylib
0x0000000110f0e000 	/usr/lib/libobjc-trampolines.dylib
0x00007fff27314000 	/System/Library/PrivateFrameworks/ViewBridge.framework/Versions/A/ViewBridge
0x00007fff2ba39000 	/System/Library/PrivateFrameworks/login.framework/Versions/A/login
0x000000012ccaa000 	/private/var/folders/dw/g5w50r755pj4ljg3nbtkzsb40000gn/T/libgdxrohan/f7649394/liblwjgl.dylib
0x000000012c49c000 	/Library/Java/JavaVirtualMachines/jdk-13.0.1.jdk/Contents/Home/lib/libjawt.dylib
0x000000012cd2c000 	/private/var/folders/dw/g5w50r755pj4ljg3nbtkzsb40000gn/T/libgdxrohan/f7649394/openal.dylib
0x000000012cd88000 	/System/Library/Components/CoreAudio.component/Contents/MacOS/CoreAudio
0x00007fff6cdbb000 	/System/Library/Frameworks/OpenGL.framework/Versions/A/Resources/GLEngine.bundle/GLEngine
0x00007fff6cc1b000 	/System/Library/Frameworks/OpenGL.framework/Versions/A/Libraries/libGLProgrammability.dylib
0x00007fff5ff4b000 	/System/Library/Extensions/AppleIntelKBLGraphicsGLDriver.bundle/Contents/MacOS/AppleIntelKBLGraphicsGLDriver
0x00007fff46f3d000 	/System/Library/PrivateFrameworks/GPUSupport.framework/Versions/A/Libraries/libGPUSupportMercury.dylib
0x00007fff6cf37000 	/System/Library/Frameworks/OpenGL.framework/Versions/A/Resources/GLRendererFloat.bundle/GLRendererFloat


VM Arguments:
jvm_args: -Dfile.encoding=UTF-8 -Duser.country=US -Duser.language=en -Duser.variant 
java_command: com.cs196.midcard.desktop.DesktopLauncher
java_class_path (initial): /Users/rohan/IdeaProjects/Group32-FA21/Project/group32/desktop/build/classes/java/main:/Users/rohan/IdeaProjects/Group32-FA21/Project/group32/desktop/build/resources/main:/Users/rohan/.gradle/caches/modules-2/files-2.1/com.badlogicgames.gdx/gdx-backend-lwjgl/1.10.0/58ff89d9e4fd8a82591367f187d606e781cacc05/gdx-backend-lwjgl-1.10.0.jar:/Users/rohan/.gradle/caches/modules-2/files-2.1/com.badlogicgames.gdx/gdx-platform/1.10.0/9a8fa793d2fd6d360afc6c9e4c1f5583da263b88/gdx-platform-1.10.0-natives-desktop.jar:/Users/rohan/IdeaProjects/Group32-FA21/Project/group32/core/build/libs/core-1.0.jar:/Users/rohan/.gradle/caches/modules-2/files-2.1/com.badlogicgames.gdx/gdx/1.10.0/74c240f79dc4fb6b766a834249600d0a019d0489/gdx-1.10.0.jar:/Users/rohan/.gradle/caches/modules-2/files-2.1/org.lwjgl.lwjgl/lwjgl_util/2.9.3/751f06b62424da056954c67288fd5c494431e350/lwjgl_util-2.9.3.jar:/Users/rohan/.gradle/caches/modules-2/files-2.1/org.lwjgl.lwjgl/lwjgl/2.9.3/3df168ac74e4a8c96562cdff24ad352e255bf89c/lwjgl-2.9.3.jar:/Users/rohan/.gradle/caches/modules-2/files-2.1/com.badlogicgames.jlayer/jlayer/1.0.1-gdx/7cca83cec5c1b2f011362f4d85aabd71a73b049d/jlayer-1.0.1-gdx.jar:/Users/rohan/.gradle/caches/modules-2/files-2.1/org.jcraft/jorbis/0.0.17/8872d22b293e8f5d7d56ff92be966e6dc28ebdc6/jorbis-0.0.17.jar:/Users/rohan/.gradle/caches/modules-2/files-2.1/org.lwjgl.lwjgl/lwjgl-platform/2.9.3/fbc2afb3e288578e9942578decb6291a490549a0/lwjgl-platform-2.9.3-natives-windows.jar:/Users/rohan/.gradle/caches/modules-2/files-2.1/org.lwjgl.lwjgl/lwjgl-platform/2.9.3/b1eafe80093381c56415731e1d64279e6140bcd0/lwjgl-platform-2.9.3-natives-linux.jar:/Users/rohan/.gradle/caches/modules-2/files-2.1/org.lwjgl.lwjgl/lwjgl-platform/2.9.3/6686cf6ddaa20b4290aa6599a09bc0d17369be05/lwjgl-platform-2.9.3-natives-osx.jar:/Users/rohan/.gradle/caches/modules-2/files-2.1/net.java.jinput/jinput/2.0.5/39c7796b469a600f72380316f6b1f11db6c2c7c4/jinput-2.0.5.jar:/Users/rohan/.gradle/caches/modules-2/files-2.1/net.j
Launcher Type: SUN_STANDARD

[Global flags]
     intx CICompilerCount                          = 4                                         {product} {ergonomic}
     uint ConcGCThreads                            = 2                                         {product} {ergonomic}
     uint G1ConcRefinementThreads                  = 8                                         {product} {ergonomic}
   size_t G1HeapRegionSize                         = 1048576                                   {product} {ergonomic}
    uintx GCDrainStackTargetSize                   = 64                                        {product} {ergonomic}
   size_t InitialHeapSize                          = 134217728                                 {product} {ergonomic}
   size_t MarkStackSize                            = 4194304                                   {product} {ergonomic}
   size_t MaxHeapSize                              = 2147483648                                {product} {ergonomic}
   size_t MaxNewSize                               = 1287651328                                {product} {ergonomic}
   size_t MinHeapDeltaBytes                        = 1048576                                   {product} {ergonomic}
   size_t MinHeapSize                              = 8388608                                   {product} {ergonomic}
    uintx NonNMethodCodeHeapSize                   = 5836300                                {pd product} {ergonomic}
    uintx NonProfiledCodeHeapSize                  = 122910970                              {pd product} {ergonomic}
    uintx ProfiledCodeHeapSize                     = 122910970                              {pd product} {ergonomic}
    uintx ReservedCodeCacheSize                    = 251658240                              {pd product} {ergonomic}
     bool SegmentedCodeCache                       = true                                      {product} {ergonomic}
   size_t SoftMaxHeapSize                          = 2147483648                             {manageable} {ergonomic}
     bool UseCompressedClassPointers               = true                                 {lp64_product} {ergonomic}
     bool UseCompressedOops                        = true                                 {lp64_product} {ergonomic}
     bool UseG1GC                                  = true                                      {product} {ergonomic}

Logging:
Log output configuration:
 #0: stdout all=warning uptime,level,tags
 #1: stderr all=off uptime,level,tags

Environment Variables:
PATH=/usr/local/bin:/usr/bin:/bin:/usr/sbin:/sbin:/Applications/VMware Fusion.app/Contents/Public:/usr/local/share/dotnet:~/.dotnet/tools:/Library/Apple/usr/bin:/Library/Frameworks/Mono.framework/Versions/Current/Commands
SHELL=/bin/zsh

Signal Handlers:
SIGSEGV: [libjvm.dylib+0x781570], sa_mask[0]=11111111011111110111111111111111, sa_flags=SA_ONSTACK|SA_RESTART|SA_SIGINFO
SIGBUS: [libjvm.dylib+0x781570], sa_mask[0]=11111111011111110111111111111111, sa_flags=SA_RESTART|SA_SIGINFO
SIGFPE: [libjvm.dylib+0x781570], sa_mask[0]=11111111011111110111111111111111, sa_flags=SA_RESTART|SA_SIGINFO
SIGPIPE: [libjvm.dylib+0x627f75], sa_mask[0]=11111111011111110111111111111111, sa_flags=SA_RESTART|SA_SIGINFO
SIGXFSZ: [libjvm.dylib+0x627f75], sa_mask[0]=11111111011111110111111111111111, sa_flags=SA_RESTART|SA_SIGINFO
SIGILL: [libjvm.dylib+0x781570], sa_mask[0]=11111111011111110111111111111111, sa_flags=SA_RESTART|SA_SIGINFO
SIGUSR2: [libjvm.dylib+0x62855f], sa_mask[0]=00100000000000000000000000000000, sa_flags=SA_RESTART|SA_SIGINFO
SIGHUP: [libjvm.dylib+0x62754d], sa_mask[0]=11111111011111110111111111111111, sa_flags=SA_RESTART|SA_SIGINFO
SIGINT: [libjvm.dylib+0x62754d], sa_mask[0]=11111111011111110111111111111111, sa_flags=SA_RESTART|SA_SIGINFO
SIGTERM: [libjvm.dylib+0x62754d], sa_mask[0]=11111111011111110111111111111111, sa_flags=SA_RESTART|SA_SIGINFO
SIGQUIT: [libjvm.dylib+0x62754d], sa_mask[0]=11111111011111110111111111111111, sa_flags=SA_RESTART|SA_SIGINFO


---------------  S Y S T E M  ---------------

OS:uname:Darwin 20.3.0 Darwin Kernel Version 20.3.0: Thu Jan 21 00:07:06 PST 2021; root:xnu-7195.81.3~1/RELEASE_X86_64 x86_64
rlimit: STACK 8192k, CORE 0k, NPROC 1392, NOFILE 10240, AS infinity, DATA infinity, FSIZE infinity
load average:3.34 2.73 2.54

CPU:total 8 (initial active 8) (4 cores per cpu, 2 threads per core) family 6 model 142 stepping 10, cmov, cx8, fxsr, mmx, sse, sse2, sse3, ssse3, sse4.1, sse4.2, popcnt, avx, avx2, aes, clmul, erms, 3dnowpref, lzcnt, ht, tsc, tscinvbit, bmi1, bmi2, adx, fma

Memory: 4k page, physical 8388608k(25872k free), swap 8388608k(1463552k free)

vm_info: Java HotSpot(TM) 64-Bit Server VM (13.0.1+9) for bsd-amd64 JRE (13.0.1+9), built on Oct  6 2019 11:43:59 by "mach5one" with clang 4.2.1 Compatible Apple LLVM 10.0.0 (clang-1000.11.45.5)

END.
